\BOOKMARK [0][-]{part.1}{\376\377\000I\000\040\000A\000r\000c\000h\000i\000t\000e\000c\000t\000u\000r\000e\000\040\000a\000n\000d\000\040\000t\000h\000e\000\040\000d\000e\000r\000i\000v\000a\000t\000i\000o\000n\000\040\000m\000a\000p}{}% 1
\BOOKMARK [1][-]{section.1}{\376\377\000H\000o\000w\000\040\000t\000o\000\040\000r\000e\000a\000d\000\040\000t\000h\000i\000s\000\040\000d\000o\000c\000u\000m\000e\000n\000t}{part.1}% 2
\BOOKMARK [1][-]{section.2}{\376\377\000H\000e\000a\000d\000l\000i\000n\000e\000:\000\040\000t\000h\000e\000\040\000P\000a\000s\000c\000a\000l\000\040\000c\000o\000m\000p\000i\000l\000e\000r\000\040\000o\000n\000\040\000f\000i\000v\000e\000\040\000c\000a\000r\000r\000i\000e\000r\000\040\000s\000l\000o\000t\000s}{part.1}% 3
\BOOKMARK [2][-]{subsection.2.1}{\376\377\000g\000c\000a\000r\000=\0005\000\040\000a\000s\000\040\000t\000h\000e\000\040\000P\000a\000s\000c\000a\000l\000\040\000c\000l\000o\000s\000u\000r\000e}{section.2}% 4
\BOOKMARK [2][-]{subsection.2.2}{\376\377\000O\000n\000e\000\040\000m\000a\000s\000t\000e\000r\000\040\000m\000o\000m\000e\000n\000t\000\040\000g\000e\000n\000e\000r\000a\000t\000e\000s\000\040\0004\0000\000,\000\040\0004\0001\000,\000\040\0002\0004\0000\000,\000\040\0002}{section.2}% 5
\BOOKMARK [2][-]{subsection.2.3}{\376\377\000C\000o\000m\000p\000a\000c\000t\000\040\000E\0008\000\040\000c\000o\000m\000p\000r\000e\000s\000s\000i\000o\000n\000\040\000a\000n\000d\000\040\000t\000h\000e\000\040\000r\000o\000l\000e\000\040\000o\000f\000\040\000c}{section.2}% 6
\BOOKMARK [1][-]{section.3}{\376\377\000T\000h\000e\000\040\000D\0005\000A\0003\000\040\000c\000o\000m\000p\000i\000l\000e\000r\000:\000\040\000E\0008\000\040\000a\000s\000\040\000a\000\040\000c\000l\000o\000s\000u\000r\000e\000,\000\040\000n\000o\000t\000\040\000a\000n\000\040\000i\000n\000p\000u\000t}{part.1}% 7
\BOOKMARK [2][-]{subsection.3.1}{\376\377\000C\000a\000r\000r\000i\000e\000r\000\040\000=\000D\0005\000=\000s\000o\0001\0000\000\040\000\050\000p\000r\000o\000v\000e\000d\000\051}{section.3}% 8
\BOOKMARK [2][-]{subsection.3.2}{\376\377\000F\000a\000m\000i\000l\000y\000\040\000=\000A\0003\000=\000s\000u\0004\000\040\000f\000r\000o\000m\000\040\000P\0001\0004\000\040\000\050\000p\000r\000o\000v\000e\000d\000,\000\040\000w\000i\000t\000h\000\040\000t\000h\000e\000\040\000m\000e\000t\000r\000i\000c\000\040\000s\000e\000t\000t\000l\000e\000d\000\051}{section.3}% 9
\BOOKMARK [2][-]{subsection.3.3}{\376\377\000T\000h\000e\000\040\0004\000\040\000g\000l\000u\000e\000\040\000a\000n\000d\000\040\000t\000h\000e\000\040\0005\000/\0004\000+\0003\000/\0004\000=\0002\000\040\000d\000i\000s\000c\000r\000i\000m\000i\000n\000a\000n\000t\000\040\000t\000h\000e\000o\000r\000e\000m\000\040\000\050\000p\000r\000o\000v\000e\000d\000\051}{section.3}% 10
\BOOKMARK [2][-]{subsection.3.4}{\376\377\000G\000l\000u\000e\000-\000n\000o\000r\000m\000\040\000a\000r\000i\000t\000h\000m\000e\000t\000i\000c\000,\000\040\000a\000n\000d\000\040\000t\000h\000r\000e\000e\000\040\000r\000e\000a\000d\000i\000n\000g\000s\000\040\000o\000f\000\040\0004\0001\000,\000\040\0006\0000\000,\000\040\0001\0002\0000}{section.3}% 11
\BOOKMARK [2][-]{subsection.3.5}{\376\377\000W\000h\000a\000t\000\040\000t\000h\000e\000\040\000c\000o\000m\000p\000i\000l\000e\000r\000\040\000o\000u\000t\000p\000u\000t\000s\000\040\000f\000o\000r\000\040\000t\000h\000e\000\040\000S\000t\000a\000n\000d\000a\000r\000d\000\040\000M\000o\000d\000e\000l\000\040\000a\000n\000d\000\040\000o\000u\000r\000\040\000r\000e\000a\000l\000i\000t\000y}{section.3}% 12
\BOOKMARK [1][-]{section.4}{\376\377\000G\000r\000a\000m\000m\000a\000r\000\040\000I\000\040\040\024\000\040\000t\000h\000e\000\040\000c\000a\000r\000r\000i\000e\000r\000\040\000g\000r\000a\000m\000m\000a\000r\000\040\000\050\0003\000+\0002\000\051}{part.1}% 13
\BOOKMARK [2][-]{subsection.4.1}{\376\377\000D\000u\000a\000l\000-\000r\000o\000o\000t\000\040\000d\000i\000c\000t\000i\000o\000n\000a\000r\000y\000\040\000\050\000e\000v\000e\000r\000y\000t\000h\000i\000n\000g\000\040\000f\000r\000o\000m\000\040\000t\000w\000o\000\040\000c\000h\000a\000r\000g\000e\000s\000\051}{section.4}% 14
\BOOKMARK [2][-]{subsection.4.2}{\376\377\000C\000a\000r\000r\000i\000e\000r\000\040\000a\000r\000i\000t\000h\000m\000e\000t\000i\000c\000\040\000\050\000p\000r\000o\000v\000e\000d\000\040\000i\000d\000e\000n\000t\000i\000t\000i\000e\000s\000\051}{section.4}% 15
\BOOKMARK [1][-]{section.5}{\376\377\000G\000r\000a\000m\000m\000a\000r\000\040\000I\000I\000\040\040\024\000\040\000t\000h\000e\000\040\000s\000e\000e\000d\000\040\000g\000r\000a\000m\000m\000a\000r\000\040\000\050\000o\000n\000e\000\040\000d\000e\000c\000o\000d\000e\000r\000\040\000u\000\051}{part.1}% 16
\BOOKMARK [1][-]{section.6}{\376\377\000G\000r\000a\000m\000m\000a\000r\000\040\000I\000I\000I\000\040\040\024\000\040\000t\000h\000e\000\040\000a\000c\000t\000i\000o\000n\000\040\000g\000r\000a\000m\000m\000a\000r\000\040\000\050\000e\000x\000p\000o\000n\000e\000n\000t\000i\000a\000l\000s\000\040\000o\000f\000\040\000-\0001\000\051}{part.1}% 17
\BOOKMARK [2][-]{subsection.6.1}{\376\377\000T\000h\000e\000\040\000E\000M\000\040\000c\000l\000o\000s\000u\000r\000e\000:\000\040\000-\0001\000\040\000a\000s\000\040\000a\000n\000\040\000e\000x\000p\000l\000i\000c\000i\000t\000\040\000f\000i\000x\000e\000d\000\040\000p\000o\000i\000n\000t\000\040\000\050\000m\000a\000d\000e\000\040\000e\000x\000p\000l\000i\000c\000i\000t\000\040\000h\000e\000r\000e\000\051}{section.6}% 18
\BOOKMARK [2][-]{subsection.6.2}{\376\377\000T\000h\000e\000\040\000d\000e\000c\000u\000p\000l\000e\000\040\000b\000r\000i\000d\000g\000e\000\040\000\050\000n\000e\000w\000,\000\040\000e\000x\000a\000c\000t\000\040\000h\000e\000a\000d\000l\000i\000n\000e\000\051}{section.6}% 19
\BOOKMARK [2][-]{subsection.6.3}{\376\377\000T\000h\000e\000\040\000f\000u\000l\000l\000\040\000p\000o\000w\000e\000r\000\040\000t\000o\000w\000e\000r\000:\000\040\000x\0001\000,\000x\0005\000,\000x\0001\0000\000\040\000o\000n\000\040\000t\000h\000e\000\040\000c\000a\000r\000r\000i\000e\000r\000\040\000g\000r\000a\000p\000h\000\040\000K\0005}{section.6}% 20
\BOOKMARK [2][-]{subsection.6.4}{\376\377\000H\000u\000b\000b\000l\000e\000\040\000i\000s\000\040\000t\000h\000e\000\040\000s\000q\000u\000a\000r\000e\000\040\000r\000o\000o\000t\000\040\000o\000f\000\040\000\040\000\050\000c\000o\000r\000o\000l\000l\000a\000r\000y\000,\000\040\000e\000x\000a\000c\000t\000\051}{section.6}% 21
\BOOKMARK [2][-]{subsection.6.5}{\376\377\000T\000h\000e\000\040\0001\0002\0003\000\040\000o\000r\000d\000e\000r\000s\000\040\000o\000f\000\040\000t\000h\000e\000\040\000c\000o\000s\000m\000o\000l\000o\000g\000i\000c\000a\000l\000\040\000c\000o\000n\000s\000t\000a\000n\000t}{section.6}% 22
\BOOKMARK [2][-]{subsection.6.6}{\376\377\000T\000h\000e\000\040\000l\000a\000d\000d\000e\000r\000\040\000i\000s\000\040\000b\000i\000n\000o\000m\000i\000a\000l\000;\000\040\0002\000g\000c\000a\000r\000=\000\040\000r\000e\000p\000s\000t\000o\000p\000d\000f\000\050\000\051\000g\000c\000a\000r\0002\000\040\000s\000i\000n\000g\000l\000e\000s\000\040\000o\000u\000t\000\040\000g\000c\000a\000r\000=\0005}{section.6}% 23
\BOOKMARK [2][-]{subsection.6.7}{\376\377\000D\000i\000s\000c\000r\000i\000m\000i\000n\000a\000n\000t\000\040\000a\000c\000t\000i\000o\000n\000\040\000t\000h\000e\000o\000r\000e\000m\000:\000\040\000t\000h\000e\000\040\000l\000a\000d\000d\000e\000r\000\040\000r\000e\000a\000d\000s\000\040\000t\000h\000e\000\040\000h\000y\000p\000e\000r\000c\000h\000a\000r\000g\000e\000\040\000d\000i\000s\000c\000r\000i\000m\000i\000n\000a\000n\000t}{section.6}% 24
\BOOKMARK [2][-]{subsection.6.8}{\376\377\000A\000\040\000t\000w\000o\000-\000d\000i\000m\000e\000n\000s\000i\000o\000n\000a\000l\000\040\000a\000c\000t\000i\000o\000n\000\040\000l\000a\000t\000t\000i\000c\000e}{section.6}% 25
\BOOKMARK [1][-]{section.7}{\376\377\000T\000h\000e\000\040\000E\000i\000n\000s\000t\000e\000i\000n\000\040\000n\000o\000r\000m\000a\000l\000i\000s\000e\000r\000\040\000a\000s\000\040\000a\000\040\000c\000o\000r\000r\000e\000c\000t\000e\000d\000\040\000t\000r\000e\000e\000\040\000v\000a\000l\000u\000e}{part.1}% 26
\BOOKMARK [1][-]{section.8}{\376\377\000-\000a\000n\000c\000h\000o\000r\000e\000d\000\040\000m\000e\000t\000r\000o\000l\000o\000g\000y\000\040\000c\000l\000o\000s\000u\000r\000e\000,\000\040\000a\000n\000d\000\040\000t\000w\000o\000\040\000a\000n\000c\000h\000o\000r\000s}{part.1}% 27
\BOOKMARK [1][-]{section.9}{\376\377\000T\000h\000e\000\040\000l\000a\000n\000d\000s\000c\000a\000p\000e\000:\000\040\000g\000c\000a\000r\000=\0005\000\040\000i\000s\000\040\000o\000v\000e\000r\000d\000e\000t\000e\000r\000m\000i\000n\000e\000d}{part.1}% 28
\BOOKMARK [1][-]{section.10}{\376\377\000T\000h\000e\000\040\000E\0008\000\040\000c\000a\000r\000r\000i\000e\000r\000\040\000a\000t\000l\000a\000s\000\040\040\024\000\040\000s\000t\000a\000t\000e\000d\000\040\000u\000n\000a\000m\000b\000i\000g\000u\000o\000u\000s\000l\000y}{part.1}% 29
\BOOKMARK [2][-]{subsection.10.1}{\376\377\000L\000e\000v\000e\000l\000\040\0001\000\040\040\024\000\040\000o\000r\000i\000g\000i\000n\000a\000l\000\040\000E\0008\000\040\000d\000a\000t\000a\000\040\000o\000f\000\040\000t\000h\000e\000\040\000s\000e\000r\000i\000e\000s\000\040\000\050\000[\000I\000]\000\051}{section.10}% 30
\BOOKMARK [2][-]{subsection.10.2}{\376\377\000L\000e\000v\000e\000l\000\040\0002\000\040\040\024\000\040\000n\000e\000w\000\040\000e\000x\000a\000c\000t\000\040\000c\000o\000u\000n\000t\000i\000n\000g\000\040\000i\000d\000e\000n\000t\000i\000t\000i\000e\000s\000\040\000\050\000[\000I\000]\000\051}{section.10}% 31
\BOOKMARK [2][-]{subsection.10.3}{\376\377\000L\000e\000v\000e\000l\000\040\0002\000.\0005\000\040\040\024\000\040\000t\000h\000e\000\040\000e\000v\000e\000n\000-\000f\000l\000i\000p\000\040\000t\000r\000a\000n\000s\000i\000t\000i\000o\000n\000\040\000a\000t\000l\000a\000s\000\040\000\050\000a\000\040\000f\000a\000l\000s\000i\000f\000i\000a\000b\000l\000e\000\040\000p\000r\000o\000g\000r\000a\000m\000\051}{section.10}% 32
\BOOKMARK [2][-]{subsection.10.4}{\376\377\000L\000e\000v\000e\000l\000\040\0002\000.\0007\000\040\040\024\000\040\000t\000h\000e\000\040\000c\000a\000r\000r\000i\000e\000r\000\040\000C\000o\000x\000e\000t\000e\000r\000\040\000t\000h\000e\000o\000r\000e\000m\000\040\000\050\000t\000h\000e\000\040\000s\000t\000r\000o\000n\000g\000e\000s\000t\000\040\000n\000e\000w\000\040\000b\000r\000i\000d\000g\000e\000\051}{section.10}% 33
\BOOKMARK [2][-]{subsection.10.5}{\376\377\000L\000e\000v\000e\000l\000\040\0002\000.\0008\000\040\040\024\000\040\000p\000o\000s\000i\000t\000i\000v\000e\000-\000r\000o\000o\000t\000\040\000m\000o\000m\000e\000n\000t\000:\000\040\000|\000R\000+\000\050\000E\0008\000\051\000|\000=\000T\000r\000S\000+\000X\0002\000=\0005\000!}{section.10}% 34
\BOOKMARK [2][-]{subsection.10.6}{\376\377\000L\000e\000v\000e\000l\000\040\0002\000.\0009\000\040\040\024\000\040\000t\000h\000e\000\040\0002\0003\0005\000\040\000C\000o\000x\000e\000t\000e\000r\000\040\000c\000y\000c\000l\000o\000t\000o\000m\000i\000c\000\040\000c\000o\000m\000p\000i\000l\000e\000r\000\040\000\050\000m\000e\000t\000a\000-\000t\000h\000e\000o\000r\000e\000m\000\051}{section.10}% 35
\BOOKMARK [2][-]{subsection.10.7}{\376\377\000L\000e\000v\000e\000l\000\040\0003\000\040\040\024\000\040\000c\000o\000n\000j\000e\000c\000t\000u\000r\000a\000l\000\040\000g\000e\000o\000m\000e\000t\000r\000i\000c\000\040\000r\000e\000a\000d\000i\000n\000g\000s\000\040\000\050\000[\000P\000]\000\051}{section.10}% 36
\BOOKMARK [1][-]{section.11}{\376\377\000Z\0006\000\040\000m\000o\000n\000o\000d\000r\000o\000m\000y\000,\000\040\000f\000l\000a\000v\000o\000r\000\040\000a\000n\000d\000\040\000C\000P\000\040\000r\000e\000a\000d\000o\000u\000t\000s}{part.1}% 37
\BOOKMARK [2][-]{subsection.11.1}{\376\377\000C\000P\000\040\000a\000s\000\040\000t\000r\000i\000p\000l\000e\000\040\000s\000e\000e\000d\000\040\000v\000a\000r\000i\000a\000n\000c\000e\000;\000\040\000a\000\040\000c\000l\000o\000s\000e\000d\000\040\000o\000b\000s\000e\000r\000v\000a\000b\000l\000e\000\040\000q\000u\000a\000d\000r\000i\000l\000a\000t\000e\000r\000a\000l}{section.11}% 38
\BOOKMARK [1][-]{section.12}{\376\377\000M\000a\000s\000s\000\040\000h\000i\000e\000r\000a\000r\000c\000h\000y\000\040\000a\000s\000\040\000a\000\040\000h\000e\000x\000a\000g\000o\000n\000\040\000w\000i\000t\000h\000\040\000o\000n\000e\000\040\000e\000x\000t\000r\000a\000\040\000t\000u\000r\000n}{part.1}% 39
\BOOKMARK [2][-]{subsection.12.1}{\376\377\000L\000e\000p\000t\000o\000n\000\040\000f\000l\000a\000v\000o\000r\000\040\000d\000e\000c\000u\000p\000l\000e\000:\000\040\000t\000h\000e\000\040\000c\000h\000a\000r\000g\000e\000d\000-\000l\000e\000p\000t\000o\000n\000\040\000d\000e\000t\000e\000r\000m\000i\000n\000a\000n\000t\000\040\000c\000a\000r\000r\000i\000e\000s\000\040\000u\0001\0000}{section.12}% 40
\BOOKMARK [2][-]{subsection.12.2}{\376\377\000W\000h\000y\000\040\000t\000h\000e\000\040\000t\000o\000p\000\040\000Y\000u\000k\000a\000w\000a\000\040\000i\000s\000\040\0001\000:\000\040\000t\000h\000e\000\040\000L\000=\0000\000\040\000a\000n\000c\000h\000o\000r\000\040\000\050\000F\000r\000o\000g\000g\000a\000t\000t\040\023\000N\000i\000e\000l\000s\000e\000n\000\040\000l\000a\000d\000d\000e\000r\000\051}{section.12}% 41
\BOOKMARK [1][-]{section.13}{\376\377\000I\000n\000f\000l\000a\000t\000i\000o\000n\000\040\000i\000n\000t\000e\000r\000f\000a\000c\000e}{part.1}% 42
\BOOKMARK [1][-]{section.14}{\376\377\000F\000u\000r\000t\000h\000e\000r\000\040\000s\000i\000m\000p\000l\000e\000\040\000b\000r\000i\000d\000g\000e\000s}{part.1}% 43
\BOOKMARK [1][-]{section.15}{\376\377\000C\000l\000o\000s\000u\000r\000e\000s\000\040\000t\000h\000a\000t\000\040\000t\000h\000e\000\040\000a\000r\000c\000h\000i\000t\000e\000c\000t\000u\000r\000e\000\040\000r\000e\000s\000t\000s\000\040\000o\000n}{part.1}% 44
\BOOKMARK [1][-]{section.16}{\376\377\000S\000t\000a\000t\000u\000s\000\040\000s\000u\000m\000m\000a\000r\000y\000\040\000a\000n\000d\000\040\000o\000p\000e\000n\000\040\000a\000u\000d\000i\000t\000\040\000p\000o\000i\000n\000t\000s}{part.1}% 45
\BOOKMARK [1][-]{section.17}{\376\377\000C\000o\000n\000s\000o\000l\000i\000d\000a\000t\000e\000d\000\040\000p\000i\000c\000t\000u\000r\000e}{part.1}% 46
\BOOKMARK [0][-]{part.2}{\376\377\000I\000I\000\040\000T\000h\000e\000\040\000C\000o\000x\000e\000t\000e\000r\040\023\000c\000y\000c\000l\000o\000t\000o\000m\000i\000c\000\040\000c\000o\000m\000p\000i\000l\000e\000r\000\040\000a\000n\000d\000\040\000t\000h\000e\000\040\000e\000x\000p\000l\000i\000c\000i\000t\000\040\000E\0008\000\040\000c\000o\000n\000s\000t\000r\000u\000c\000t\000i\000o\000n}{}% 47
\BOOKMARK [1][-]{section*.2}{\376\377\000T\000h\000e\000o\000r\000e\000m\000\040\0001}{part.2}% 48
\BOOKMARK [1][-]{section*.3}{\376\377\000T\000h\000e\000o\000r\000e\000m\000\040\0002}{part.2}% 49
\BOOKMARK [1][-]{section*.4}{\376\377\000T\000h\000e\000o\000r\000e\000m\000\040\0003}{part.2}% 50
\BOOKMARK [1][-]{section*.5}{\376\377\000T\000h\000e\000o\000r\000e\000m\000\040\0004}{part.2}% 51
\BOOKMARK [1][-]{section*.6}{\376\377\000T\000h\000e\000o\000r\000e\000m\000\040\0005}{part.2}% 52
\BOOKMARK [1][-]{section*.7}{\376\377\000T\000h\000e\000o\000r\000e\000m\000\040\0006}{part.2}% 53
\BOOKMARK [1][-]{section*.8}{\376\377\000T\000h\000e\000o\000r\000e\000m\000\040\0007}{part.2}% 54
\BOOKMARK [1][-]{section*.9}{\376\377\000T\000h\000e\000o\000r\000e\000m\000\040\0008\000\040\040\024\000\040\000a\000n\000c\000h\000o\000r\000\040\000m\000i\000c\000r\000o\000c\000o\000d\000e}{part.2}% 55
\BOOKMARK [1][-]{section*.10}{\376\377\000M\000a\000s\000t\000e\000r\000\040\000s\000t\000a\000t\000e\000m\000e\000n\000t}{part.2}% 56
\BOOKMARK [1][-]{section*.11}{\376\377\000A\000p\000p\000e\000n\000d\000i\000x\000:\000\040\000e\000x\000p\000l\000i\000c\000i\000t\000\040\000E\0008\000\040\000c\000o\000n\000s\000t\000r\000u\000c\000t\000i\000o\000n}{part.2}% 57
\BOOKMARK [0][-]{part.3}{\376\377\000I\000I\000I\000\040\000A\000p\000p\000e\000n\000d\000i\000x\000:\000\040\000a\000b\000l\000a\000t\000i\000o\000n\000\040\000o\000f\000\040\000t\000h\000e\000\040\000E\000M\000\040\000f\000i\000x\000e\000d\000\040\000p\000o\000i\000n\000t}{}% 58
\BOOKMARK [1][-]{section*.12}{\376\377\000A\000p\000p\000e\000n\000d\000i\000x\000:\000\040\000c\000o\000m\000p\000u\000t\000a\000t\000i\000o\000n\000a\000l\000\040\000v\000e\000r\000i\000f\000i\000c\000a\000t\000i\000o\000n}{part.3}% 59
