\BOOKMARK [0][-]{part.1}{\376\377\000I\000\040\000T\000h\000e\000\040\000E\0008\000\040\000s\000e\000c\000o\000n\000d\000a\000r\000y\000-\000b\000r\000a\000n\000c\000h\000i\000n\000g\000\040\000a\000t\000l\000a\000s}{}% 1
\BOOKMARK [1][-]{section.1}{\376\377\000T\000h\000e\000\040\000c\000o\000m\000p\000i\000l\000e\000r\000\040\000c\000o\000r\000e\000\040\000\050\000w\000h\000e\000r\000e\000\040\000t\000h\000i\000s\000\040\000n\000o\000t\000e\000\040\000s\000i\000t\000s\000\051}{part.1}% 2
\BOOKMARK [1][-]{section.2}{\376\377\000T\000h\000e\000\040\000\050\0001\000,\0001\000,\0002\000\051\000\040\000a\000n\000c\000h\000o\000r\000\040\000m\000i\000c\000r\000o\000c\000o\000d\000e}{part.1}% 3
\BOOKMARK [1][-]{section.3}{\376\377\000T\000h\000e\000\040\000r\000e\000s\000i\000d\000u\000e\000\040\000a\000n\000d\000\040\000l\000e\000n\000g\000t\000h\000\040\000m\000a\000t\000r\000i\000c\000e\000s\000\040\000a\000s\000\040\000s\000p\000e\000c\000t\000r\000a\000l\000\040\000o\000b\000j\000e\000c\000t\000s}{part.1}% 4
\BOOKMARK [1][-]{section.4}{\376\377\000T\000h\000e\000\040\000s\000e\000c\000o\000n\000d\000a\000r\000y\000\040\000b\000r\000a\000n\000c\000h\000i\000n\000g\000\040\000a\000t\000l\000a\000s}{part.1}% 5
\BOOKMARK [1][-]{section.5}{\376\377\000G\000r\000o\000u\000p\000-\000t\000h\000e\000o\000r\000e\000t\000i\000c\000\040\000a\000u\000d\000i\000t\000s\000\040\000\050\000o\000p\000t\000i\000o\000n\000a\000l\000\051}{part.1}% 6
\BOOKMARK [1][-]{section.6}{\376\377\000F\000u\000r\000t\000h\000e\000r\000\040\000a\000u\000d\000i\000t\000\040\000l\000e\000m\000m\000a\000s\000\040\000\050\000m\000a\000c\000h\000i\000n\000e\000-\000v\000e\000r\000i\000f\000i\000e\000d\000\040\000t\000h\000i\000s\000\040\000r\000o\000u\000n\000d\000\051}{part.1}% 7
\BOOKMARK [1][-]{section.7}{\376\377\000W\000h\000a\000t\000\040\000t\000h\000i\000s\000\040\000c\000h\000a\000n\000g\000e\000s\000,\000\040\000a\000n\000d\000\040\000w\000h\000a\000t\000\040\000s\000t\000a\000y\000s\000\040\000o\000p\000e\000n}{part.1}% 8
\BOOKMARK [0][-]{part.2}{\376\377\000I\000I\000\040\000T\000h\000e\000\040\000E\0008\000\040\000c\000a\000s\000c\000a\000d\000e\000\040\000b\000r\000i\000d\000g\000e}{}% 9
\BOOKMARK [1][-]{section.8}{\376\377\000T\000h\000e\000\040\000o\000l\000d\000\040\000c\000a\000s\000c\000a\000d\000e\000,\000\040\000r\000e\000c\000a\000l\000l\000e\000d}{part.2}% 10
\BOOKMARK [1][-]{section.9}{\376\377\000T\000h\000e\000\040\000s\000p\000i\000n\000e\000:\000\040\000e\000v\000e\000r\000y\000\040\000r\000u\000n\000g\000\040\000i\000s\000\040\000a\000\040\000c\000u\000r\000r\000e\000n\000t\000\040\000n\000u\000m\000b\000e\000r}{part.2}% 11
\BOOKMARK [1][-]{section.10}{\376\377\000T\000h\000r\000e\000e\000\040\000v\000i\000e\000w\000s\000\040\000o\000f\000\040\000o\000n\000e\000\040\000s\000p\000i\000n\000e}{part.2}% 12
\BOOKMARK [1][-]{section.11}{\376\377\000D\000i\000r\000e\000c\000t\000\040\0000\000r\000e\000t\000\040\000r\000e\000l\000a\000t\000i\000o\000n\000s\000:\000\040\000o\000l\000d\000\040\000v\000s\000\040\000c\000u\000r\000r\000e\000n\000t}{part.2}% 13
\BOOKMARK [1][-]{section.12}{\376\377\000S\000e\000c\000t\000o\000r\000\040\000i\000n\000v\000e\000n\000t\000o\000r\000y\000:\000\040\000h\000a\000v\000e\000\040\000a\000l\000l\000\040\000t\000h\000e\000\040\000o\000l\000d\000-\000c\000a\000s\000c\000a\000d\000e\000\040\000s\000e\000c\000t\000o\000r\000s\000\040\000b\000e\000e\000n\000\040\000c\000o\000m\000p\000u\000t\000e\000d\000?}{part.2}% 14
\BOOKMARK [1][-]{section.13}{\376\377\000W\000h\000a\000t\000\040\000i\000s\000\040\000n\000e\000w\000,\000\040\000w\000h\000a\000t\000\040\000i\000s\000\040\000o\000l\000d\000,\000\040\000w\000h\000a\000t\000\040\000s\000t\000a\000y\000s\000\040\000o\000p\000e\000n}{part.2}% 15
\BOOKMARK [0][-]{part.3}{\376\377\000I\000I\000I\000\040\000T\000h\000e\000\040\000s\000e\000l\000f\000-\000c\000o\000n\000s\000i\000s\000t\000e\000n\000c\000y\000\040\000l\000o\000o\000p}{}% 16
\BOOKMARK [1][-]{section.14}{\376\377\000T\000h\000e\000\040\000l\000o\000o\000p\000\040\000f\000o\000r\000\040\000g\000c\000a\000r\000\040\040\024\000\040\000a\000n\000\040\000o\000v\000e\000r\000d\000e\000t\000e\000r\000m\000i\000n\000e\000d\000\040\000f\000i\000x\000e\000d\000\040\000p\000o\000i\000n\000t}{part.3}% 17
\BOOKMARK [1][-]{section.15}{\376\377\000T\000h\000e\000\040\000l\000o\000o\000p\000\040\000f\000o\000r\000\040\000c\0003\000\040\040\024\000\040\000t\000h\000e\000\040\000`\000`\0008\000'\000'\000\040\000i\000s\000\040\000t\000h\000e\000\040\000E\0008\000\040\000r\000a\000n\000k}{part.3}% 18
\BOOKMARK [1][-]{section.16}{\376\377\000T\000h\000e\000\040\000M\000\366\000b\000i\000u\000s\000\040\000o\000r\000i\000g\000i\000n\000\040\000o\000f\000\040\000t\000h\000e\000\040\000i\000r\000r\000e\000d\000u\000c\000i\000b\000l\000e\000\040}{part.3}% 19
\BOOKMARK [1][-]{section.17}{\376\377\000H\000o\000n\000e\000s\000t\000\040\000s\000t\000a\000t\000u\000s\000:\000\040\000b\000o\000o\000t\000s\000t\000r\000a\000p\000,\000\040\000n\000o\000t\000\040\000c\000r\000e\000a\000t\000i\000o\000n\000\040\000f\000r\000o\000m\000\040\000n\000o\000t\000h\000i\000n\000g}{part.3}% 20
\BOOKMARK [0][-]{part.4}{\376\377\000I\000V\000\040\000O\000p\000e\000n\000\040\000i\000t\000e\000m\000s\000\040\000a\000n\000d\000\040\000t\000h\000e\000\040\000E\0008\000-\000s\000l\000i\000c\000e\000\040\000s\000c\000a\000n}{}% 21
\BOOKMARK [1][-]{section.18}{\376\377\000T\000h\000e\000\040\000h\000o\000n\000e\000s\000t\000\040\000o\000p\000e\000n\000-\000i\000t\000e\000m\000s\000\040\000l\000i\000s\000t}{part.4}% 22
\BOOKMARK [1][-]{section.19}{\376\377\000T\000h\000e\000\040\000E\0008\000-\000s\000l\000i\000c\000e\000\040\000s\000c\000a\000n\000:\000\040\000r\000e\000s\000u\000l\000t\000s\000\040\000\050\000h\000o\000n\000e\000s\000t\000\040\000h\000i\000t\000\040\000/\000\040\000m\000i\000s\000s\000\051}{part.4}% 23
\BOOKMARK [1][-]{section.20}{\376\377\000F\000o\000l\000l\000o\000w\000i\000n\000g\000\040\000t\000h\000e\000\040\000S\000U\000\050\0009\000\051\000\040\000l\000e\000a\000d\000:\000\040\000c\000r\000o\000s\000s\000-\000s\000l\000i\000c\000e\000\040\000c\000o\000n\000s\000i\000s\000t\000e\000n\000c\000y}{part.4}% 24
\BOOKMARK [1][-]{section*.3}{\376\377\000A\000p\000p\000e\000n\000d\000i\000x\000:\000\040\000c\000o\000m\000p\000u\000t\000a\000t\000i\000o\000n\000a\000l\000\040\000v\000e\000r\000i\000f\000i\000c\000a\000t\000i\000o\000n}{part.4}% 25
