\BOOKMARK [0][-]{part.1}{\376\377\000I\000\040\000T\000h\000e\000\040\000S\000t\000a\000n\000d\000a\000r\000d\000\040\000M\000o\000d\000e\000l\000\040\000i\000n\000\040\000o\000n\000e\000\040\000m\000a\000s\000t\000e\000r\000\040\000f\000o\000r\000m\000u\000l\000a}{}% 1
\BOOKMARK [1][-]{section.1}{\376\377\000T\000h\000e\000\040\000p\000r\000i\000n\000c\000i\000p\000l\000e\000:\000\040\000o\000n\000e\000\040\000m\000a\000s\000t\000e\000r\000\040\000f\000o\000r\000m\000u\000l\000a\000\040\000i\000n\000s\000t\000e\000a\000d\000\040\000o\000f\000\040\000m\000a\000n\000y\000\040\000Y\000u\000k\000a\000w\000a\000\040\000n\000u\000m\000b\000e\000r\000s}{part.1}% 2
\BOOKMARK [1][-]{section.2}{\376\377\000T\000h\000e\000\040\000s\000e\000e\000d\000\040\0000\000r\000e\000t\000\040\000a\000s\000\040\000a\000\040\000d\000e\000c\000o\000d\000e\000r}{part.1}% 3
\BOOKMARK [1][-]{section.3}{\376\377\000T\000h\000e\000\040\000f\000l\000a\000v\000o\000r\000\040\000r\000e\000s\000i\000d\000u\000e\000\040\000m\000a\000t\000r\000i\000x\000\040\000i\000s\000\040\000t\000h\000e\000\040\000c\000o\000m\000p\000i\000l\000e\000r\000\040\000s\000i\000g\000n\000a\000t\000u\000r\000e}{part.1}% 4
\BOOKMARK [1][-]{section.4}{\376\377\000C\000h\000a\000r\000g\000e\000d\000\040\000l\000e\000p\000t\000o\000n\000s\000:\000\040\000c\000o\000m\000p\000l\000e\000t\000e\000l\000y\000\040\000c\000l\000o\000s\000e\000d\000\040\000i\000n\000\040\0000\000r\000e\000t}{part.1}% 5
\BOOKMARK [1][-]{section.5}{\376\377\000Q\000u\000a\000r\000k\000s\000:\000\040\000h\000i\000e\000r\000a\000r\000c\000h\000y\000\040\000f\000r\000o\000m\000\040\000t\000h\000e\000\040\000s\000a\000m\000e\000\040\000w\000o\000r\000d\000-\000l\000e\000n\000g\000t\000h\000s}{part.1}% 6
\BOOKMARK [1][-]{section.6}{\376\377\000T\000h\000e\000\040\000S\000h\000e\000e\000t\000\040\000D\000i\000a\000m\000o\000n\000d\000\040\000a\000n\000d\000\040\000t\000h\000e\000\040\000W\000i\000n\000d\000i\000n\000g\000\040\000L\000i\000n\000e\000:\000\040\000m\000a\000s\000s\000e\000s\000\040\000a\000n\000d\000\040\000t\000r\000a\000n\000s\000p\000o\000r\000t\000\040\000f\000r\000o\000m\000\040\000o\000n\000e\000\040\000s\000u\000r\000f\000a\000c\000e}{part.1}% 7
\BOOKMARK [2][-]{subsection.6.1}{\376\377\000C\000l\000o\000s\000i\000n\000g\000\040\000t\000h\000e\000\040\000a\000u\000d\000i\000t\000\040\000g\000a\000t\000e\000s\000:\000\040\000i\000s\000\040\000M\000=\0004\0001\000,\000\040\000K\000,\000\040\000Q\000\040\000d\000e\000r\000i\000v\000e\000d\000\040\000o\000r\000\040\000i\000m\000p\000o\000r\000t\000e\000d\000?}{section.6}% 8
\BOOKMARK [1][-]{section.7}{\376\377\000M\000i\000x\000i\000n\000g\000:\000\040\000C\000K\000M\000\040\000a\000n\000d\000\040\000P\000M\000N\000S\000\040\000f\000r\000o\000m\000\040\000h\000o\000l\000o\000n\000o\000m\000y}{part.1}% 9
\BOOKMARK [1][-]{section.8}{\376\377\000N\000e\000u\000t\000r\000i\000n\000o\000s}{part.1}% 10
\BOOKMARK [1][-]{section.9}{\376\377\000H\000o\000w\000\040\000e\000a\000c\000h\000\040\000o\000f\000\040\000t\000h\000e\000\040\000s\000e\000v\000e\000n\000\040\000p\000a\000p\000e\000r\000s\000\040\000s\000i\000m\000p\000l\000i\000f\000i\000e\000s}{part.1}% 11
\BOOKMARK [1][-]{section.10}{\376\377\000I\000s\000\040\000t\000h\000e\000\040\000e\000n\000t\000i\000r\000e\000\040\000S\000t\000a\000n\000d\000a\000r\000d\000\040\000M\000o\000d\000e\000l\000\040\000t\000h\000e\000r\000e\000b\000y\000\040\000d\000e\000r\000i\000v\000e\000d\000?}{part.1}% 12
\BOOKMARK [1][-]{section.11}{\376\377\000C\000o\000m\000p\000l\000e\000t\000e\000\040\000s\000o\000l\000u\000t\000i\000o\000n\000s\000\040\000o\000f\000\040\000t\000h\000e\000\040\000f\000i\000v\000e\000\040\000o\000p\000e\000n\000\040\000q\000u\000e\000s\000t\000i\000o\000n\000s}{part.1}% 13
\BOOKMARK [1][-]{section.12}{\376\377\000H\000o\000w\000\040\000t\000h\000e\000\040\000o\000r\000i\000g\000i\000n\000a\000l\000-\000p\000a\000p\000e\000r\000\040\000p\000r\000e\000d\000i\000c\000t\000i\000o\000n\000s\000\040\000s\000i\000m\000p\000l\000i\000f\000y}{part.1}% 14
\BOOKMARK [1][-]{section*.8}{\376\377\000C\000o\000n\000c\000l\000u\000s\000i\000o\000n}{part.1}% 15
\BOOKMARK [0][-]{part.2}{\376\377\000I\000I\000\040\000T\000h\000e\000\040\000f\000l\000a\000v\000o\000r\000\040\000b\000l\000o\000c\000k\000:\000\040\000p\000a\000r\000a\000b\000o\000l\000i\000c\000\040\000w\000e\000i\000g\000h\000t\000s\000\040\000a\000n\000d\000\040\000t\000h\000e\000\040\000t\000r\000a\000n\000s\000p\000o\000r\000t\000\040\000t\000h\000e\000o\000r\000e\000m}{}% 16
\BOOKMARK [1][-]{section.13}{\376\377\000T\000h\000e\000\040\000s\000e\000t\000u\000p\000:\000\040\000p\000a\000r\000a\000b\000o\000l\000i\000c\000\040\000d\000a\000t\000a\000\040\000o\000n\000\040\000t\000h\000e\000\040\000f\000a\000m\000i\000l\000y\000\040\000c\000u\000r\000v\000e}{part.2}% 17
\BOOKMARK [1][-]{section.14}{\376\377\000E\000x\000a\000c\000t\000\040\000s\000c\000a\000f\000f\000o\000l\000d\000i\000n\000g\000\040\000\050\000p\000r\000o\000v\000e\000d\000\051}{part.2}% 18
\BOOKMARK [1][-]{section.15}{\376\377\000T\000h\000e\000\040\000R\000i\000e\000m\000a\000n\000n\040\023\000H\000i\000l\000b\000e\000r\000t\000\040\000s\000i\000d\000e\000\040\000\050\000w\000h\000a\000t\000\040\000t\000h\000e\000\040\000m\000o\000n\000o\000d\000r\000o\000m\000y\000\040\000f\000i\000x\000e\000s\000\051}{part.2}% 19
\BOOKMARK [1][-]{section.16}{\376\377\000T\000h\000e\000\040\000p\000a\000r\000a\000b\000o\000l\000i\000c\000-\000w\000e\000i\000g\000h\000t\000\040\000c\000o\000m\000p\000u\000t\000a\000t\000i\000o\000n\000\040\000\050\000r\000e\000s\000o\000l\000v\000e\000d\000\040\000t\000h\000i\000s\000\040\000r\000o\000u\000n\000d\000\051}{part.2}% 20
\BOOKMARK [1][-]{section.17}{\376\377\000G\000l\000o\000b\000a\000l\000\040\000c\000o\000m\000p\000u\000t\000a\000t\000i\000o\000n\000:\000\040\000t\000h\000e\000\040\000a\000n\000c\000h\000o\000r\000\040\000m\000u\000l\000t\000i\000s\000e\000t\000\040\000i\000s\000\040\000d\000e\000r\000i\000v\000e\000d}{part.2}% 21
\BOOKMARK [2][-]{subsection.17.1}{\376\377\000P\000a\000r\000t\000\040\000\050\000i\000i\000\051\000:\000\040\000t\000h\000e\000\040\000Z\0006\000\040\000s\000t\000r\000u\000c\000t\000u\000r\000e\000\040\000o\000f\000\040\000t\000h\000e\000\040\000r\000e\000s\000i\000d\000u\000e\000s\000,\000\040\000a\000n\000d\000\040\000t\000h\000e\000\040\000f\000r\000o\000n\000t\000i\000e\000r}{section.17}% 22
\BOOKMARK [2][-]{subsection.17.2}{\376\377\000T\000h\000e\000\040\000f\000l\000a\000v\000o\000r\000\040\000t\000r\000a\000n\000s\000p\000o\000r\000t\000\040\000t\000h\000e\000o\000r\000e\000m}{section.17}% 23
\BOOKMARK [1][-]{section.18}{\376\377\000T\000h\000e\000\040\000P\000a\000r\000a\000b\000o\000l\000i\000c\000\040\000A\000n\000c\000h\000o\000r\000\040\000C\000o\000m\000p\000i\000l\000e\000r}{part.2}% 24
\BOOKMARK [2][-]{subsection.18.1}{\376\377\000B\000u\000d\000g\000e\000t\000\040\000m\000a\000s\000t\000e\000r\000\040\000t\000a\000b\000l\000e\000:\000\040\000e\000v\000e\000r\000y\000t\000h\000i\000n\000g\000\040\000i\000s\000\040\000d\000p\000=\000-\000E\000=\0004\000\040\000t\000i\000m\000e\000s\000\040\000a\000\040\000C\000o\000x\000e\000t\000e\000r\000\040\000d\000a\000t\000u\000m}{section.18}% 25
\BOOKMARK [2][-]{subsection.18.2}{\376\377\000F\000l\000a\000v\000o\000r\000\040\000b\000u\000d\000g\000e\000t\000\040\000s\000p\000l\000i\000t\000,\000\040\000r\000o\000w\000\040\000s\000u\000m\000s\000,\000\040\000s\000c\000a\000l\000a\000r\000o\000n\000\040\000d\000e\000f\000i\000c\000i\000t}{section.18}% 26
\BOOKMARK [2][-]{subsection.18.3}{\376\377\000T\000h\000e\000\040\000a\000n\000c\000h\000o\000r\000\040\000p\000o\000w\000e\000r\000\040\000c\000o\000m\000p\000i\000l\000e\000r}{section.18}% 27
\BOOKMARK [2][-]{subsection.18.4}{\376\377\000R\000e\000s\000i\000d\000u\000e\000-\000m\000a\000t\000r\000i\000x\000\040\000s\000p\000e\000c\000t\000r\000a\000l\000\040\000s\000e\000l\000e\000c\000t\000o\000r\000\040\040\024\000\040\000s\000h\000a\000r\000p\000e\000n\000i\000n\000g\000\040\000\050\000H\0002\000\051}{section.18}% 28
\BOOKMARK [1][-]{section.19}{\376\377\000C\000l\000o\000s\000i\000n\000g\000\040\000t\000h\000e\000\040\000f\000l\000a\000v\000o\000r\000\040\000b\000l\000o\000c\000k\000:\000\040\000t\000w\000o\000\040\000t\000h\000e\000o\000r\000e\000m\000s}{part.2}% 29
\BOOKMARK [1][-]{section*.10}{\376\377\000S\000t\000a\000t\000u\000s}{part.2}% 30
\BOOKMARK [0][-]{part.3}{\376\377\000I\000I\000I\000\040\000C\000l\000o\000s\000i\000n\000g\000\040\000c\000o\000m\000p\000u\000t\000a\000t\000i\000o\000n\000s\000\040\000a\000n\000d\000\040\000p\000r\000o\000o\000f\000s}{}% 31
\BOOKMARK [1][-]{section.20}{\376\377\000T\000h\000e\000\040\000e\000x\000p\000l\000i\000c\000i\000t\000\040\000m\000a\000s\000s\000\040\000g\000a\000p\000\040\000c\000l\000o\000s\000e\000s\000\040\000d\000y\000n\000a\000m\000i\000c\000s\000\040\000a\000n\000d\000\040\000c\000l\000u\000s\000t\000e\000r\000i\000n\000g}{part.3}% 32
\BOOKMARK [1][-]{section.21}{\376\377\000T\000h\000e\000\040\000s\000e\000a\000m\000\040\000e\000l\000l\000i\000p\000t\000i\000c\000\040\000c\000o\000m\000p\000l\000e\000x\000\040\000i\000s\000\040\000F\000r\000e\000d\000h\000o\000l\000m\000\040\000\050\000A\000P\000S\000\051}{part.3}% 33
\BOOKMARK [1][-]{section.22}{\376\377\000T\000h\000e\000\040\000R\000n\0003\000\040\000t\000r\000u\000n\000c\000a\000t\000i\000o\000n\000\040\000i\000s\000\040\000O\000\050\0001\000/\000N\0002\000\051\000-\000b\000o\000u\000n\000d\000e\000d}{part.3}% 34
\BOOKMARK [1][-]{section.23}{\376\377\000T\000h\000e\000\040\000a\000m\000b\000i\000e\000n\000t\000\040\000c\000l\000o\000s\000u\000r\000e\000:\000\040\000o\000n\000e\000\040\000s\000p\000e\000c\000t\000r\000a\000l\000-\000a\000c\000t\000i\000o\000n\000\040\000m\000e\000a\000s\000u\000r\000e\000,\000\040\000I\000R\000-\000c\000o\000m\000p\000l\000e\000t\000e\000\040\000b\000y\000\040\000d\000e\000c\000o\000u\000p\000l\000i\000n\000g}{part.3}% 35
\BOOKMARK [2][-]{subsection.23.1}{\376\377\000S\000e\000a\000m\000\040\000r\000e\000s\000p\000o\000n\000s\000e\000\040\000g\000r\000a\000m\000m\000a\000r\000:\000\040\000g\000r\000a\000v\000i\000t\000y\000\040\000i\000s\000\040\000t\000h\000e\000\040\000i\000n\000v\000e\000r\000s\000e\000\040\000s\000e\000e\000d\000\040\000g\000a\000i\000n}{section.23}% 36
\BOOKMARK [1][-]{section.24}{\376\377\000T\000h\000e\000\040\000s\000o\000l\000a\000r\000\040\000a\000n\000g\000l\000e\000\040\0001\0002\000:\000\040\000d\000e\000r\000i\000v\000e\000d\000\040\000f\000r\000o\000m\000\040\000t\000h\000e\000\040\000s\000e\000a\000m}{part.3}% 37
\BOOKMARK [1][-]{section.25}{\376\377\000Q\000u\000a\000r\000k\000\040\000c\000-\000r\000a\000t\000i\000o\000n\000a\000l\000s\000:\000\040\000b\000e\000s\000t\000\040\000v\000a\000l\000u\000e\000s\000\040\000a\000t\000\040\000c\000u\000r\000r\000e\000n\000t\000\040\000p\000r\000e\000c\000i\000s\000i\000o\000n}{part.3}% 38
\BOOKMARK [1][-]{section.26}{\376\377\000H\0002\000:\000\040\000t\000h\000e\000\040\000m\000o\000d\000u\000l\000i\000\040\000c\000o\000m\000p\000u\000t\000a\000t\000i\000o\000n\000,\000\040\000s\000e\000t\000\040\000u\000p\000\040\000e\000x\000p\000l\000i\000c\000i\000t\000l\000y}{part.3}% 39
\BOOKMARK [1][-]{section*.11}{\376\377\000S\000t\000a\000t\000u\000s}{part.3}% 40
\BOOKMARK [1][-]{section*.12}{\376\377\000A\000p\000p\000e\000n\000d\000i\000x\000:\000\040\000c\000o\000m\000p\000u\000t\000a\000t\000i\000o\000n\000a\000l\000\040\000v\000e\000r\000i\000f\000i\000c\000a\000t\000i\000o\000n}{part.3}% 41
