\BOOKMARK [1][-]{section.1}{\376\377\000C\000a\000r\000r\000i\000e\000r\000\040\000P\000o\000l\000y\000n\000o\000m\000i\000a\000l\000\040\000a\000s\000\040\000a\000\040\000C\000o\000r\000o\000l\000l\000a\000r\000y}{}% 1
\BOOKMARK [1][-]{section.2}{\376\377\000H\000y\000p\000e\000r\000c\000h\000a\000r\000g\000e\000\040\000a\000n\000d\000\040\000G\000a\000u\000g\000e\000\040\000Q\000u\000o\000t\000i\000e\000n\000t}{}% 2
\BOOKMARK [1][-]{section.3}{\376\377\000O\000n\000e\000-\000F\000a\000m\000i\000l\000y\000\040\000P\000a\000c\000k\000e\000t}{}% 3
\BOOKMARK [1][-]{section.4}{\376\377\000D\000i\000s\000c\000h\000a\000r\000g\000i\000n\000g\000\040\000t\000h\000e\000\040\000R\000a\000n\000k\000\040\000a\000n\000d\000\040\000E\000x\000t\000e\000r\000i\000o\000r\000\040\000P\000r\000e\000m\000i\000s\000e\000s}{}% 4
\BOOKMARK [1][-]{section.5}{\376\377\000C\000o\000u\000n\000t\000i\000n\000g\000\040\000O\000u\000t\000p\000u\000t\000s}{}% 5
\BOOKMARK [1][-]{section.6}{\376\377\000M\000a\000i\000n\000\040\000R\000e\000s\000u\000l\000t}{}% 6
\BOOKMARK [1][-]{section.7}{\376\377\000A\000u\000d\000i\000t\000\040\000P\000r\000o\000t\000o\000c\000o\000l}{}% 7
\BOOKMARK [1][-]{section.8}{\376\377\000M\000a\000i\000n\000\040\000T\000e\000c\000h\000n\000i\000c\000a\000l\000\040\000D\000e\000v\000e\000l\000o\000p\000m\000e\000n\000t}{}% 8
\BOOKMARK [2][-]{subsection.8.1}{\376\377\000C\000a\000r\000r\000i\000e\000r\000\040\000a\000l\000g\000e\000b\000r\000a\000i\000c\000\040\000n\000o\000r\000m\000a\000l\000\040\000f\000o\000r\000m}{section.8}% 9
\BOOKMARK [2][-]{subsection.8.2}{\376\377\000I\000n\000t\000e\000r\000n\000a\000l\000\040\000c\000a\000r\000r\000i\000e\000r\000\040\000s\000t\000a\000b\000i\000l\000i\000z\000e\000r\000\040\000a\000n\000d\000\040\000o\000n\000e\000-\000f\000a\000m\000i\000l\000y\000\040\000p\000a\000c\000k\000e\000t}{section.8}% 10
\BOOKMARK [2][-]{subsection.8.3}{\376\377\000C\000h\000a\000r\000a\000c\000t\000e\000r\000,\000\040\000t\000r\000a\000c\000e\000\040\000i\000d\000e\000n\000t\000i\000t\000i\000e\000s\000,\000\040\000a\000n\000d\000\040\000t\000h\000e\000\040\000a\000b\000e\000l\000i\000a\000n\000\040\000i\000n\000d\000e\000x}{section.8}% 11
\BOOKMARK [1][-]{section.9}{\376\377\000C\000o\000m\000p\000r\000e\000s\000s\000i\000o\000n\000\040\000i\000d\000e\000n\000t\000i\000t\000i\000e\000s\000\040\000a\000n\000d\000\040\000n\000u\000m\000e\000r\000i\000c\000a\000l\000\040\000c\000o\000m\000p\000a\000r\000i\000s\000o\000n\000\040\000o\000f\000\040\000a\000l\000t\000e\000r\000n\000a\000t\000i\000v\000e\000\040\000d\000i\000s\000c\000r\000e\000t\000e\000\040\000w\000o\000r\000l\000d\000s}{}% 12
\BOOKMARK [2][-]{subsection.9.1}{\376\377\000D\000e\000r\000i\000v\000e\000d\000\040\0004\0008\000=\0004\000\267\0001\0002\000\040\000i\000d\000e\000n\000t\000i\000t\000y\000\040\000a\000n\000d\000\040\000t\000h\000e\000\040\0002\000-\0003\000-\0005\000\040\000a\000r\000i\000t\000h\000m\000e\000t\000i\000c}{section.9}% 13
\BOOKMARK [2][-]{subsection.9.2}{\376\377\000C\000a\000r\000r\000i\000e\000r\000\040\000c\000o\000m\000p\000r\000e\000s\000s\000i\000o\000n\000s\000\040\000o\000n\000\040\000t\000h\000e\000\040\000m\000i\000n\000i\000m\000a\000l\000\040\000b\000r\000a\000n\000c\000h}{section.9}% 14
\BOOKMARK [2][-]{subsection.9.3}{\376\377\000G\000e\000n\000e\000r\000i\000c\000\040\000a\000b\000e\000l\000i\000a\000n\000\040\000i\000n\000d\000e\000x\000\040\000i\000d\000e\000n\000t\000i\000t\000y}{section.9}% 15
\BOOKMARK [1][-]{section.10}{\376\377\000C\000l\000o\000s\000u\000r\000e\000\040\000a\000r\000c\000h\000i\000t\000e\000c\000t\000u\000r\000e\000\040\000A\000:\000\040\000f\000a\000m\000i\000l\000i\000e\000s\000,\000\040\000H\000i\000g\000g\000s\000,\000\040\000a\000n\000d\000\040\000l\000o\000c\000a\000l\000\040\000s\000p\000e\000c\000t\000r\000a\000l\000\040\000s\000c\000a\000l\000e}{}% 16
\BOOKMARK [2][-]{subsection.10.1}{\376\377\000F\000a\000m\000i\000l\000y\000\040\000m\000o\000n\000o\000d\000r\000o\000m\000y\000\040\000a\000n\000d\000\040\000o\000c\000c\000u\000p\000a\000n\000c\000y}{section.10}% 17
\BOOKMARK [2][-]{subsection.10.2}{\376\377\000O\000c\000c\000u\000p\000a\000n\000c\000y\000\040\000a\000n\000d\000\040\000b\000o\000u\000n\000d\000a\000r\000y\000-\000t\000o\000-\000b\000u\000l\000k\000\040\000b\000r\000i\000d\000g\000e}{section.10}% 18
\BOOKMARK [2][-]{subsection.10.3}{\376\377\000F\000r\000o\000m\000\040\000b\000r\000i\000d\000g\000e\000\040\000t\000o\000\040\000g\000e\000o\000m\000e\000t\000r\000i\000c\000\040\000c\000o\000m\000p\000l\000e\000t\000i\000o\000n}{section.10}% 19
\BOOKMARK [2][-]{subsection.10.4}{\376\377\000R\000e\000l\000a\000t\000i\000v\000e\000\040\000A\000P\000S\000\040\000a\000n\000d\000\040\000s\000u\000p\000e\000r\000c\000o\000n\000n\000e\000c\000t\000i\000o\000n\000\040\000s\000e\000t\000u\000p}{section.10}% 20
\BOOKMARK [2][-]{subsection.10.5}{\376\377\000B\000o\000s\000o\000n\000i\000c\000\040\000r\000e\000l\000a\000t\000i\000v\000e\000\040\000i\000n\000d\000e\000x\000\040\000a\000n\000d\000\040\000H\000i\000g\000g\000s\000\040\000s\000e\000l\000e\000c\000t\000i\000o\000n}{section.10}% 21
\BOOKMARK [1][-]{section.11}{\376\377\000S\000o\000u\000r\000c\000e\000\040\000E\000x\000t\000r\000a\000c\000t\000i\000o\000n\000\040\000M\000a\000p}{}% 22
\BOOKMARK [1][-]{section.12}{\376\377\000N\000o\000t\000\040\000U\000s\000e\000d\000\040\000H\000e\000r\000e}{}% 23
