\BOOKMARK [1][-]{section.1}{\376\377\000E\000l\000e\000c\000t\000r\000o\000m\000a\000g\000n\000e\000t\000i\000c\000\040\000C\000l\000o\000s\000u\000r\000e}{}% 1
\BOOKMARK [1][-]{section.2}{\376\377\000T\000r\000a\000n\000s\000p\000o\000r\000t\000\040\000P\000o\000l\000e}{}% 2
\BOOKMARK [1][-]{section.3}{\376\377\000R\000e\000t\000a\000i\000n\000e\000d\000\040\000S\000e\000e\000d\000\040\000D\000e\000c\000o\000d\000e\000r}{}% 3
\BOOKMARK [2][-]{subsection.3.1}{\376\377\000C\000o\000m\000p\000a\000c\000t\000\040\000U\000F\000E\000\040\000b\000r\000i\000d\000g\000e\000\040\000f\000o\000r\000\040\000t\000h\000e\000\040\000b\000i\000r\000e\000f\000r\000i\000n\000g\000e\000n\000c\000e\000\040\000s\000e\000e\000d}{section.3}% 4
\BOOKMARK [1][-]{section.4}{\376\377\000F\000l\000a\000v\000o\000r\000\040\000T\000r\000a\000n\000s\000p\000o\000r\000t}{}% 5
\BOOKMARK [1][-]{section.5}{\376\377\000N\000o\000-\000K\000n\000o\000b\000s\000\040\000A\000u\000d\000i\000t}{}% 6
\BOOKMARK [1][-]{section.6}{\376\377\000A\000l\000t\000e\000r\000n\000a\000t\000i\000v\000e\000\040\000D\000i\000s\000c\000r\000e\000t\000e\000\040\000W\000o\000r\000l\000d\000s}{}% 7
\BOOKMARK [1][-]{section.7}{\376\377\000M\000a\000i\000n\000\040\000T\000e\000c\000h\000n\000i\000c\000a\000l\000\040\000D\000e\000v\000e\000l\000o\000p\000m\000e\000n\000t}{}% 8
\BOOKMARK [1][-]{section.8}{\376\377\000K\000e\000r\000n\000e\000l\000\040\000n\000u\000m\000e\000r\000i\000c\000s\000\040\000a\000n\000d\000\040\000e\000l\000e\000c\000t\000r\000o\000m\000a\000g\000n\000e\000t\000i\000c\000\040\000c\000l\000o\000s\000u\000r\000e}{}% 9
\BOOKMARK [2][-]{subsection.8.1}{\376\377\000C\000a\000r\000r\000i\000e\000r\000\040\000f\000o\000r\000m\000\040\000o\000f\000\040\000t\000h\000e\000\040\000e\000l\000e\000c\000t\000r\000o\000m\000a\000g\000n\000e\000t\000i\000c\000\040\000c\000l\000o\000s\000u\000r\000e}{section.8}% 10
\BOOKMARK [2][-]{subsection.8.2}{\376\377\000K\000e\000r\000n\000e\000l\000\040\000o\000u\000t\000p\000u\000t\000\040\000p\000a\000c\000k\000a\000g\000e}{section.8}% 11
\BOOKMARK [2][-]{subsection.8.3}{\376\377\000U\000V\000\040\000s\000e\000e\000d\000-\000s\000h\000a\000d\000o\000w\000\040\000i\000d\000e\000n\000t\000i\000t\000i\000e\000s\000\040\000a\000n\000d\000\040\000t\000h\000e\000\040\000C\000a\000b\000i\000b\000b\000o\000\040\000i\000n\000v\000e\000r\000s\000i\000o\000n}{section.8}% 12
\BOOKMARK [2][-]{subsection.8.4}{\376\377\000C\000a\000r\000r\000i\000e\000r\000\040\000c\000o\000m\000p\000a\000r\000i\000s\000o\000n\000\040\000o\000f\000\040\000a\000l\000t\000e\000r\000n\000a\000t\000i\000v\000e\000\040\000d\000i\000s\000c\000r\000e\000t\000e\000\040\000w\000o\000r\000l\000d\000s}{section.8}% 13
\BOOKMARK [1][-]{section.9}{\376\377\000C\000l\000o\000s\000u\000r\000e\000\040\000a\000r\000c\000h\000i\000t\000e\000c\000t\000u\000r\000e\000\040\000B\000:\000\040\000Y\000u\000k\000a\000w\000a\000s\000,\000\040\000m\000a\000s\000s\000e\000s\000,\000\040\000f\000l\000a\000v\000o\000r\000,\000\040\000h\000a\000d\000r\000o\000n\000i\000c\000\040\000a\000d\000m\000i\000s\000s\000i\000b\000i\000l\000i\000t\000y\000,\000\040\000a\000n\000d\000\040\000t\000h\000e\000\040\000s\000t\000r\000o\000n\000g\000-\000C\000P\000\040\000s\000e\000c\000t\000o\000r}{}% 14
\BOOKMARK [2][-]{subsection.9.1}{\376\377\000D\000i\000s\000c\000r\000e\000t\000e\000\040\000p\000h\000a\000s\000e\000\040\000o\000p\000e\000r\000a\000t\000o\000r\000\040\000a\000n\000d\000\040\000t\000r\000a\000n\000s\000p\000o\000r\000t\000\040\000g\000r\000a\000m\000m\000a\000r}{section.9}% 15
\BOOKMARK [2][-]{subsection.9.2}{\376\377\000R\000e\000g\000u\000l\000a\000r\000i\000z\000e\000d\000\040\000Y\000u\000k\000a\000w\000a\000\040\000k\000e\000r\000n\000e\000l\000s\000\040\000a\000n\000d\000\040\000p\000a\000t\000h\000-\000l\000e\000n\000g\000t\000h\000\040\000m\000a\000s\000s\000e\000s}{section.9}% 16
\BOOKMARK [2][-]{subsection.9.3}{\376\377\000C\000K\000M\000\040\000a\000n\000d\000\040\000P\000M\000N\000S\000\040\000c\000l\000o\000s\000u\000r\000e}{section.9}% 17
\BOOKMARK [1][-]{section.10}{\376\377\000A\000p\000p\000e\000n\000d\000i\000x\000-\000l\000e\000v\000e\000l\000\040\000e\000m\000p\000i\000r\000i\000c\000a\000l\000\040\000r\000e\000a\000d\000o\000u\000t}{}% 18
\BOOKMARK [2][-]{subsection.10.1}{\376\377\000O\000p\000e\000r\000a\000t\000i\000o\000n\000a\000l\000\040\000p\000r\000e\000d\000i\000c\000t\000i\000o\000n\000\040\000s\000e\000t}{section.10}% 19
\BOOKMARK [2][-]{subsection.10.2}{\376\377\000B\000a\000s\000i\000s\000\040\000f\000a\000c\000t\000o\000r\000i\000z\000a\000t\000i\000o\000n\000\040\000o\000f\000\040\000r\000e\000a\000d\000o\000u\000t\000\040\000r\000o\000w\000s}{section.10}% 20
\BOOKMARK [2][-]{subsection.10.3}{\376\377\000C\000o\000m\000p\000a\000c\000t\000\040\000p\000r\000e\000d\000i\000c\000t\000i\000o\000n\000\040\000l\000e\000d\000g\000e\000r}{section.10}% 21
\BOOKMARK [1][-]{section.11}{\376\377\000S\000o\000u\000r\000c\000e\000\040\000E\000x\000t\000r\000a\000c\000t\000i\000o\000n\000\040\000M\000a\000p}{}% 22
\BOOKMARK [1][-]{section.12}{\376\377\000N\000o\000t\000\040\000U\000s\000e\000d\000\040\000H\000e\000r\000e}{}% 23
