\BOOKMARK [1][-]{section.1}{\376\377\000S\000e\000l\000e\000c\000t\000o\000r\000\040\000V\000e\000r\000s\000u\000s\000\040\000D\000y\000n\000a\000m\000i\000c\000s}{}% 1
\BOOKMARK [1][-]{section.2}{\376\377\000F\000u\000l\000l\000\040\000A\000d\000m\000i\000s\000s\000i\000b\000i\000l\000i\000t\000y\000\040\000C\000o\000m\000p\000l\000e\000x}{}% 2
\BOOKMARK [1][-]{section.3}{\376\377\000S\000t\000r\000o\000n\000g\000\040\000C\000P\000\040\000C\000l\000o\000s\000u\000r\000e}{}% 3
\BOOKMARK [1][-]{section.4}{\376\377\000R\000e\000f\000l\000e\000c\000t\000i\000o\000n\000\040\000P\000o\000s\000i\000t\000i\000v\000i\000t\000y\000\040\000a\000n\000d\000\040\000O\000S\000\040\000R\000e\000c\000o\000n\000s\000t\000r\000u\000c\000t\000i\000o\000n}{}% 4
\BOOKMARK [1][-]{section.5}{\376\377\000L\000o\000c\000a\000l\000\040\000N\000e\000t\000\040\000a\000n\000d\000\040\000S\000c\000a\000t\000t\000e\000r\000i\000n\000g}{}% 5
\BOOKMARK [1][-]{section.6}{\376\377\000E\000x\000a\000c\000t\000\040\000A\000d\000m\000i\000s\000s\000i\000b\000l\000e\000\040\000F\000l\000o\000w}{}% 6
\BOOKMARK [1][-]{section.7}{\376\377\000M\000a\000i\000n\000\040\000T\000e\000c\000h\000n\000i\000c\000a\000l\000\040\000D\000e\000v\000e\000l\000o\000p\000m\000e\000n\000t}{}% 7
\BOOKMARK [2][-]{subsection.7.1}{\376\377\000H\000a\000d\000r\000o\000n\000i\000c\000\040\000a\000d\000m\000i\000s\000s\000i\000b\000i\000l\000i\000t\000y\000\040\000a\000s\000\040\000s\000i\000n\000g\000l\000e\000t\000\040\000s\000e\000l\000e\000c\000t\000i\000o\000n}{section.7}% 8
\BOOKMARK [2][-]{subsection.7.2}{\376\377\000T\000r\000a\000n\000s\000p\000o\000r\000t\000-\000s\000i\000d\000e\000\040\000i\000n\000g\000r\000e\000d\000i\000e\000n\000t\000s\000\040\000f\000o\000r\000\040\000t\000h\000e\000\040\000s\000t\000r\000o\000n\000g\000-\000C\000P\000\040\000s\000e\000c\000t\000o\000r}{section.7}% 9
\BOOKMARK [1][-]{section.8}{\376\377\000C\000l\000o\000s\000u\000r\000e\000\040\000t\000h\000e\000o\000r\000e\000m\000s\000\040\000f\000r\000o\000m\000\040\000t\000h\000e\000\040\000a\000d\000m\000i\000s\000s\000i\000b\000i\000l\000i\000t\000y\000\040\000c\000o\000m\000p\000l\000e\000x}{}% 10
\BOOKMARK [2][-]{subsection.8.1}{\376\377\000A\000d\000m\000i\000s\000s\000i\000b\000l\000e\000\040\000S\000c\000h\000w\000i\000n\000g\000e\000r\000\040\000f\000u\000n\000c\000t\000i\000o\000n\000s\000,\000\040\000M\000i\000n\000k\000o\000w\000s\000k\000i\000\040\000l\000o\000c\000a\000l\000i\000t\000y\000,\000\040\000a\000n\000d\000\040\000s\000c\000a\000t\000t\000e\000r\000i\000n\000g\000\040\000c\000l\000o\000s\000u\000r\000e}{section.8}% 11
\BOOKMARK [1][-]{section.9}{\376\377\000I\000n\000t\000e\000r\000n\000a\000l\000\040\000r\000e\000d\000u\000c\000t\000i\000o\000n\000\040\000t\000h\000e\000o\000r\000e\000m\000\040\000a\000n\000d\000\040\000r\000e\000n\000o\000r\000m\000a\000l\000i\000z\000e\000d\000\040\000o\000b\000s\000e\000r\000v\000a\000b\000l\000e\000\040\000h\000i\000e\000r\000a\000r\000c\000h\000y}{}% 12
\BOOKMARK [2][-]{subsection.9.1}{\376\377\000W\000e\000a\000k\000e\000n\000e\000d\000\040\000a\000m\000b\000i\000e\000n\000t\000\040\000c\000l\000a\000s\000s}{section.9}% 13
\BOOKMARK [2][-]{subsection.9.2}{\376\377\000R\000e\000n\000o\000r\000m\000a\000l\000i\000z\000e\000d\000,\000\040\000p\000h\000y\000s\000i\000c\000a\000l\000,\000\040\000a\000n\000d\000\040\000s\000c\000h\000e\000m\000e\000\040\000r\000e\000a\000d\000o\000u\000t\000\040\000l\000a\000y\000e\000r\000s}{section.9}% 14
\BOOKMARK [1][-]{section.10}{\376\377\000R\000e\000l\000a\000t\000i\000v\000e\000\040\000r\000e\000f\000l\000e\000c\000t\000i\000o\000n\000\040\000p\000o\000s\000i\000t\000i\000v\000i\000t\000y\000\040\000w\000i\000t\000h\000\040\000f\000e\000r\000m\000i\000o\000n\000s}{}% 15
\BOOKMARK [2][-]{subsection.10.1}{\376\377\000N\000o\000r\000m\000a\000l\000i\000z\000e\000d\000\040\000q\000u\000o\000t\000i\000e\000n\000t\000\040\000f\000o\000r\000m}{section.10}% 16
\BOOKMARK [2][-]{subsection.10.2}{\376\377\000B\000o\000s\000o\000n\000i\000c\000\040\000a\000n\000d\000\040\000f\000e\000r\000m\000i\000o\000n\000i\000c\000\040\000p\000o\000s\000i\000t\000i\000v\000i\000t\000y\000\040\000o\000n\000\040\000P\000a\000d\000m}{section.10}% 17
\BOOKMARK [1][-]{section.11}{\376\377\000A\000d\000m\000i\000s\000s\000i\000b\000l\000e\000\040\000O\000S\000\040\000r\000e\000c\000o\000n\000s\000t\000r\000u\000c\000t\000i\000o\000n\000\040\000a\000n\000d\000\040\000a\000s\000y\000m\000p\000t\000o\000t\000i\000c\000\040\000s\000c\000a\000t\000t\000e\000r\000i\000n\000g}{}% 18
\BOOKMARK [2][-]{subsection.11.1}{\376\377\000T\000e\000m\000p\000e\000r\000e\000d\000\040\000a\000d\000m\000i\000s\000s\000i\000b\000l\000e\000\040\000S\000c\000h\000w\000i\000n\000g\000e\000r\000\040\000f\000a\000m\000i\000l\000i\000e\000s}{section.11}% 19
\BOOKMARK [2][-]{subsection.11.2}{\376\377\000O\000S\000\040\000a\000n\000d\000\040\000C\000A\000R\000\040\000r\000e\000c\000o\000n\000s\000t\000r\000u\000c\000t\000i\000o\000n\000\040\000o\000n\000\040\000P\000a\000d\000m}{section.11}% 20
\BOOKMARK [2][-]{subsection.11.3}{\376\377\000S\000t\000a\000b\000l\000e\000\040\000m\000a\000s\000s\000i\000v\000e\000\040\000H\000a\000a\000g\040\023\000R\000u\000e\000l\000l\000e\000\040\000a\000n\000d\000\040\000L\000S\000Z\000\040\000c\000l\000o\000s\000u\000r\000e}{section.11}% 21
\BOOKMARK [2][-]{subsection.11.4}{\376\377\000D\000r\000e\000s\000s\000e\000d\000\040\000m\000a\000s\000s\000l\000e\000s\000s\000\040\000i\000n\000t\000e\000r\000f\000a\000c\000e\000\040\000i\000n\000\040\000t\000h\000e\000\040\000l\000o\000w\000-\000c\000u\000r\000v\000a\000t\000u\000r\000e\000\040\000r\000e\000g\000i\000o\000n}{section.11}% 22
\BOOKMARK [1][-]{section.12}{\376\377\000Y\000u\000k\000a\000w\000a\000\040\000k\000e\000r\000n\000e\000l\000s\000\040\000a\000n\000d\000\040\000p\000o\000s\000i\000t\000i\000v\000i\000t\000y\000\040\000l\000e\000m\000m\000a\000s}{}% 23
\BOOKMARK [2][-]{subsection.12.1}{\376\377\000O\000p\000t\000i\000o\000n\000a\000l\000\040\000s\000t\000r\000o\000n\000g\000-\000c\000o\000u\000p\000l\000i\000n\000g\000\040\000s\000h\000a\000r\000p\000e\000n\000i\000n\000g}{section.12}% 24
\BOOKMARK [1][-]{section.13}{\376\377\000S\000o\000u\000r\000c\000e\000\040\000E\000x\000t\000r\000a\000c\000t\000i\000o\000n\000\040\000M\000a\000p}{}% 25
\BOOKMARK [1][-]{section.14}{\376\377\000N\000o\000t\000\040\000U\000s\000e\000d\000\040\000H\000e\000r\000e}{}% 26
