\BOOKMARK [1][-]{section.1}{\376\377\000B\000o\000u\000n\000d\000a\000r\000y\000\040\000S\000p\000e\000c\000t\000r\000a\000l\000\040\000U\000n\000i\000t}{}% 1
\BOOKMARK [1][-]{section.2}{\376\377\000G\000e\000o\000m\000e\000t\000r\000i\000c\000\040\000H\000o\000d\000g\000e\000\040\000C\000l\000o\000s\000u\000r\000e}{}% 2
\BOOKMARK [1][-]{section.3}{\376\377\000P\000l\000a\000n\000c\000k\000\040\000N\000o\000r\000m\000a\000l\000i\000z\000a\000t\000i\000o\000n}{}% 3
\BOOKMARK [1][-]{section.4}{\376\377\000E\000l\000e\000c\000t\000r\000o\000w\000e\000a\000k\000\040\000M\000a\000t\000c\000h\000i\000n\000g}{}% 4
\BOOKMARK [1][-]{section.5}{\376\377\000O\000b\000s\000e\000r\000v\000a\000b\000l\000e\000\040\000F\000u\000n\000c\000t\000o\000r}{}% 5
\BOOKMARK [1][-]{section.6}{\376\377\000M\000a\000i\000n\000\040\000T\000e\000c\000h\000n\000i\000c\000a\000l\000\040\000D\000e\000v\000e\000l\000o\000p\000m\000e\000n\000t}{}% 6
\BOOKMARK [2][-]{subsection.6.1}{\376\377\000F\000r\000o\000m\000\040\000b\000r\000i\000d\000g\000e\000\040\000t\000o\000\040\000g\000e\000o\000m\000e\000t\000r\000i\000c\000\040\000c\000o\000m\000p\000l\000e\000t\000i\000o\000n}{section.6}% 7
\BOOKMARK [2][-]{subsection.6.2}{\376\377\000R\000e\000l\000a\000t\000i\000v\000e\000\040\000A\000P\000S\000\040\000a\000n\000d\000\040\000s\000u\000p\000e\000r\000c\000o\000n\000n\000e\000c\000t\000i\000o\000n\000\040\000s\000e\000t\000u\000p}{section.6}% 8
\BOOKMARK [2][-]{subsection.6.3}{\376\377\000B\000o\000s\000o\000n\000i\000c\000\040\000r\000e\000l\000a\000t\000i\000v\000e\000\040\000i\000n\000d\000e\000x\000\040\000a\000n\000d\000\040\000H\000i\000g\000g\000s\000\040\000s\000e\000l\000e\000c\000t\000i\000o\000n}{section.6}% 9
\BOOKMARK [2][-]{subsection.6.4}{\376\377\000C\000l\000o\000s\000e\000d\000\040\0004\0001\000\040\000c\000h\000a\000i\000n\000\040\000a\000f\000t\000e\000r\000\040\000f\000a\000m\000i\000l\000y\000\040\000a\000n\000d\000\040\000H\000i\000g\000g\000s\000\040\000c\000l\000o\000s\000u\000r\000e}{section.6}% 10
\BOOKMARK [2][-]{subsection.6.5}{\376\377\000C\000a\000n\000o\000n\000i\000c\000a\000l\000\040\000s\000p\000e\000c\000t\000r\000a\000l\000\040\000E\000i\000n\000s\000t\000e\000i\000n\000\040\000f\000u\000n\000c\000t\000i\000o\000n\000a\000l\000\040\000a\000n\000d\000\040\000g\000e\000o\000m\000e\000t\000r\000i\000c\000\040\000H\000o\000d\000g\000e\000\040\000c\000l\000o\000s\000u\000r\000e}{section.6}% 11
\BOOKMARK [2][-]{subsection.6.6}{\376\377\000N\000a\000t\000i\000v\000e\000\040\000c\000h\000a\000r\000g\000e\000d\000-\000c\000u\000r\000r\000e\000n\000t\000\040\000h\000a\000r\000d\000\040\000m\000a\000t\000c\000h\000i\000n\000g\000\040\000a\000n\000d\000\040\000t\000h\000e\000\040\000c\000h\000a\000r\000g\000e\000d\000\040\000s\000e\000a\000m\000\040\000p\000r\000o\000j\000e\000c\000t\000o\000r}{section.6}% 12
\BOOKMARK [2][-]{subsection.6.7}{\376\377\000A\000b\000s\000o\000l\000u\000t\000e\000\040\000s\000p\000e\000c\000t\000r\000a\000l\000\040\000P\000l\000a\000n\000c\000k\000\040\000c\000l\000o\000s\000u\000r\000e}{section.6}% 13
\BOOKMARK [1][-]{section.7}{\376\377\000A\000b\000s\000o\000l\000u\000t\000e\000\040\000d\000i\000m\000e\000n\000s\000i\000o\000n\000l\000e\000s\000s\000\040\000m\000e\000t\000r\000o\000l\000o\000g\000y\000\040\000f\000r\000o\000m\000\040\000t\000h\000e\000\040\000b\000o\000u\000n\000d\000a\000r\000y\000\040\000b\000r\000a\000n\000c\000h}{}% 14
\BOOKMARK [2][-]{subsection.7.1}{\376\377\000B\000o\000u\000n\000d\000a\000r\000y\000\040\000s\000p\000e\000c\000t\000r\000a\000l\000\040\000u\000n\000i\000t}{section.7}% 15
\BOOKMARK [2][-]{subsection.7.2}{\376\377\000S\000t\000a\000t\000i\000o\000n\000a\000r\000y\000\040\000s\000p\000e\000c\000t\000r\000a\000l\000\040\000P\000l\000a\000n\000c\000k\000\040\000r\000o\000o\000t}{section.7}% 16
\BOOKMARK [2][-]{subsection.7.3}{\376\377\000I\000n\000f\000r\000a\000r\000e\000d\000\040\000s\000e\000a\000m\000\040\000a\000n\000d\000\040\000s\000e\000c\000t\000o\000r\000\040\000b\000i\000f\000u\000r\000c\000a\000t\000i\000o\000n}{section.7}% 17
\BOOKMARK [2][-]{subsection.7.4}{\376\377\000P\000h\000y\000s\000i\000c\000a\000l\000\040\000r\000e\000a\000d\000o\000u\000t\000\040\000a\000n\000d\000\040\000m\000e\000t\000r\000o\000l\000o\000g\000y\000\040\000f\000u\000n\000c\000t\000o\000r}{section.7}% 18
\BOOKMARK [2][-]{subsection.7.5}{\376\377\000C\000o\000n\000d\000i\000t\000i\000o\000n\000a\000l\000\040\000m\000i\000n\000i\000m\000a\000l\000-\000p\000a\000r\000a\000m\000e\000t\000e\000r\000\040\000p\000i\000c\000t\000u\000r\000e}{section.7}% 19
\BOOKMARK [1][-]{section.8}{\376\377\000S\000o\000u\000r\000c\000e\000\040\000E\000x\000t\000r\000a\000c\000t\000i\000o\000n\000\040\000M\000a\000p}{}% 20
\BOOKMARK [1][-]{section.9}{\376\377\000N\000o\000t\000\040\000U\000s\000e\000d\000\040\000H\000e\000r\000e}{}% 21
