\BOOKMARK [1][-]{section.1}{\376\377\000W\000h\000a\000t\000\040\000t\000h\000i\000s\000\040\000p\000a\000p\000e\000r\000\040\000d\000o\000e\000s\000\040\000a\000n\000d\000\040\000d\000o\000e\000s\000\040\000n\000o\000t\000\040\000d\000o}{}% 1
\BOOKMARK [1][-]{section.2}{\376\377\000T\000h\000e\000\040\000f\000i\000v\000e\000\040\000l\000e\000m\000m\000a\000s\000:\000\040\000N\000a\000t\000i\000v\000e\000\040\000C\000l\000o\000s\000u\000r\000e\000\040\000C\000o\000n\000j\000e\000c\000t\000u\000r\000e\000\040\000v\0004\000.\0006}{}% 2
\BOOKMARK [1][-]{section.3}{\376\377\000T\000h\000e\000\040\000T\000F\000P\000T\000\040\000p\000r\000i\000m\000i\000t\000i\000v\000e\000s\000\040\000l\000e\000d\000g\000e\000r\000\040\000a\000n\000d\000\040\000a\000u\000d\000i\000t\000\040\000t\000a\000b\000l\000e}{}% 3
\BOOKMARK [1][-]{section.4}{\376\377\000T\000h\000e\000\040\000T\000F\000P\000T\000\040\000c\000o\000s\000m\000o\000l\000o\000g\000y\000\040\000v\000e\000c\000t\000o\000r\000\040\000\050\000L\000e\000m\000m\000a\000s\000\040\000A\040\023\000D\000\040\000o\000u\000t\000c\000o\000m\000e\000\051}{}% 4
\BOOKMARK [1][-]{section.5}{\376\377\000O\000p\000e\000r\000a\000t\000i\000o\000n\000a\000l\000\040\000c\000l\000o\000s\000u\000r\000e\000s\000,\000\040\000v\0004\000.\0006}{}% 5
\BOOKMARK [1][-]{section.6}{\376\377\000S\000t\000a\000g\000e\000\040\0001\000:\000\040\000l\000e\000n\000s\000e\000d\000\040\000C\000M\000B\000\040\000s\000p\000e\000c\000t\000r\000a}{}% 6
\BOOKMARK [1][-]{section.7}{\376\377\000S\000t\000a\000g\000e\000\040\0002\000:\000\040\000s\000k\000y\000\040\000r\000e\000a\000l\000i\000s\000a\000t\000i\000o\000n\000\040\040\023\000\040\000f\000o\000u\000r\000\040\000m\000o\000d\000e\000s\000\040\000A\000,\000\040\000B\000,\000\040\000C\000,\000\040\000E}{}% 7
\BOOKMARK [2][-]{subsection.7.1}{\376\377\000F\000i\000n\000a\000l\000\040\000m\000a\000p\000s\000:\000\040\000s\000i\000d\000e\000-\000b\000y\000-\000s\000i\000d\000e}{section.7}% 8
\BOOKMARK [2][-]{subsection.7.2}{\376\377\000R\000e\000s\000i\000d\000u\000a\000l\000\040\000s\000t\000a\000t\000i\000s\000t\000i\000c\000s}{section.7}% 9
\BOOKMARK [1][-]{section.8}{\376\377\000M\000o\000d\000e\000\040\000E\000\040\000i\000n\000\040\000d\000e\000t\000a\000i\000l\000:\000\040\000L\000e\000m\000m\000a\000\040\000E\000,\000\040\000c\000a\000n\000d\000i\000d\000a\000t\000e\000\040\000v\0004\000.\0006}{}% 10
\BOOKMARK [2][-]{subsection.8.1}{\376\377\000T\000h\000e\000\040\000B\000r\000a\000n\000c\000h\000\040\000O\000p\000e\000r\000a\000t\000o\000r\000\040\000B\000u\000n\000d\000l\000e}{section.8}% 11
\BOOKMARK [2][-]{subsection.8.2}{\376\377\000T\000h\000e\000\040\000c\000a\000n\000d\000i\000d\000a\000t\000e\000\040\000v\0004\000.\0006\000\040\000b\000u\000n\000d\000l\000e}{section.8}% 12
\BOOKMARK [2][-]{subsection.8.3}{\376\377\000T\000h\000e\000\040\000L\000e\000m\000m\000a\000-\000E\000\040\000p\000h\000a\000s\000e\000s}{section.8}% 13
\BOOKMARK [2][-]{subsection.8.4}{\376\377\000A\000c\000c\000e\000p\000t\000a\000n\000c\000e\000\040\000c\000h\000e\000c\000k\000s}{section.8}% 14
\BOOKMARK [2][-]{subsection.8.5}{\376\377\000T\000h\000e\000\040\0001\0003\000\045\000\040\000R\000M\000S\000\040\000r\000e\000d\000u\000c\000t\000i\000o\000n}{section.8}% 15
\BOOKMARK [1][-]{section.9}{\376\377\000B\000i\000r\000e\000f\000r\000i\000n\000g\000e\000n\000c\000e\000:\000\040\000T\000F\000P\000T\000\040\000v\000s\000\040\000P\000l\000a\000n\000c\000k\000\040\000E\000B\000\040\000d\000i\000a\000g\000n\000o\000s\000t\000i\000c}{}% 16
\BOOKMARK [1][-]{section.10}{\376\377\000C\000o\000m\000p\000a\000r\000i\000s\000o\000n\000\040\000m\000e\000t\000r\000i\000c\000s\000\040\000a\000n\000d\000\040\000a\000u\000d\000i\000t\000\040\000l\000e\000d\000g\000e\000r}{}% 17
\BOOKMARK [1][-]{section.11}{\376\377\000P\000i\000p\000e\000l\000i\000n\000e}{}% 18
\BOOKMARK [1][-]{section.12}{\376\377\000T\000h\000e\000\040\000S\000p\000r\000i\000n\000t\000\040\0002\000A\000\040\000B\000r\000a\000n\000c\000h\000\040\000E\000x\000t\000r\000a\000c\000t\000i\000o\000n\000\040\000C\000o\000n\000t\000r\000a\000c\000t}{}% 19
\BOOKMARK [2][-]{subsection.12.1}{\376\377\000C\000o\000n\000t\000r\000a\000c\000t\000\040\000s\000p\000e\000c\000i\000f\000i\000c\000a\000t\000i\000o\000n}{section.12}% 20
\BOOKMARK [2][-]{subsection.12.2}{\376\377\000T\000h\000e\000\040\000c\000a\000n\000d\000i\000d\000a\000t\000e\000\040\000v\0004\000.\0006\000\040\000b\000u\000n\000d\000l\000e\000\040\000v\000s\000\040\000t\000h\000e\000\040\000c\000o\000n\000t\000r\000a\000c\000t}{section.12}% 21
\BOOKMARK [2][-]{subsection.12.3}{\376\377\000W\000h\000a\000t\000\040\000a\000\040\000p\000a\000s\000s\000i\000n\000g\000\040\000S\000p\000r\000i\000n\000t\000\040\0002\000A\000\040\000r\000u\000n\000\040\000l\000o\000o\000k\000s\000\040\000l\000i\000k\000e}{section.12}% 22
\BOOKMARK [2][-]{subsection.12.4}{\376\377\000T\000h\000e\000\040\000s\000o\000l\000e\000\040\000r\000e\000m\000a\000i\000n\000i\000n\000g\000\040\000w\000o\000r\000k}{section.12}% 23
\BOOKMARK [1][-]{section.13}{\376\377\000T\000h\000e\000\040\000v\0004\000.\0006\000.\0006\000\040\000P\000r\000o\000o\000f\000\040\000D\000i\000s\000c\000h\000a\000r\000g\000e\000\040\000P\000a\000c\000k\000a\000g\000e}{}% 24
\BOOKMARK [2][-]{subsection.13.1}{\376\377\000D\000i\000s\000c\000h\000a\000r\000g\000e\000\040\000t\000a\000x\000o\000n\000o\000m\000y}{section.13}% 25
\BOOKMARK [2][-]{subsection.13.2}{\376\377\000C\000r\000i\000t\000i\000c\000a\000l\000-\000p\000a\000t\000h\000\040\000r\000o\000a\000d\000m\000a\000p\000\040\000\050\0007\000\040\000s\000t\000e\000p\000s\000\051}{section.13}% 26
\BOOKMARK [2][-]{subsection.13.3}{\376\377\000T\000h\000e\000\040\000s\000i\000n\000g\000l\000e\000\040\000a\000c\000c\000e\000p\000t\000a\000n\000c\000e\000\040\000g\000a\000t\000e}{section.13}% 27
\BOOKMARK [1][-]{section.14}{\376\377\000T\000h\000e\000\040\000v\0004\000.\0006\000.\0007\000\040\000F\000i\000n\000a\000l\000\040\000C\000l\000o\000s\000u\000r\000e\000\040\000P\000r\000o\000p\000o\000s\000a\000l\000:\000\040\000S\000e\000v\000e\000n\000\040\000B\000r\000i\000d\000g\000e\000\040\000T\000h\000e\000o\000r\000e\000m\000s}{}% 28
\BOOKMARK [2][-]{subsection.14.1}{\376\377\000T\000h\000e\000\040\000s\000e\000v\000e\000n\000\040\000b\000r\000i\000d\000g\000e\000\040\000t\000h\000e\000o\000r\000e\000m\000s}{section.14}% 29
\BOOKMARK [2][-]{subsection.14.2}{\376\377\000T\000h\000e\000\040\000f\000i\000n\000a\000l\000\040\000h\000o\000o\000k\000\040\000r\000e\000s\000o\000l\000u\000t\000i\000o\000n\000\040\000t\000a\000b\000l\000e}{section.14}% 30
\BOOKMARK [2][-]{subsection.14.3}{\376\377\000S\000t\000a\000t\000u\000s\000\040\000t\000a\000x\000o\000n\000o\000m\000y\000\040\000a\000f\000t\000e\000r\000\040\000v\0004\000.\0006\000.\0007}{section.14}% 31
\BOOKMARK [2][-]{subsection.14.4}{\376\377\000T\000h\000e\000\040\000f\000i\000v\000e\000\040\000r\000e\000m\000a\000i\000n\000i\000n\000g\000\040\000a\000r\000t\000e\000f\000a\000c\000t\000\040\000v\000a\000l\000i\000d\000a\000t\000i\000o\000n\000\040\000g\000r\000o\000u\000p\000s}{section.14}% 32
\BOOKMARK [1][-]{section.15}{\376\377\000T\000h\000e\000\040\000v\0004\000.\0006\000.\0008\000\040\000M\000e\000a\000s\000u\000r\000e\000m\000e\000n\000t\000\040\000B\000r\000i\000d\000g\000e\000\040\000C\000o\000n\000t\000r\000a\000c\000t}{}% 33
\BOOKMARK [2][-]{subsection.15.1}{\376\377\000T\000h\000e\000\040\000f\000i\000v\000e\000\040\000v\000a\000l\000i\000d\000a\000t\000i\000o\000n\000\040\000g\000r\000o\000u\000p\000s}{section.15}% 34
\BOOKMARK [2][-]{subsection.15.2}{\376\377\000T\000h\000e\000\040\0001\0002\000\040\000G\0001\000\040\000f\000i\000l\000e\000s}{section.15}% 35
\BOOKMARK [2][-]{subsection.15.3}{\376\377\000F\000o\000r\000b\000i\000d\000d\000e\000n\000\040\000i\000n\000p\000u\000t\000s}{section.15}% 36
\BOOKMARK [2][-]{subsection.15.4}{\376\377\000S\000k\000e\000l\000e\000t\000o\000n\000\040\000e\000m\000i\000t\000t\000e\000r\000\040\000a\000n\000d\000\040\000C\000L\000I}{section.15}% 37
\BOOKMARK [2][-]{subsection.15.5}{\376\377\000T\000h\000e\000\040\000a\000c\000c\000e\000p\000t\000a\000n\000c\000e\000\040\000g\000a\000t\000e}{section.15}% 38
\BOOKMARK [2][-]{subsection.15.6}{\376\377\000T\000h\000e\000\040\000c\000o\000m\000p\000l\000e\000t\000e\000\040\000s\000t\000a\000t\000u\000s\000\040\000f\000l\000o\000w}{section.15}% 39
\BOOKMARK [1][-]{section.16}{\376\377\000K\000i\000l\000l\000\040\000c\000o\000n\000d\000i\000t\000i\000o\000n\000s\000\040\000a\000n\000d\000\040\000a\000u\000d\000i\000t\000\040\000t\000a\000b\000l\000e}{}% 40
\BOOKMARK [1][-]{section.17}{\376\377\000W\000h\000a\000t\000\040\000t\000h\000i\000s\000\040\000p\000i\000p\000e\000l\000i\000n\000e\000\040\000d\000o\000e\000s\000\040\000n\000o\000t\000\040\000c\000l\000a\000i\000m}{}% 41
\BOOKMARK [1][-]{section.18}{\376\377\000R\000o\000a\000d\000m\000a\000p\000\040\000t\000o\000\040\000a\000\040\000f\000i\000n\000i\000s\000h\000e\000d\000\040\000v\0005\000.\0000}{}% 42
\BOOKMARK [1][-]{section.19}{\376\377\000v\0004\000.\0001\0000\040\023\000v\0004\000.\0001\0002\000:\000\040\000O\000p\000e\000r\000a\000t\000o\000r\000-\000D\000i\000s\000c\000h\000a\000r\000g\000e\000d\000\040\000C\000l\000o\000s\000u\000r\000e\000\040\000a\000n\000d\000\040\000t\000h\000e\000\040\000P\000l\000a\000n\000c\000k\000\040\000P\000a\000s\000s}{}% 43
\BOOKMARK [2][-]{subsection.19.1}{\376\377\000S\000p\000r\000i\000n\000t\000\040\000h\000i\000s\000t\000o\000r\000y\000\040\000v\0004\000.\0006\000\040\000\040\000v\0004\000.\0001\0002}{section.19}% 44
\BOOKMARK [2][-]{subsection.19.2}{\376\377\000T\000h\000e\000\040\000v\000i\000s\000i\000b\000i\000l\000i\000t\000y\000-\000a\000m\000p\000l\000i\000t\000u\000d\000e\000\040\000W\000a\000r\000d\000\040\000i\000d\000e\000n\000t\000i\000t\000y\000\040\000\050\000v\0004\000.\0001\0001\000\051}{section.19}% 45
\BOOKMARK [2][-]{subsection.19.3}{\376\377\000T\000h\000e\000\040\000B\000T\0002\000\040\000o\000p\000e\000r\000a\000t\000o\000r\000\040\000d\000i\000s\000c\000h\000a\000r\000g\000e\000\040\000\050\000v\0004\000.\0001\0001\000\051}{section.19}% 46
\BOOKMARK [2][-]{subsection.19.4}{\376\377\000T\000h\000e\000\040\000P\000r\000o\000v\000e\000n\000a\000n\000c\000e\000\040\000D\000A\000G\000\040\000\050\000v\0004\000.\0001\0001\000\051}{section.19}% 47
\BOOKMARK [2][-]{subsection.19.5}{\376\377\000T\000h\000e\000\040\000Q\000C\000D\000\040\000b\000a\000r\000y\000o\000n\000-\000b\000i\000n\000d\000i\000n\000g\000\040\000o\000p\000e\000r\000a\000t\000o\000r\000\040\000d\000i\000s\000c\000h\000a\000r\000g\000e\000\040\000\050\000v\0004\000.\0001\0002\000\051}{section.19}% 48
\BOOKMARK [2][-]{subsection.19.6}{\376\377\000T\000h\000e\000\040\000v\0004\000.\0001\0002\000\040\000f\000i\000n\000a\000l\000-\000g\000a\000t\000e\000\040\000m\000a\000t\000r\000i\000x}{section.19}% 49
\BOOKMARK [2][-]{subsection.19.7}{\376\377\000R\000e\000g\000e\000n\000e\000r\000a\000t\000e\000d\000\040\000C\000A\000M\000B\000\040\000s\000p\000e\000c\000t\000r\000a\000\040\000a\000n\000d\000\040\000M\000o\000l\000l\000w\000e\000i\000d\000e\000\040\000c\000o\000m\000p\000a\000r\000i\000s\000o\000n}{section.19}% 50
\BOOKMARK [2][-]{subsection.19.8}{\376\377\000W\000h\000a\000t\000\040\000i\000s\000\040\000n\000o\000w\000\040\000c\000l\000o\000s\000e\000d\000\040\000a\000n\000d\000\040\000w\000h\000a\000t\000\040\000r\000e\000m\000a\000i\000n\000s\000\040\000o\000p\000e\000n}{section.19}% 51
\BOOKMARK [1][-]{appendix.A}{\376\377\000H\000o\000o\000k\000\040\000S\000o\000l\000u\000t\000i\000o\000n\000\040\000S\000k\000e\000t\000c\000h\000e\000s\000\040\000\050\000v\0004\000.\0006\000.\0005\000\051}{}% 52
\BOOKMARK [1][-]{appendix.B}{\376\377\000v\0004\000.\0006\000.\0006\000\040\000P\000r\000o\000o\000f\000\040\000D\000i\000s\000c\000h\000a\000r\000g\000e\000s\000\040\000\050\000v\000e\000r\000b\000a\000t\000i\000m\000\051}{}% 53
