\BOOKMARK [1][-]{section.1}{\376\377\000P\000u\000r\000p\000o\000s\000e}{}% 1
\BOOKMARK [1][-]{section.2}{\376\377\000C\000o\000r\000e\000\040\000C\000o\000n\000v\000e\000n\000t\000i\000o\000n\000\040\000B\000l\000o\000c\000k\000s}{}% 2
\BOOKMARK [1][-]{section.3}{\376\377\000A\000n\000a\000l\000y\000t\000i\000c\000\040\000B\000a\000c\000k\000e\000n\000d}{}% 3
\BOOKMARK [1][-]{section.4}{\376\377\000C\000o\000m\000p\000a\000r\000i\000s\000o\000n\000\040\000B\000a\000c\000k\000e\000n\000d}{}% 4
\BOOKMARK [1][-]{section.5}{\376\377\000D\000o\000w\000n\000s\000t\000r\000e\000a\000m\000\040\000a\000n\000d\000\040\000O\000p\000t\000i\000o\000n\000a\000l\000\040\000C\000o\000n\000t\000i\000n\000u\000a\000t\000i\000o\000n\000s}{}% 5
\BOOKMARK [1][-]{section.6}{\376\377\000M\000a\000i\000n\000\040\000T\000e\000c\000h\000n\000i\000c\000a\000l\000\040\000D\000e\000v\000e\000l\000o\000p\000m\000e\000n\000t}{}% 6
\BOOKMARK [1][-]{section.7}{\376\377\000D\000o\000w\000n\000s\000t\000r\000e\000a\000m\000\040\000c\000l\000o\000s\000u\000r\000e\000\040\000m\000o\000d\000u\000l\000e\000s\000\040\000f\000r\000o\000m\000\040\000t\000h\000e\000\040\000c\000l\000o\000s\000e\000d\000\040\000b\000r\000a\000n\000c\000h}{}% 7
\BOOKMARK [2][-]{subsection.7.1}{\376\377\000[\000P\000]\000\040\000S\000t\000a\000t\000i\000o\000n\000a\000r\000y\000\040\000h\000o\000r\000i\000z\000o\000n\000s\000,\000\040\000m\000o\000d\000u\000l\000a\000r\000\040\000t\000h\000e\000r\000m\000a\000l\000i\000t\000y\000,\000\040\000a\000n\000d\000\040\000c\000o\000m\000p\000a\000c\000t\000\040\000o\000b\000j\000e\000c\000t\000s}{section.7}% 8
\BOOKMARK [2][-]{subsection.7.2}{\376\377\000[\000P\000]\000\040\000P\000r\000i\000m\000o\000r\000d\000i\000a\000l\000\040\000p\000e\000r\000t\000u\000r\000b\000a\000t\000i\000o\000n\000\040\000c\000l\000o\000s\000u\000r\000e\000\040\000a\000n\000d\000\040\000C\000M\000B\000\040\000t\000r\000a\000n\000s\000f\000e\000r}{section.7}% 9
\BOOKMARK [2][-]{subsection.7.3}{\376\377\000[\000P\000]\000\040\000L\000a\000t\000e\000\040\000t\000i\000m\000e\000\040\000d\000a\000r\000k\000\040\000s\000e\000c\000t\000o\000r\000\040\000a\000n\000d\000\040\000s\000t\000r\000u\000c\000t\000u\000r\000e\000\040\000g\000r\000o\000w\000t\000h}{section.7}% 10
\BOOKMARK [2][-]{subsection.7.4}{\376\377\000[\000P\000]\000\040\000P\000o\000l\000e\000\040\000m\000a\000s\000s\000e\000s\000,\000\040\000H\000i\000g\000g\000s\000\040\000r\000e\000a\000d\000o\000u\000t\000,\000\040\000a\000n\000d\000\040\000f\000u\000l\000l\000\040\000f\000l\000a\000v\000o\000r\000\040\000o\000u\000t\000p\000u\000t}{section.7}% 11
\BOOKMARK [2][-]{subsection.7.5}{\376\377\000[\000P\000]\000\040\000A\000d\000m\000i\000s\000s\000i\000b\000l\000e\000\040\000c\000o\000d\000e\000\040\000s\000u\000b\000s\000p\000a\000c\000e\000,\000\040\000e\000n\000t\000a\000n\000g\000l\000e\000m\000e\000n\000t\000,\000\040\000a\000n\000d\000\040\000p\000o\000i\000n\000t\000e\000r\000\040\000d\000y\000n\000a\000m\000i\000c\000s}{section.7}% 12
\BOOKMARK [2][-]{subsection.7.6}{\376\377\000[\000P\000]\000\040\000T\000o\000p\000o\000l\000o\000g\000i\000c\000a\000l\000\040\000t\000r\000a\000n\000s\000i\000e\000n\000t\000\040\000c\000h\000a\000n\000n\000e\000l\000s\000\040\000a\000n\000d\000\040\000a\000s\000t\000r\000o\000p\000h\000y\000s\000i\000c\000a\000l\000\040\000b\000u\000r\000s\000t\000s}{section.7}% 13
\BOOKMARK [1][-]{section.8}{\376\377\000A\000p\000p\000e\000n\000d\000i\000x\000-\000l\000e\000v\000e\000l\000\040\000e\000m\000p\000i\000r\000i\000c\000a\000l\000\040\000r\000e\000a\000d\000o\000u\000t}{}% 14
\BOOKMARK [2][-]{subsection.8.1}{\376\377\000O\000p\000e\000r\000a\000t\000i\000o\000n\000a\000l\000\040\000p\000r\000e\000d\000i\000c\000t\000i\000o\000n\000\040\000s\000e\000t}{section.8}% 15
\BOOKMARK [2][-]{subsection.8.2}{\376\377\000B\000a\000s\000i\000s\000\040\000f\000a\000c\000t\000o\000r\000i\000z\000a\000t\000i\000o\000n\000\040\000o\000f\000\040\000r\000e\000a\000d\000o\000u\000t\000\040\000r\000o\000w\000s}{section.8}% 16
\BOOKMARK [2][-]{subsection.8.3}{\376\377\000C\000o\000m\000p\000a\000c\000t\000\040\000p\000r\000e\000d\000i\000c\000t\000i\000o\000n\000\040\000l\000e\000d\000g\000e\000r}{section.8}% 17
\BOOKMARK [2][-]{subsection.8.4}{\376\377\000E\000m\000p\000i\000r\000i\000c\000a\000l\000\040\000r\000e\000a\000d\000o\000u\000t\000\040\000a\000n\000d\000\040\000k\000i\000l\000l\000-\000t\000e\000s\000t\000\040\000l\000o\000g\000i\000c}{section.8}% 18
\BOOKMARK [2][-]{subsection.8.5}{\376\377\000R\000e\000s\000i\000d\000u\000a\000l\000\040\000r\000e\000a\000d\000o\000u\000t\000\040\000a\000n\000d\000\040\000i\000n\000t\000e\000r\000f\000a\000c\000e\000\040\000r\000e\000f\000i\000n\000e\000m\000e\000n\000t\000s}{section.8}% 19
\BOOKMARK [1][-]{section.9}{\376\377\000T\000e\000c\000h\000n\000i\000c\000a\000l\000\040\000c\000o\000n\000v\000e\000n\000t\000i\000o\000n\000s\000\040\000a\000n\000d\000\040\000d\000a\000t\000a\000\040\000l\000a\000y\000e\000r\000s}{}% 20
\BOOKMARK [2][-]{subsection.9.1}{\376\377\000R\000e\000l\000a\000t\000i\000v\000e\000\040\000o\000b\000j\000e\000c\000t\000s}{section.9}% 21
\BOOKMARK [2][-]{subsection.9.2}{\376\377\000L\000a\000y\000e\000r\000e\000d\000\040\000d\000a\000t\000u\000m\000\040\000a\000n\000d\000\040\000a\000d\000m\000i\000s\000s\000i\000b\000i\000l\000i\000t\000y}{section.9}% 22
\BOOKMARK [2][-]{subsection.9.3}{\376\377\000S\000y\000m\000b\000o\000l\000\040\000g\000u\000i\000d\000e}{section.9}% 23
\BOOKMARK [1][-]{section.10}{\376\377\000C\000o\000n\000s\000t\000a\000n\000t\000s\000\040\000a\000t\000l\000a\000s\000\040\000a\000n\000d\000\040\000d\000o\000w\000n\000s\000t\000r\000e\000a\000m\000\040\000s\000c\000a\000l\000e\000\040\000g\000r\000a\000m\000m\000a\000r}{}% 24
\BOOKMARK [2][-]{subsection.10.1}{\376\377\000G\000l\000o\000b\000a\000l\000\040\000r\000o\000t\000a\000t\000i\000o\000n\000\040\000a\000n\000g\000l\000e\000\040\000a\000n\000d\000\040\000c\000o\000n\000s\000t\000a\000n\000t\000s\000\040\000a\000t\000l\000a\000s}{section.10}% 25
\BOOKMARK [2][-]{subsection.10.2}{\376\377\000E\0008\000\040\000a\000s\000\040\000d\000o\000w\000n\000s\000t\000r\000e\000a\000m\000\040\000s\000c\000a\000l\000e\000\040\000g\000r\000a\000m\000m\000a\000r}{section.10}% 26
\BOOKMARK [2][-]{subsection.10.3}{\376\377\000F\000u\000l\000l\000\040\000s\000t\000a\000g\000e\000\040\000a\000t\000l\000a\000s}{section.10}% 27
\BOOKMARK [2][-]{subsection.10.4}{\376\377\000C\000o\000m\000p\000r\000e\000s\000s\000i\000o\000n\000\040\000i\000d\000e\000n\000t\000i\000t\000i\000e\000s\000\040\000o\000n\000\040\000t\000h\000e\000\040\000m\000i\000n\000i\000m\000a\000l\000\040\000b\000r\000a\000n\000c\000h}{section.10}% 28
\BOOKMARK [2][-]{subsection.10.5}{\376\377\000O\000p\000t\000i\000o\000n\000a\000l\000\040\000a\000r\000i\000t\000h\000m\000e\000t\000i\000c\000\040\000c\000o\000n\000t\000i\000n\000u\000a\000t\000i\000o\000n\000s}{section.10}% 29
\BOOKMARK [2][-]{subsection.10.6}{\376\377\000C\000o\000n\000d\000i\000t\000i\000o\000n\000a\000l\000\040\000m\000i\000n\000i\000m\000a\000l\000-\000p\000a\000r\000a\000m\000e\000t\000e\000r\000\040\000p\000i\000c\000t\000u\000r\000e}{section.10}% 30
\BOOKMARK [2][-]{subsection.10.7}{\376\377\000I\000n\000f\000r\000a\000r\000e\000d\000\040\000c\000o\000n\000t\000i\000n\000u\000a\000t\000i\000o\000n\000s\000\040\000o\000f\000\040\000t\000h\000e\000\040\000s\000e\000a\000m\000\040\000t\000r\000a\000n\000s\000f\000e\000r}{section.10}% 31
\BOOKMARK [1][-]{section.11}{\376\377\000R\000e\000l\000a\000t\000i\000v\000e\000\040\000A\000P\000S\000\040\000a\000n\000d\000\040\000s\000u\000p\000e\000r\000c\000o\000n\000n\000e\000c\000t\000i\000o\000n\000\040\000s\000e\000t\000u\000p}{}% 32
\BOOKMARK [1][-]{section.12}{\376\377\000R\000e\000l\000a\000t\000i\000v\000e\000\040\000r\000e\000f\000l\000e\000c\000t\000i\000o\000n\000\040\000p\000o\000s\000i\000t\000i\000v\000i\000t\000y\000\040\000w\000i\000t\000h\000\040\000f\000e\000r\000m\000i\000o\000n\000s}{}% 33
\BOOKMARK [2][-]{subsection.12.1}{\376\377\000N\000o\000r\000m\000a\000l\000i\000z\000e\000d\000\040\000q\000u\000o\000t\000i\000e\000n\000t\000\040\000f\000o\000r\000m}{section.12}% 34
\BOOKMARK [2][-]{subsection.12.2}{\376\377\000B\000o\000s\000o\000n\000i\000c\000\040\000a\000n\000d\000\040\000f\000e\000r\000m\000i\000o\000n\000i\000c\000\040\000p\000o\000s\000i\000t\000i\000v\000i\000t\000y\000\040\000o\000n\000\040\000P\000a\000d\000m}{section.12}% 35
\BOOKMARK [1][-]{section.13}{\376\377\000A\000d\000m\000i\000s\000s\000i\000b\000l\000e\000\040\000O\000S\000\040\000r\000e\000c\000o\000n\000s\000t\000r\000u\000c\000t\000i\000o\000n\000\040\000a\000n\000d\000\040\000a\000s\000y\000m\000p\000t\000o\000t\000i\000c\000\040\000s\000c\000a\000t\000t\000e\000r\000i\000n\000g}{}% 36
\BOOKMARK [2][-]{subsection.13.1}{\376\377\000T\000e\000m\000p\000e\000r\000e\000d\000\040\000a\000d\000m\000i\000s\000s\000i\000b\000l\000e\000\040\000S\000c\000h\000w\000i\000n\000g\000e\000r\000\040\000f\000a\000m\000i\000l\000i\000e\000s}{section.13}% 37
\BOOKMARK [2][-]{subsection.13.2}{\376\377\000O\000S\000\040\000a\000n\000d\000\040\000C\000A\000R\000\040\000r\000e\000c\000o\000n\000s\000t\000r\000u\000c\000t\000i\000o\000n\000\040\000o\000n\000\040\000P\000a\000d\000m}{section.13}% 38
\BOOKMARK [2][-]{subsection.13.3}{\376\377\000S\000t\000a\000b\000l\000e\000\040\000m\000a\000s\000s\000i\000v\000e\000\040\000H\000a\000a\000g\040\023\000R\000u\000e\000l\000l\000e\000\040\000a\000n\000d\000\040\000L\000S\000Z\000\040\000c\000l\000o\000s\000u\000r\000e}{section.13}% 39
\BOOKMARK [2][-]{subsection.13.4}{\376\377\000D\000r\000e\000s\000s\000e\000d\000\040\000m\000a\000s\000s\000l\000e\000s\000s\000\040\000i\000n\000t\000e\000r\000f\000a\000c\000e\000\040\000i\000n\000\040\000t\000h\000e\000\040\000l\000o\000w\000-\000c\000u\000r\000v\000a\000t\000u\000r\000e\000\040\000r\000e\000g\000i\000o\000n}{section.13}% 40
\BOOKMARK [1][-]{section.14}{\376\377\000F\000R\000W\000\040\000r\000e\000d\000u\000c\000t\000i\000o\000n\000\040\000a\000n\000d\000\040\000c\000o\000s\000m\000o\000l\000o\000g\000y\000\040\000i\000n\000t\000e\000r\000f\000a\000c\000e\000\040\000p\000r\000o\000o\000f\000s}{}% 41
\BOOKMARK [1][-]{section.15}{\376\377\000Y\000u\000k\000a\000w\000a\000\040\000k\000e\000r\000n\000e\000l\000s\000\040\000a\000n\000d\000\040\000p\000o\000s\000i\000t\000i\000v\000i\000t\000y\000\040\000l\000e\000m\000m\000a\000s}{}% 42
\BOOKMARK [2][-]{subsection.15.1}{\376\377\000O\000p\000t\000i\000o\000n\000a\000l\000\040\000s\000t\000r\000o\000n\000g\000-\000c\000o\000u\000p\000l\000i\000n\000g\000\040\000s\000h\000a\000r\000p\000e\000n\000i\000n\000g}{section.15}% 43
\BOOKMARK [1][-]{section.16}{\376\377\000I\000n\000f\000o\000r\000m\000a\000t\000i\000o\000n\000-\000t\000h\000e\000o\000r\000e\000t\000i\000c\000\040\000a\000n\000d\000\040\000c\000u\000t\000-\000a\000n\000d\000-\000p\000r\000o\000j\000e\000c\000t\000\040\000r\000e\000a\000d\000i\000n\000g\000s}{}% 44
\BOOKMARK [2][-]{subsection.16.1}{\376\377\0004\0001\000-\000c\000h\000a\000i\000n\000\040\000o\000v\000e\000r\000d\000e\000t\000e\000r\000m\000i\000n\000a\000t\000i\000o\000n\000\040\000o\000f\000\040\000t\000h\000e\000\040\000c\000a\000n\000o\000n\000i\000c\000a\000l\000\040\000b\000r\000a\000n\000c\000h}{section.16}% 45
\BOOKMARK [2][-]{subsection.16.2}{\376\377\000S\000e\000e\000d\000\040\000v\000a\000r\000i\000a\000n\000c\000e\000\040\000a\000n\000d\000\040\000s\000u\000r\000p\000r\000i\000s\000a\000l\000\040\000r\000e\000a\000d\000i\000n\000g\000s}{section.16}% 46
\BOOKMARK [2][-]{subsection.16.3}{\376\377\000E\000x\000a\000c\000t\000\040\000p\000a\000r\000i\000t\000y\000-\000c\000o\000d\000e\000\040\000a\000n\000d\000\040\000i\000n\000f\000o\000r\000m\000a\000t\000i\000o\000n\000-\000c\000o\000m\000p\000r\000e\000s\000s\000i\000o\000n\000\040\000r\000e\000a\000d\000i\000n\000g}{section.16}% 47
\BOOKMARK [2][-]{subsection.16.4}{\376\377\000C\000u\000t\000-\000a\000n\000d\000-\000p\000r\000o\000j\000e\000c\000t\000\040\000m\000o\000d\000e\000l\000-\000s\000e\000t\000\040\000r\000e\000a\000l\000i\000z\000a\000t\000i\000o\000n}{section.16}% 48
\BOOKMARK [1][-]{section.17}{\376\377\000R\000e\000c\000o\000r\000d\000\040\000a\000l\000g\000e\000b\000r\000a\000\040\000a\000n\000d\000\040\000p\000o\000i\000n\000t\000e\000r\000\040\000d\000y\000n\000a\000m\000i\000c\000s}{}% 49
\BOOKMARK [2][-]{subsection.17.1}{\376\377\000M\000i\000n\000i\000m\000a\000l\000\040\000a\000d\000m\000i\000s\000s\000i\000b\000l\000e\000\040\000v\000a\000c\000u\000u\000m}{section.17}% 50
\BOOKMARK [2][-]{subsection.17.2}{\376\377\000R\000e\000c\000o\000r\000d\000\040\000g\000r\000o\000w\000t\000h\000\040\000p\000r\000i\000n\000c\000i\000p\000l\000e}{section.17}% 51
\BOOKMARK [2][-]{subsection.17.3}{\376\377\000O\000b\000s\000e\000r\000v\000e\000r\000\040\000a\000l\000g\000e\000b\000r\000a\000\040\000a\000n\000d\000\040\000B\000o\000r\000n\000-\000t\000y\000p\000e\000\040\000e\000v\000a\000l\000u\000a\000t\000i\000o\000n}{section.17}% 52
\BOOKMARK [1][-]{section.18}{\376\377\000H\000o\000r\000i\000z\000o\000n\000s\000,\000\040\000m\000o\000d\000u\000l\000a\000r\000\040\000f\000l\000o\000w\000,\000\040\000a\000n\000d\000\040\000b\000l\000a\000c\000k\000\040\000h\000o\000l\000e\000\040\000t\000h\000e\000r\000m\000a\000l\000i\000t\000y}{}% 53
\BOOKMARK [2][-]{subsection.18.1}{\376\377\000S\000p\000l\000i\000t\000\040\000i\000n\000c\000l\000u\000s\000i\000o\000n\000\040\000h\000o\000r\000i\000z\000o\000n\000\040\000a\000p\000p\000r\000o\000x\000i\000m\000a\000t\000i\000o\000n}{section.18}% 54
\BOOKMARK [1][-]{section.19}{\376\377\000P\000r\000e\000d\000i\000c\000t\000i\000o\000n\000\040\000s\000e\000m\000a\000n\000t\000i\000c\000s\000\040\000a\000n\000d\000\040\000t\000r\000a\000n\000s\000i\000e\000n\000t\000\040\000e\000v\000e\000n\000t\000\040\000c\000h\000a\000n\000n\000e\000l\000s}{}% 55
\BOOKMARK [2][-]{subsection.19.1}{\376\377\000P\000r\000e\000d\000i\000c\000t\000i\000o\000n\000\040\000s\000e\000m\000a\000n\000t\000i\000c\000s}{section.19}% 56
\BOOKMARK [2][-]{subsection.19.2}{\376\377\000T\000r\000a\000n\000s\000i\000e\000n\000t\000\040\000e\000v\000e\000n\000t\000\040\000s\000t\000a\000t\000u\000s}{section.19}% 57
\BOOKMARK [1][-]{section.20}{\376\377\000C\000l\000o\000s\000e\000d\000\040\000t\000h\000e\000o\000r\000e\000t\000i\000c\000a\000l\000\040\000o\000u\000t\000p\000u\000t\000s\000\040\000a\000n\000d\000\040\000e\000m\000p\000i\000r\000i\000c\000a\000l\000\040\000c\000o\000m\000p\000a\000r\000i\000s\000o\000n\000\040\000s\000u\000r\000f\000a\000c\000e}{}% 58
\BOOKMARK [2][-]{subsection.20.1}{\376\377\000T\000a\000b\000l\000e\000\040\0001\000:\000\040\000C\000l\000o\000s\000e\000d\000\040\000t\000h\000e\000o\000r\000e\000t\000i\000c\000a\000l\000\040\000o\000u\000t\000p\000u\000t\000s}{section.20}% 59
\BOOKMARK [2][-]{subsection.20.2}{\376\377\000T\000a\000b\000l\000e\000\040\0002\000:\000\040\000E\000m\000p\000i\000r\000i\000c\000a\000l\000\040\000c\000o\000m\000p\000a\000r\000i\000s\000o\000n\000\040\000r\000o\000w\000s}{section.20}% 60
\BOOKMARK [2][-]{subsection.20.3}{\376\377\000E\000m\000p\000i\000r\000i\000c\000a\000l\000\040\000c\000o\000m\000p\000a\000r\000i\000s\000o\000n\000\040\000s\000u\000r\000f\000a\000c\000e}{section.20}% 61
\BOOKMARK [1][-]{section.21}{\376\377\000E\000x\000t\000e\000n\000d\000e\000d\000\040\000b\000e\000n\000c\000h\000m\000a\000r\000k\000s}{}% 62
\BOOKMARK [2][-]{subsection.21.1}{\376\377\000O\000p\000e\000r\000a\000t\000i\000o\000n\000a\000l\000\040\000p\000r\000e\000d\000i\000c\000t\000i\000o\000n\000\040\000m\000a\000t\000r\000i\000x}{section.21}% 63
\BOOKMARK [2][-]{subsection.21.2}{\376\377\000T\000a\000r\000g\000e\000t\000\040\000a\000n\000d\000\040\000k\000i\000l\000l\000-\000t\000e\000s\000t\000\040\000r\000o\000w\000s}{section.21}% 64
\BOOKMARK [2][-]{subsection.21.3}{\376\377\000A\000x\000i\000o\000n\000\040\000i\000n\000t\000e\000r\000f\000a\000c\000e}{section.21}% 65
\BOOKMARK [2][-]{subsection.21.4}{\376\377\000S\000u\000p\000p\000l\000e\000m\000e\000n\000t\000a\000r\000y\000\040\000U\000V\000\040\000a\000s\000y\000m\000p\000t\000o\000t\000i\000c\000\040\000m\000a\000s\000s\000-\000s\000o\000u\000r\000c\000e\000\040\000r\000o\000w\000s}{section.21}% 66
\BOOKMARK [2][-]{subsection.21.5}{\376\377\000E\000x\000t\000e\000n\000d\000e\000d\000\040\000c\000o\000m\000p\000a\000r\000i\000s\000o\000n\000\040\000l\000e\000d\000g\000e\000r}{section.21}% 67
\BOOKMARK [2][-]{subsection.21.6}{\376\377\000N\000o\000v\000e\000l\000t\000y\000\040\000b\000o\000u\000n\000d\000a\000r\000y\000\040\000a\000n\000d\000\040\000l\000i\000t\000e\000r\000a\000t\000u\000r\000e\000\040\000p\000o\000s\000i\000t\000i\000o\000n\000i\000n\000g}{section.21}% 68
\BOOKMARK [1][-]{section.22}{\376\377\000D\000y\000o\000n\000i\000c\000\040\000C\000a\000l\000i\000b\000r\000a\000t\000i\000o\000n\000\040\000L\000e\000m\000m\000a\000\040\000a\000n\000d\000\040\000L\000o\000c\000a\000l\000\040\000B\000H\000\050\000r\000\051\000\040\000I\000n\000t\000e\000r\000c\000e\000p\000t}{}% 69
\BOOKMARK [2][-]{subsection.22.1}{\376\377\000A\000n\000a\000l\000y\000t\000i\000c\000\040\000d\000y\000o\000n\000i\000c\000\040\000t\000o\000y\000\040\000a\000n\000s\000a\000t\000z}{section.22}% 70
\BOOKMARK [2][-]{subsection.22.2}{\376\377\000L\000o\000c\000a\000l\000\040\000B\000H\000\050\000r\000\051\000\040\000i\000n\000t\000e\000r\000c\000e\000p\000t}{section.22}% 71
\BOOKMARK [2][-]{subsection.22.3}{\376\377\000H\000o\000r\000i\000z\000o\000n\000-\000s\000h\000i\000f\000t\000\040\000s\000i\000g\000n\000\040\000c\000o\000r\000r\000e\000c\000t\000i\000o\000n}{section.22}% 72
\BOOKMARK [2][-]{subsection.22.4}{\376\377\000C\000a\000l\000i\000b\000r\000a\000t\000i\000o\000n\000\040\000s\000c\000o\000p\000e}{section.22}% 73
\BOOKMARK [1][-]{section.23}{\376\377\000E\000x\000t\000e\000r\000n\000a\000l\000\040\000R\000G\000\040\000F\000i\000n\000g\000e\000r\000p\000r\000i\000n\000t\000\040\000P\000r\000o\000t\000o\000c\000o\000l}{}% 74
\BOOKMARK [2][-]{subsection.23.1}{\376\377\000T\000F\000P\000T\000\040\000b\000r\000a\000n\000c\000h\000\040\000i\000n\000p\000u\000t\000\040\000p\000a\000c\000k\000a\000g\000e}{section.23}% 75
\BOOKMARK [2][-]{subsection.23.2}{\376\377\000F\000o\000u\000r\000\040\000f\000i\000n\000g\000e\000r\000p\000r\000i\000n\000t\000s}{section.23}% 76
\BOOKMARK [2][-]{subsection.23.3}{\376\377\000S\000t\000a\000t\000u\000s\000\040\000d\000i\000s\000c\000i\000p\000l\000i\000n\000e}{section.23}% 77
\BOOKMARK [1][-]{section.24}{\376\377\000S\000o\000u\000r\000c\000e\000\040\000E\000x\000t\000r\000a\000c\000t\000i\000o\000n\000\040\000M\000a\000p}{}% 78
\BOOKMARK [1][-]{section.25}{\376\377\000P\000r\000o\000m\000o\000t\000i\000o\000n\000\040\000R\000u\000l\000e}{}% 79
