This is pdfTeX, Version 3.141592653-2.6-1.40.27 (TeX Live 2025) (preloaded format=pdflatex 2026.2.8)  17 MAY 2026 19:24
entering extended mode
 restricted \write18 enabled.
 %&-line parsing enabled.
**note_carrier_rigidity_lean4.tex
(./note_carrier_rigidity_lean4.tex
LaTeX2e <2024-11-01> patch level 2
L3 programming layer <2025-01-18>
(/usr/local/texlive/2025/texmf-dist/tex/latex/base/article.cls
Document Class: article 2024/06/29 v1.4n Standard LaTeX document class
(/usr/local/texlive/2025/texmf-dist/tex/latex/base/size11.clo
File: size11.clo 2024/06/29 v1.4n Standard LaTeX file (size option)
)
\c@part=\count196
\c@section=\count197
\c@subsection=\count198
\c@subsubsection=\count199
\c@paragraph=\count266
\c@subparagraph=\count267
\c@figure=\count268
\c@table=\count269
\abovecaptionskip=\skip49
\belowcaptionskip=\skip50
\bibindent=\dimen141
)
(../../tfpt-45/tfpt45-common.tex
(/usr/local/texlive/2025/texmf-dist/tex/latex/base/fontenc.sty
Package: fontenc 2021/04/29 v2.0v Standard LaTeX package
)
(/usr/local/texlive/2025/texmf-dist/tex/latex/base/inputenc.sty
Package: inputenc 2024/02/08 v1.3d Input encoding file
\inpenc@prehook=\toks17
\inpenc@posthook=\toks18
)
(/usr/local/texlive/2025/texmf-dist/tex/latex/psnfss/mathpazo.sty
Package: mathpazo 2020/03/25 PSNFSS-v9.3 Palatino w/ Pazo Math (D.Puga, WaS) 
\symupright=\mathgroup4
)
(/usr/local/texlive/2025/texmf-dist/tex/latex/psnfss/helvet.sty
Package: helvet 2020/03/25 PSNFSS-v9.3 (WaS) 

(/usr/local/texlive/2025/texmf-dist/tex/latex/graphics/keyval.sty
Package: keyval 2022/05/29 v1.15 key=value parser (DPC)
\KV@toks@=\toks19
))
(/usr/local/texlive/2025/texmf-dist/tex/latex/geometry/geometry.sty
Package: geometry 2020/01/02 v5.9 Page Geometry

(/usr/local/texlive/2025/texmf-dist/tex/generic/iftex/ifvtex.sty
Package: ifvtex 2019/10/25 v1.7 ifvtex legacy package. Use iftex instead.

(/usr/local/texlive/2025/texmf-dist/tex/generic/iftex/iftex.sty
Package: iftex 2024/12/12 v1.0g TeX engine tests
))
\Gm@cnth=\count270
\Gm@cntv=\count271
\c@Gm@tempcnt=\count272
\Gm@bindingoffset=\dimen142
\Gm@wd@mp=\dimen143
\Gm@odd@mp=\dimen144
\Gm@even@mp=\dimen145
\Gm@layoutwidth=\dimen146
\Gm@layoutheight=\dimen147
\Gm@layouthoffset=\dimen148
\Gm@layoutvoffset=\dimen149
\Gm@dimlist=\toks20
)
(/usr/local/texlive/2025/texmf-dist/tex/latex/amsmath/amsmath.sty
Package: amsmath 2024/11/05 v2.17t AMS math features
\@mathmargin=\skip51

For additional information on amsmath, use the `?' option.
(/usr/local/texlive/2025/texmf-dist/tex/latex/amsmath/amstext.sty
Package: amstext 2021/08/26 v2.01 AMS text

(/usr/local/texlive/2025/texmf-dist/tex/latex/amsmath/amsgen.sty
File: amsgen.sty 1999/11/30 v2.0 generic functions
\@emptytoks=\toks21
\ex@=\dimen150
))
(/usr/local/texlive/2025/texmf-dist/tex/latex/amsmath/amsbsy.sty
Package: amsbsy 1999/11/29 v1.2d Bold Symbols
\pmbraise@=\dimen151
)
(/usr/local/texlive/2025/texmf-dist/tex/latex/amsmath/amsopn.sty
Package: amsopn 2022/04/08 v2.04 operator names
)
\inf@bad=\count273
LaTeX Info: Redefining \frac on input line 233.
\uproot@=\count274
\leftroot@=\count275
LaTeX Info: Redefining \overline on input line 398.
LaTeX Info: Redefining \colon on input line 409.
\classnum@=\count276
\DOTSCASE@=\count277
LaTeX Info: Redefining \ldots on input line 495.
LaTeX Info: Redefining \dots on input line 498.
LaTeX Info: Redefining \cdots on input line 619.
\Mathstrutbox@=\box52
\strutbox@=\box53
LaTeX Info: Redefining \big on input line 721.
LaTeX Info: Redefining \Big on input line 722.
LaTeX Info: Redefining \bigg on input line 723.
LaTeX Info: Redefining \Bigg on input line 724.
\big@size=\dimen152
LaTeX Font Info:    Redeclaring font encoding OML on input line 742.
LaTeX Font Info:    Redeclaring font encoding OMS on input line 743.
\macc@depth=\count278
LaTeX Info: Redefining \bmod on input line 904.
LaTeX Info: Redefining \pmod on input line 909.
LaTeX Info: Redefining \smash on input line 939.
LaTeX Info: Redefining \relbar on input line 969.
LaTeX Info: Redefining \Relbar on input line 970.
\c@MaxMatrixCols=\count279
\dotsspace@=\muskip17
\c@parentequation=\count280
\dspbrk@lvl=\count281
\tag@help=\toks22
\row@=\count282
\column@=\count283
\maxfields@=\count284
\andhelp@=\toks23
\eqnshift@=\dimen153
\alignsep@=\dimen154
\tagshift@=\dimen155
\tagwidth@=\dimen156
\totwidth@=\dimen157
\lineht@=\dimen158
\@envbody=\toks24
\multlinegap=\skip52
\multlinetaggap=\skip53
\mathdisplay@stack=\toks25
LaTeX Info: Redefining \[ on input line 2953.
LaTeX Info: Redefining \] on input line 2954.
)
(/usr/local/texlive/2025/texmf-dist/tex/latex/amsfonts/amssymb.sty
Package: amssymb 2013/01/14 v3.01 AMS font symbols

(/usr/local/texlive/2025/texmf-dist/tex/latex/amsfonts/amsfonts.sty
Package: amsfonts 2013/01/14 v3.01 Basic AMSFonts support
\symAMSa=\mathgroup5
\symAMSb=\mathgroup6
LaTeX Font Info:    Redeclaring math symbol \hbar on input line 98.
LaTeX Font Info:    Overwriting math alphabet `\mathfrak' in version `bold'
(Font)                  U/euf/m/n --> U/euf/b/n on input line 106.
))
(/usr/local/texlive/2025/texmf-dist/tex/latex/amscls/amsthm.sty
Package: amsthm 2020/05/29 v2.20.6
\thm@style=\toks26
\thm@bodyfont=\toks27
\thm@headfont=\toks28
\thm@notefont=\toks29
\thm@headpunct=\toks30
\thm@preskip=\skip54
\thm@postskip=\skip55
\thm@headsep=\skip56
\dth@everypar=\toks31
)
(/usr/local/texlive/2025/texmf-dist/tex/latex/mathtools/mathtools.sty
Package: mathtools 2024/10/04 v1.31 mathematical typesetting tools

(/usr/local/texlive/2025/texmf-dist/tex/latex/tools/calc.sty
Package: calc 2023/07/08 v4.3 Infix arithmetic (KKT,FJ)
\calc@Acount=\count285
\calc@Bcount=\count286
\calc@Adimen=\dimen159
\calc@Bdimen=\dimen160
\calc@Askip=\skip57
\calc@Bskip=\skip58
LaTeX Info: Redefining \setlength on input line 80.
LaTeX Info: Redefining \addtolength on input line 81.
\calc@Ccount=\count287
\calc@Cskip=\skip59
)
(/usr/local/texlive/2025/texmf-dist/tex/latex/mathtools/mhsetup.sty
Package: mhsetup 2021/03/18 v1.4 programming setup (MH)
)
\g_MT_multlinerow_int=\count288
\l_MT_multwidth_dim=\dimen161
\origjot=\skip60
\l_MT_shortvdotswithinadjustabove_dim=\dimen162
\l_MT_shortvdotswithinadjustbelow_dim=\dimen163
\l_MT_above_intertext_sep=\dimen164
\l_MT_below_intertext_sep=\dimen165
\l_MT_above_shortintertext_sep=\dimen166
\l_MT_below_shortintertext_sep=\dimen167
\xmathstrut@box=\box54
\xmathstrut@dim=\dimen168
)
(/usr/local/texlive/2025/texmf-dist/tex/latex/booktabs/booktabs.sty
Package: booktabs 2020/01/12 v1.61803398 Publication quality tables
\heavyrulewidth=\dimen169
\lightrulewidth=\dimen170
\cmidrulewidth=\dimen171
\belowrulesep=\dimen172
\belowbottomsep=\dimen173
\aboverulesep=\dimen174
\abovetopsep=\dimen175
\cmidrulesep=\dimen176
\cmidrulekern=\dimen177
\defaultaddspace=\dimen178
\@cmidla=\count289
\@cmidlb=\count290
\@aboverulesep=\dimen179
\@belowrulesep=\dimen180
\@thisruleclass=\count291
\@lastruleclass=\count292
\@thisrulewidth=\dimen181
)
(/usr/local/texlive/2025/texmf-dist/tex/latex/tools/array.sty
Package: array 2024/10/17 v2.6g Tabular extension package (FMi)
\col@sep=\dimen182
\ar@mcellbox=\box55
\extrarowheight=\dimen183
\NC@list=\toks32
\extratabsurround=\skip61
\backup@length=\skip62
\ar@cellbox=\box56
)
(/usr/local/texlive/2025/texmf-dist/tex/latex/tools/tabularx.sty
Package: tabularx 2023/12/11 v2.12a `tabularx' package (DPC)
\TX@col@width=\dimen184
\TX@old@table=\dimen185
\TX@old@col=\dimen186
\TX@target=\dimen187
\TX@delta=\dimen188
\TX@cols=\count293
\TX@ftn=\toks33
)
(/usr/local/texlive/2025/texmf-dist/tex/latex/float/float.sty
Package: float 2001/11/08 v1.3d Float enhancements (AL)
\c@float@type=\count294
\float@exts=\toks34
\float@box=\box57
\@float@everytoks=\toks35
\@floatcapt=\box58
)
(/usr/local/texlive/2025/texmf-dist/tex/latex/hyperref/hyperref.sty
Package: hyperref 2024-11-05 v7.01l Hypertext links for LaTeX

(/usr/local/texlive/2025/texmf-dist/tex/latex/kvsetkeys/kvsetkeys.sty
Package: kvsetkeys 2022-10-05 v1.19 Key value parser (HO)
)
(/usr/local/texlive/2025/texmf-dist/tex/generic/kvdefinekeys/kvdefinekeys.sty
Package: kvdefinekeys 2019-12-19 v1.6 Define keys (HO)
)
(/usr/local/texlive/2025/texmf-dist/tex/generic/pdfescape/pdfescape.sty
Package: pdfescape 2019/12/09 v1.15 Implements pdfTeX's escape features (HO)

(/usr/local/texlive/2025/texmf-dist/tex/generic/ltxcmds/ltxcmds.sty
Package: ltxcmds 2023-12-04 v1.26 LaTeX kernel commands for general use (HO)
)
(/usr/local/texlive/2025/texmf-dist/tex/generic/pdftexcmds/pdftexcmds.sty
Package: pdftexcmds 2020-06-27 v0.33 Utility functions of pdfTeX for LuaTeX (HO
)

(/usr/local/texlive/2025/texmf-dist/tex/generic/infwarerr/infwarerr.sty
Package: infwarerr 2019/12/03 v1.5 Providing info/warning/error messages (HO)
)
Package pdftexcmds Info: \pdf@primitive is available.
Package pdftexcmds Info: \pdf@ifprimitive is available.
Package pdftexcmds Info: \pdfdraftmode found.
))
(/usr/local/texlive/2025/texmf-dist/tex/latex/hycolor/hycolor.sty
Package: hycolor 2020-01-27 v1.10 Color options for hyperref/bookmark (HO)
)
(/usr/local/texlive/2025/texmf-dist/tex/latex/hyperref/nameref.sty
Package: nameref 2023-11-26 v2.56 Cross-referencing by name of section

(/usr/local/texlive/2025/texmf-dist/tex/latex/refcount/refcount.sty
Package: refcount 2019/12/15 v3.6 Data extraction from label references (HO)
)
(/usr/local/texlive/2025/texmf-dist/tex/generic/gettitlestring/gettitlestring.s
ty
Package: gettitlestring 2019/12/15 v1.6 Cleanup title references (HO)
 (/usr/local/texlive/2025/texmf-dist/tex/latex/kvoptions/kvoptions.sty
Package: kvoptions 2022-06-15 v3.15 Key value format for package options (HO)
))
\c@section@level=\count295
)
(/usr/local/texlive/2025/texmf-dist/tex/latex/etoolbox/etoolbox.sty
Package: etoolbox 2025/02/11 v2.5l e-TeX tools for LaTeX (JAW)
\etb@tempcnta=\count296
)
(/usr/local/texlive/2025/texmf-dist/tex/generic/stringenc/stringenc.sty
Package: stringenc 2019/11/29 v1.12 Convert strings between diff. encodings (HO
)
)
\@linkdim=\dimen189
\Hy@linkcounter=\count297
\Hy@pagecounter=\count298

(/usr/local/texlive/2025/texmf-dist/tex/latex/hyperref/pd1enc.def
File: pd1enc.def 2024-11-05 v7.01l Hyperref: PDFDocEncoding definition (HO)
Now handling font encoding PD1 ...
... no UTF-8 mapping file for font encoding PD1
)
(/usr/local/texlive/2025/texmf-dist/tex/generic/intcalc/intcalc.sty
Package: intcalc 2019/12/15 v1.3 Expandable calculations with integers (HO)
)
\Hy@SavedSpaceFactor=\count299

(/usr/local/texlive/2025/texmf-dist/tex/latex/hyperref/puenc.def
File: puenc.def 2024-11-05 v7.01l Hyperref: PDF Unicode definition (HO)
Now handling font encoding PU ...
... no UTF-8 mapping file for font encoding PU
)
Package hyperref Info: Hyper figures OFF on input line 4157.
Package hyperref Info: Link nesting OFF on input line 4162.
Package hyperref Info: Hyper index ON on input line 4165.
Package hyperref Info: Plain pages OFF on input line 4172.
Package hyperref Info: Backreferencing OFF on input line 4177.
Package hyperref Info: Implicit mode ON; LaTeX internals redefined.
Package hyperref Info: Bookmarks ON on input line 4424.
\c@Hy@tempcnt=\count300

(/usr/local/texlive/2025/texmf-dist/tex/latex/url/url.sty
\Urlmuskip=\muskip18
Package: url 2013/09/16  ver 3.4  Verb mode for urls, etc.
)
LaTeX Info: Redefining \url on input line 4763.
\XeTeXLinkMargin=\dimen190

(/usr/local/texlive/2025/texmf-dist/tex/generic/bitset/bitset.sty
Package: bitset 2019/12/09 v1.3 Handle bit-vector datatype (HO)

(/usr/local/texlive/2025/texmf-dist/tex/generic/bigintcalc/bigintcalc.sty
Package: bigintcalc 2019/12/15 v1.5 Expandable calculations on big integers (HO
)
))
\Fld@menulength=\count301
\Field@Width=\dimen191
\Fld@charsize=\dimen192
Package hyperref Info: Hyper figures OFF on input line 6042.
Package hyperref Info: Link nesting OFF on input line 6047.
Package hyperref Info: Hyper index ON on input line 6050.
Package hyperref Info: backreferencing OFF on input line 6057.
Package hyperref Info: Link coloring OFF on input line 6062.
Package hyperref Info: Link coloring with OCG OFF on input line 6067.
Package hyperref Info: PDF/A mode OFF on input line 6072.

(/usr/local/texlive/2025/texmf-dist/tex/latex/base/atbegshi-ltx.sty
Package: atbegshi-ltx 2021/01/10 v1.0c Emulation of the original atbegshi
package with kernel methods
)
\Hy@abspage=\count302
\c@Item=\count303
\c@Hfootnote=\count304
)
Package hyperref Info: Driver (autodetected): hpdftex.

(/usr/local/texlive/2025/texmf-dist/tex/latex/hyperref/hpdftex.def
File: hpdftex.def 2024-11-05 v7.01l Hyperref driver for pdfTeX

(/usr/local/texlive/2025/texmf-dist/tex/latex/base/atveryend-ltx.sty
Package: atveryend-ltx 2020/08/19 v1.0a Emulation of the original atveryend pac
kage
with kernel methods
)
\Fld@listcount=\count305
\c@bookmark@seq@number=\count306

(/usr/local/texlive/2025/texmf-dist/tex/latex/rerunfilecheck/rerunfilecheck.sty
Package: rerunfilecheck 2022-07-10 v1.10 Rerun checks for auxiliary files (HO)

(/usr/local/texlive/2025/texmf-dist/tex/generic/uniquecounter/uniquecounter.sty
Package: uniquecounter 2019/12/15 v1.4 Provide unlimited unique counter (HO)
)
Package uniquecounter Info: New unique counter `rerunfilecheck' on input line 2
85.
)
\Hy@SectionHShift=\skip63
) (/usr/local/texlive/2025/texmf-dist/tex/latex/cleveref/cleveref.sty
Package: cleveref 2018/03/27 v0.21.4 Intelligent cross-referencing
Package cleveref Info: `hyperref' support loaded on input line 2370.
LaTeX Info: Redefining \cref on input line 2370.
LaTeX Info: Redefining \Cref on input line 2370.
LaTeX Info: Redefining \crefrange on input line 2370.
LaTeX Info: Redefining \Crefrange on input line 2370.
LaTeX Info: Redefining \cpageref on input line 2370.
LaTeX Info: Redefining \Cpageref on input line 2370.
LaTeX Info: Redefining \cpagerefrange on input line 2370.
LaTeX Info: Redefining \Cpagerefrange on input line 2370.
LaTeX Info: Redefining \labelcref on input line 2370.
LaTeX Info: Redefining \labelcpageref on input line 2370.
Package cleveref Info: `amsthm' support loaded on input line 3026.
Package cleveref Info: include cross-reference names in hyperlinks on input lin
e 7836.
Package cleveref Info: include cross-reference names in hyperlinks on input lin
e 7852.
Package cleveref Info: no abbreviation of names on input line 7852.
)
(/usr/local/texlive/2025/texmf-dist/tex/latex/microtype/microtype.sty
Package: microtype 2025/02/11 v3.2a Micro-typographical refinements (RS)
\MT@toks=\toks36
\MT@tempbox=\box59
\MT@count=\count307
LaTeX Info: Redefining \noprotrusionifhmode on input line 1087.
LaTeX Info: Redefining \leftprotrusion on input line 1088.
\MT@prot@toks=\toks37
LaTeX Info: Redefining \rightprotrusion on input line 1107.
LaTeX Info: Redefining \textls on input line 1449.
\MT@outer@kern=\dimen193
LaTeX Info: Redefining \microtypecontext on input line 2053.
LaTeX Info: Redefining \textmicrotypecontext on input line 2070.
\MT@listname@count=\count308

(/usr/local/texlive/2025/texmf-dist/tex/latex/microtype/microtype-pdftex.def
File: microtype-pdftex.def 2025/02/11 v3.2a Definitions specific to pdftex (RS)

LaTeX Info: Redefining \lsstyle on input line 944.
LaTeX Info: Redefining \lslig on input line 944.
\MT@outer@space=\skip64
)
Package microtype Info: Loading configuration file microtype.cfg.

(/usr/local/texlive/2025/texmf-dist/tex/latex/microtype/microtype.cfg
File: microtype.cfg 2025/02/11 v3.2a microtype main configuration file (RS)
)
LaTeX Info: Redefining \microtypesetup on input line 3065.
)
(/usr/local/texlive/2025/texmf-dist/tex/latex/enumitem/enumitem.sty
Package: enumitem 2025/02/06 v3.11 Customized lists
\labelindent=\skip65
\enit@outerparindent=\dimen194
\enit@toks=\toks38
\enit@inbox=\box60
\enit@count@id=\count309
\enitdp@description=\count310
)
(/usr/local/texlive/2025/texmf-dist/tex/latex/siunitx/siunitx.sty
Package: siunitx 2025-02-27 v3.4.6 A comprehensive (SI) units package
\l__siunitx_number_uncert_offset_int=\count311
\l__siunitx_number_exponent_fixed_int=\count312
\l__siunitx_number_min_decimal_int=\count313
\l__siunitx_number_min_integer_int=\count314
\l__siunitx_number_round_precision_int=\count315
\l__siunitx_number_lower_threshold_int=\count316
\l__siunitx_number_upper_threshold_int=\count317
\l__siunitx_number_group_first_int=\count318
\l__siunitx_number_group_size_int=\count319
\l__siunitx_number_group_minimum_int=\count320
\l__siunitx_angle_tmp_dim=\dimen195
\l__siunitx_angle_marker_box=\box61
\l__siunitx_angle_unit_box=\box62
\l__siunitx_compound_count_int=\count321

(/usr/local/texlive/2025/texmf-dist/tex/latex/translations/translations.sty
Package: translations 2022/02/05 v1.12 internationalization of LaTeX2e packages
 (CN)
)
\l__siunitx_table_tmp_box=\box63
\l__siunitx_table_tmp_dim=\dimen196
\l__siunitx_table_column_width_dim=\dimen197
\l__siunitx_table_integer_box=\box64
\l__siunitx_table_decimal_box=\box65
\l__siunitx_table_uncert_box=\box66
\l__siunitx_table_before_box=\box67
\l__siunitx_table_after_box=\box68
\l__siunitx_table_before_dim=\dimen198
\l__siunitx_table_carry_dim=\dimen199
\l__siunitx_unit_tmp_int=\count322
\l__siunitx_unit_position_int=\count323
\l__siunitx_unit_total_int=\count324
)
(/usr/local/texlive/2025/texmf-dist/tex/latex/xcolor/xcolor.sty
Package: xcolor 2024/09/29 v3.02 LaTeX color extensions (UK)

(/usr/local/texlive/2025/texmf-dist/tex/latex/graphics-cfg/color.cfg
File: color.cfg 2016/01/02 v1.6 sample color configuration
)
Package xcolor Info: Driver file: pdftex.def on input line 274.

(/usr/local/texlive/2025/texmf-dist/tex/latex/graphics-def/pdftex.def
File: pdftex.def 2024/04/13 v1.2c Graphics/color driver for pdftex
)
(/usr/local/texlive/2025/texmf-dist/tex/latex/graphics/mathcolor.ltx)
Package xcolor Info: Model `cmy' substituted by `cmy0' on input line 1349.
Package xcolor Info: Model `hsb' substituted by `rgb' on input line 1353.
Package xcolor Info: Model `RGB' extended on input line 1365.
Package xcolor Info: Model `HTML' substituted by `rgb' on input line 1367.
Package xcolor Info: Model `Hsb' substituted by `hsb' on input line 1368.
Package xcolor Info: Model `tHsb' substituted by `hsb' on input line 1369.
Package xcolor Info: Model `HSB' substituted by `hsb' on input line 1370.
Package xcolor Info: Model `Gray' substituted by `gray' on input line 1371.
Package xcolor Info: Model `wave' substituted by `hsb' on input line 1372.
)
(/usr/local/texlive/2025/texmf-dist/tex/latex/caption/caption.sty
Package: caption 2023/08/05 v3.6o Customizing captions (AR)

(/usr/local/texlive/2025/texmf-dist/tex/latex/caption/caption3.sty
Package: caption3 2023/07/31 v2.4d caption3 kernel (AR)
\caption@tempdima=\dimen256
\captionmargin=\dimen257
\caption@leftmargin=\dimen258
\caption@rightmargin=\dimen259
\caption@width=\dimen260
\caption@indent=\dimen261
\caption@parindent=\dimen262
\caption@hangindent=\dimen263
Package caption Info: Standard document class detected.
)
\c@caption@flags=\count325
\c@continuedfloat=\count326
Package caption Info: float package is loaded.
Package caption Info: hyperref package is loaded.
)
(/usr/local/texlive/2025/texmf-dist/tex/latex/tcolorbox/tcolorbox.sty
Package: tcolorbox 2024/10/22 version 6.4.1 text color boxes

(/usr/local/texlive/2025/texmf-dist/tex/latex/pgf/frontendlayer/tikz.sty
(/usr/local/texlive/2025/texmf-dist/tex/latex/pgf/basiclayer/pgf.sty
(/usr/local/texlive/2025/texmf-dist/tex/latex/pgf/utilities/pgfrcs.sty
(/usr/local/texlive/2025/texmf-dist/tex/generic/pgf/utilities/pgfutil-common.te
x
\pgfutil@everybye=\toks39
\pgfutil@tempdima=\dimen264
\pgfutil@tempdimb=\dimen265
)
(/usr/local/texlive/2025/texmf-dist/tex/generic/pgf/utilities/pgfutil-latex.def
\pgfutil@abb=\box69
) (/usr/local/texlive/2025/texmf-dist/tex/generic/pgf/utilities/pgfrcs.code.tex
(/usr/local/texlive/2025/texmf-dist/tex/generic/pgf/pgf.revision.tex)
Package: pgfrcs 2023-01-15 v3.1.10 (3.1.10)
))
Package: pgf 2023-01-15 v3.1.10 (3.1.10)

(/usr/local/texlive/2025/texmf-dist/tex/latex/pgf/basiclayer/pgfcore.sty
(/usr/local/texlive/2025/texmf-dist/tex/latex/graphics/graphicx.sty
Package: graphicx 2021/09/16 v1.2d Enhanced LaTeX Graphics (DPC,SPQR)

(/usr/local/texlive/2025/texmf-dist/tex/latex/graphics/graphics.sty
Package: graphics 2024/08/06 v1.4g Standard LaTeX Graphics (DPC,SPQR)

(/usr/local/texlive/2025/texmf-dist/tex/latex/graphics/trig.sty
Package: trig 2023/12/02 v1.11 sin cos tan (DPC)
)
(/usr/local/texlive/2025/texmf-dist/tex/latex/graphics-cfg/graphics.cfg
File: graphics.cfg 2016/06/04 v1.11 sample graphics configuration
)
Package graphics Info: Driver file: pdftex.def on input line 106.
)
\Gin@req@height=\dimen266
\Gin@req@width=\dimen267
)
(/usr/local/texlive/2025/texmf-dist/tex/latex/pgf/systemlayer/pgfsys.sty
(/usr/local/texlive/2025/texmf-dist/tex/generic/pgf/systemlayer/pgfsys.code.tex
Package: pgfsys 2023-01-15 v3.1.10 (3.1.10)
(/usr/local/texlive/2025/texmf-dist/tex/generic/pgf/utilities/pgfkeys.code.tex
\pgfkeys@pathtoks=\toks40
\pgfkeys@temptoks=\toks41

(/usr/local/texlive/2025/texmf-dist/tex/generic/pgf/utilities/pgfkeyslibraryfil
tered.code.tex
\pgfkeys@tmptoks=\toks42
))
\pgf@x=\dimen268
\pgf@y=\dimen269
\pgf@xa=\dimen270
\pgf@ya=\dimen271
\pgf@xb=\dimen272
\pgf@yb=\dimen273
\pgf@xc=\dimen274
\pgf@yc=\dimen275
\pgf@xd=\dimen276
\pgf@yd=\dimen277
\w@pgf@writea=\write3
\r@pgf@reada=\read2
\c@pgf@counta=\count327
\c@pgf@countb=\count328
\c@pgf@countc=\count329
\c@pgf@countd=\count330
\t@pgf@toka=\toks43
\t@pgf@tokb=\toks44
\t@pgf@tokc=\toks45
\pgf@sys@id@count=\count331

(/usr/local/texlive/2025/texmf-dist/tex/generic/pgf/systemlayer/pgf.cfg
File: pgf.cfg 2023-01-15 v3.1.10 (3.1.10)
)
Driver file for pgf: pgfsys-pdftex.def

(/usr/local/texlive/2025/texmf-dist/tex/generic/pgf/systemlayer/pgfsys-pdftex.d
ef
File: pgfsys-pdftex.def 2023-01-15 v3.1.10 (3.1.10)

(/usr/local/texlive/2025/texmf-dist/tex/generic/pgf/systemlayer/pgfsys-common-p
df.def
File: pgfsys-common-pdf.def 2023-01-15 v3.1.10 (3.1.10)
)))
(/usr/local/texlive/2025/texmf-dist/tex/generic/pgf/systemlayer/pgfsyssoftpath.
code.tex
File: pgfsyssoftpath.code.tex 2023-01-15 v3.1.10 (3.1.10)
\pgfsyssoftpath@smallbuffer@items=\count332
\pgfsyssoftpath@bigbuffer@items=\count333
)
(/usr/local/texlive/2025/texmf-dist/tex/generic/pgf/systemlayer/pgfsysprotocol.
code.tex
File: pgfsysprotocol.code.tex 2023-01-15 v3.1.10 (3.1.10)
))
(/usr/local/texlive/2025/texmf-dist/tex/generic/pgf/basiclayer/pgfcore.code.tex
Package: pgfcore 2023-01-15 v3.1.10 (3.1.10)
(/usr/local/texlive/2025/texmf-dist/tex/generic/pgf/math/pgfmath.code.tex
(/usr/local/texlive/2025/texmf-dist/tex/generic/pgf/math/pgfmathutil.code.tex)
(/usr/local/texlive/2025/texmf-dist/tex/generic/pgf/math/pgfmathparser.code.tex
\pgfmath@dimen=\dimen278
\pgfmath@count=\count334
\pgfmath@box=\box70
\pgfmath@toks=\toks46
\pgfmath@stack@operand=\toks47
\pgfmath@stack@operation=\toks48
)
(/usr/local/texlive/2025/texmf-dist/tex/generic/pgf/math/pgfmathfunctions.code.
tex)
(/usr/local/texlive/2025/texmf-dist/tex/generic/pgf/math/pgfmathfunctions.basic
.code.tex)
(/usr/local/texlive/2025/texmf-dist/tex/generic/pgf/math/pgfmathfunctions.trigo
nometric.code.tex)
(/usr/local/texlive/2025/texmf-dist/tex/generic/pgf/math/pgfmathfunctions.rando
m.code.tex)
(/usr/local/texlive/2025/texmf-dist/tex/generic/pgf/math/pgfmathfunctions.compa
rison.code.tex)
(/usr/local/texlive/2025/texmf-dist/tex/generic/pgf/math/pgfmathfunctions.base.
code.tex)
(/usr/local/texlive/2025/texmf-dist/tex/generic/pgf/math/pgfmathfunctions.round
.code.tex)
(/usr/local/texlive/2025/texmf-dist/tex/generic/pgf/math/pgfmathfunctions.misc.
code.tex)
(/usr/local/texlive/2025/texmf-dist/tex/generic/pgf/math/pgfmathfunctions.integ
erarithmetics.code.tex)
(/usr/local/texlive/2025/texmf-dist/tex/generic/pgf/math/pgfmathcalc.code.tex)
(/usr/local/texlive/2025/texmf-dist/tex/generic/pgf/math/pgfmathfloat.code.tex
\c@pgfmathroundto@lastzeros=\count335
)) (/usr/local/texlive/2025/texmf-dist/tex/generic/pgf/math/pgfint.code.tex)
(/usr/local/texlive/2025/texmf-dist/tex/generic/pgf/basiclayer/pgfcorepoints.co
de.tex
File: pgfcorepoints.code.tex 2023-01-15 v3.1.10 (3.1.10)
\pgf@picminx=\dimen279
\pgf@picmaxx=\dimen280
\pgf@picminy=\dimen281
\pgf@picmaxy=\dimen282
\pgf@pathminx=\dimen283
\pgf@pathmaxx=\dimen284
\pgf@pathminy=\dimen285
\pgf@pathmaxy=\dimen286
\pgf@xx=\dimen287
\pgf@xy=\dimen288
\pgf@yx=\dimen289
\pgf@yy=\dimen290
\pgf@zx=\dimen291
\pgf@zy=\dimen292
)
(/usr/local/texlive/2025/texmf-dist/tex/generic/pgf/basiclayer/pgfcorepathconst
ruct.code.tex
File: pgfcorepathconstruct.code.tex 2023-01-15 v3.1.10 (3.1.10)
\pgf@path@lastx=\dimen293
\pgf@path@lasty=\dimen294
)
(/usr/local/texlive/2025/texmf-dist/tex/generic/pgf/basiclayer/pgfcorepathusage
.code.tex
File: pgfcorepathusage.code.tex 2023-01-15 v3.1.10 (3.1.10)
\pgf@shorten@end@additional=\dimen295
\pgf@shorten@start@additional=\dimen296
)
(/usr/local/texlive/2025/texmf-dist/tex/generic/pgf/basiclayer/pgfcorescopes.co
de.tex
File: pgfcorescopes.code.tex 2023-01-15 v3.1.10 (3.1.10)
\pgfpic=\box71
\pgf@hbox=\box72
\pgf@layerbox@main=\box73
\pgf@picture@serial@count=\count336
)
(/usr/local/texlive/2025/texmf-dist/tex/generic/pgf/basiclayer/pgfcoregraphicst
ate.code.tex
File: pgfcoregraphicstate.code.tex 2023-01-15 v3.1.10 (3.1.10)
\pgflinewidth=\dimen297
)
(/usr/local/texlive/2025/texmf-dist/tex/generic/pgf/basiclayer/pgfcoretransform
ations.code.tex
File: pgfcoretransformations.code.tex 2023-01-15 v3.1.10 (3.1.10)
\pgf@pt@x=\dimen298
\pgf@pt@y=\dimen299
\pgf@pt@temp=\dimen300
)
(/usr/local/texlive/2025/texmf-dist/tex/generic/pgf/basiclayer/pgfcorequick.cod
e.tex
File: pgfcorequick.code.tex 2023-01-15 v3.1.10 (3.1.10)
)
(/usr/local/texlive/2025/texmf-dist/tex/generic/pgf/basiclayer/pgfcoreobjects.c
ode.tex
File: pgfcoreobjects.code.tex 2023-01-15 v3.1.10 (3.1.10)
)
(/usr/local/texlive/2025/texmf-dist/tex/generic/pgf/basiclayer/pgfcorepathproce
ssing.code.tex
File: pgfcorepathprocessing.code.tex 2023-01-15 v3.1.10 (3.1.10)
)
(/usr/local/texlive/2025/texmf-dist/tex/generic/pgf/basiclayer/pgfcorearrows.co
de.tex
File: pgfcorearrows.code.tex 2023-01-15 v3.1.10 (3.1.10)
\pgfarrowsep=\dimen301
)
(/usr/local/texlive/2025/texmf-dist/tex/generic/pgf/basiclayer/pgfcoreshade.cod
e.tex
File: pgfcoreshade.code.tex 2023-01-15 v3.1.10 (3.1.10)
\pgf@max=\dimen302
\pgf@sys@shading@range@num=\count337
\pgf@shadingcount=\count338
)
(/usr/local/texlive/2025/texmf-dist/tex/generic/pgf/basiclayer/pgfcoreimage.cod
e.tex
File: pgfcoreimage.code.tex 2023-01-15 v3.1.10 (3.1.10)
)
(/usr/local/texlive/2025/texmf-dist/tex/generic/pgf/basiclayer/pgfcoreexternal.
code.tex
File: pgfcoreexternal.code.tex 2023-01-15 v3.1.10 (3.1.10)
\pgfexternal@startupbox=\box74
)
(/usr/local/texlive/2025/texmf-dist/tex/generic/pgf/basiclayer/pgfcorelayers.co
de.tex
File: pgfcorelayers.code.tex 2023-01-15 v3.1.10 (3.1.10)
)
(/usr/local/texlive/2025/texmf-dist/tex/generic/pgf/basiclayer/pgfcoretranspare
ncy.code.tex
File: pgfcoretransparency.code.tex 2023-01-15 v3.1.10 (3.1.10)
)
(/usr/local/texlive/2025/texmf-dist/tex/generic/pgf/basiclayer/pgfcorepatterns.
code.tex
File: pgfcorepatterns.code.tex 2023-01-15 v3.1.10 (3.1.10)
)
(/usr/local/texlive/2025/texmf-dist/tex/generic/pgf/basiclayer/pgfcorerdf.code.
tex
File: pgfcorerdf.code.tex 2023-01-15 v3.1.10 (3.1.10)
)))
(/usr/local/texlive/2025/texmf-dist/tex/generic/pgf/modules/pgfmoduleshapes.cod
e.tex
File: pgfmoduleshapes.code.tex 2023-01-15 v3.1.10 (3.1.10)
\pgfnodeparttextbox=\box75
)
(/usr/local/texlive/2025/texmf-dist/tex/generic/pgf/modules/pgfmoduleplot.code.
tex
File: pgfmoduleplot.code.tex 2023-01-15 v3.1.10 (3.1.10)
)
(/usr/local/texlive/2025/texmf-dist/tex/latex/pgf/compatibility/pgfcomp-version
-0-65.sty
Package: pgfcomp-version-0-65 2023-01-15 v3.1.10 (3.1.10)
\pgf@nodesepstart=\dimen303
\pgf@nodesepend=\dimen304
)
(/usr/local/texlive/2025/texmf-dist/tex/latex/pgf/compatibility/pgfcomp-version
-1-18.sty
Package: pgfcomp-version-1-18 2023-01-15 v3.1.10 (3.1.10)
))
(/usr/local/texlive/2025/texmf-dist/tex/latex/pgf/utilities/pgffor.sty
(/usr/local/texlive/2025/texmf-dist/tex/latex/pgf/utilities/pgfkeys.sty
(/usr/local/texlive/2025/texmf-dist/tex/generic/pgf/utilities/pgfkeys.code.tex)
) (/usr/local/texlive/2025/texmf-dist/tex/latex/pgf/math/pgfmath.sty
(/usr/local/texlive/2025/texmf-dist/tex/generic/pgf/math/pgfmath.code.tex))
(/usr/local/texlive/2025/texmf-dist/tex/generic/pgf/utilities/pgffor.code.tex
Package: pgffor 2023-01-15 v3.1.10 (3.1.10)
\pgffor@iter=\dimen305
\pgffor@skip=\dimen306
\pgffor@stack=\toks49
\pgffor@toks=\toks50
))
(/usr/local/texlive/2025/texmf-dist/tex/generic/pgf/frontendlayer/tikz/tikz.cod
e.tex
Package: tikz 2023-01-15 v3.1.10 (3.1.10)

(/usr/local/texlive/2025/texmf-dist/tex/generic/pgf/libraries/pgflibraryplothan
dlers.code.tex
File: pgflibraryplothandlers.code.tex 2023-01-15 v3.1.10 (3.1.10)
\pgf@plot@mark@count=\count339
\pgfplotmarksize=\dimen307
)
\tikz@lastx=\dimen308
\tikz@lasty=\dimen309
\tikz@lastxsaved=\dimen310
\tikz@lastysaved=\dimen311
\tikz@lastmovetox=\dimen312
\tikz@lastmovetoy=\dimen313
\tikzleveldistance=\dimen314
\tikzsiblingdistance=\dimen315
\tikz@figbox=\box76
\tikz@figbox@bg=\box77
\tikz@tempbox=\box78
\tikz@tempbox@bg=\box79
\tikztreelevel=\count340
\tikznumberofchildren=\count341
\tikznumberofcurrentchild=\count342
\tikz@fig@count=\count343

(/usr/local/texlive/2025/texmf-dist/tex/generic/pgf/modules/pgfmodulematrix.cod
e.tex
File: pgfmodulematrix.code.tex 2023-01-15 v3.1.10 (3.1.10)
\pgfmatrixcurrentrow=\count344
\pgfmatrixcurrentcolumn=\count345
\pgf@matrix@numberofcolumns=\count346
)
\tikz@expandcount=\count347

(/usr/local/texlive/2025/texmf-dist/tex/generic/pgf/frontendlayer/tikz/librarie
s/tikzlibrarytopaths.code.tex
File: tikzlibrarytopaths.code.tex 2023-01-15 v3.1.10 (3.1.10)
)))
(/usr/local/texlive/2025/texmf-dist/tex/latex/tools/verbatim.sty
Package: verbatim 2024-01-22 v1.5x LaTeX2e package for verbatim enhancements
\every@verbatim=\toks51
\verbatim@line=\toks52
\verbatim@in@stream=\read3
)
(/usr/local/texlive/2025/texmf-dist/tex/latex/environ/environ.sty
Package: environ 2014/05/04 v0.3 A new way to define environments

(/usr/local/texlive/2025/texmf-dist/tex/latex/trimspaces/trimspaces.sty
Package: trimspaces 2009/09/17 v1.1 Trim spaces around a token list
))
\tcb@titlebox=\box80
\tcb@upperbox=\box81
\tcb@lowerbox=\box82
\tcb@phantombox=\box83
\c@tcbbreakpart=\count348
\c@tcblayer=\count349
\c@tcolorbox@number=\count350
\l__tcobox_tmpa_box=\box84
\l__tcobox_tmpa_dim=\dimen316
\tcb@temp=\box85
\tcb@temp=\box86
\tcb@temp=\box87
\tcb@temp=\box88
)
(/usr/local/texlive/2025/texmf-dist/tex/latex/tcolorbox/tcbskins.code.tex
Library (tcolorbox): 'tcbskins.code.tex' version '6.4.1'
(/usr/local/texlive/2025/texmf-dist/tex/latex/tikzfill/tikzfill.image.sty
Package: tikzfill.image 2023/08/08 v1.0.1 Image filling library for TikZ

(/usr/local/texlive/2025/texmf-dist/tex/latex/tikzfill/tikzfill-common.sty
Package: tikzfill-common 2023/08/08 v1.0.1 Auxiliary code for tikzfill
)
(/usr/local/texlive/2025/texmf-dist/tex/latex/tikzfill/tikzlibraryfill.image.co
de.tex
File: tikzlibraryfill.image.code.tex 2023/08/08 v1.0.1 Image filling library
\l__tikzfill_img_box=\box89
))
(/usr/local/texlive/2025/texmf-dist/tex/latex/tcolorbox/tcbskinsjigsaw.code.tex
Library (tcolorbox): 'tcbskinsjigsaw.code.tex' version '6.4.1'
))
(/usr/local/texlive/2025/texmf-dist/tex/latex/tcolorbox/tcbbreakable.code.tex
Library (tcolorbox): 'tcbbreakable.code.tex' version '6.4.1'
(/usr/local/texlive/2025/texmf-dist/tex/latex/pdfcol/pdfcol.sty
Package: pdfcol 2022-09-21 v1.7 Handle new color stacks for pdfTeX (HO)
)
Package pdfcol Info: New color stack `tcb@breakable' = 1 on input line 23.
\tcb@testbox=\box90
\tcb@totalupperbox=\box91
\tcb@totallowerbox=\box92
)
(/usr/local/texlive/2025/texmf-dist/tex/latex/thmtools/thmtools.sty
Package: thmtools 2023/05/04 v0.76
\thmt@toks=\toks53
\c@thmt@dummyctr=\count351

(/usr/local/texlive/2025/texmf-dist/tex/latex/thmtools/thm-patch.sty
Package: thm-patch 2023/05/04 v0.76

(/usr/local/texlive/2025/texmf-dist/tex/latex/thmtools/parseargs.sty
Package: parseargs 2023/05/04 v0.76
\@parsespec=\toks54
))
(/usr/local/texlive/2025/texmf-dist/tex/latex/thmtools/thm-kv.sty
Package: thm-kv 2023/05/04 v0.76
Package thm-kv Info: Theorem names will be uppercased on input line 42.
Package thm-kv Info: kvsetkeys patch (v1.16 or later) on input line 158.
)
(/usr/local/texlive/2025/texmf-dist/tex/latex/thmtools/thm-autoref.sty
Package: thm-autoref 2023/05/04 v0.76

(/usr/local/texlive/2025/texmf-dist/tex/latex/thmtools/aliasctr.sty
Package: aliasctr 2023/05/04 v0.76
))
(/usr/local/texlive/2025/texmf-dist/tex/latex/thmtools/thm-listof.sty
Package: thm-listof 2023/05/04 v0.76
)
(/usr/local/texlive/2025/texmf-dist/tex/latex/thmtools/thm-restate.sty
Package: thm-restate 2023/05/04 v0.76
)
(/usr/local/texlive/2025/texmf-dist/tex/latex/thmtools/thm-amsthm.sty
Package: thm-amsthm 2023/05/04 v0.76
\thmt@style@headstyle=\toks55
))
(/usr/local/texlive/2025/texmf-dist/tex/generic/pgf/libraries/pgflibraryarrows.
meta.code.tex
File: pgflibraryarrows.meta.code.tex 2023-01-15 v3.1.10 (3.1.10)
\pgfarrowinset=\dimen317
\pgfarrowlength=\dimen318
\pgfarrowwidth=\dimen319
\pgfarrowlinewidth=\dimen320
)
(/usr/local/texlive/2025/texmf-dist/tex/generic/pgf/frontendlayer/tikz/librarie
s/tikzlibrarypositioning.code.tex
File: tikzlibrarypositioning.code.tex 2023-01-15 v3.1.10 (3.1.10)
)
(/usr/local/texlive/2025/texmf-dist/tex/generic/pgf/frontendlayer/tikz/librarie
s/tikzlibrarycalc.code.tex
File: tikzlibrarycalc.code.tex 2023-01-15 v3.1.10 (3.1.10)
)
(/usr/local/texlive/2025/texmf-dist/tex/generic/pgf/frontendlayer/tikz/librarie
s/tikzlibraryfit.code.tex
File: tikzlibraryfit.code.tex 2023-01-15 v3.1.10 (3.1.10)
)
(/usr/local/texlive/2025/texmf-dist/tex/generic/pgf/frontendlayer/tikz/librarie
s/tikzlibrarybackgrounds.code.tex
File: tikzlibrarybackgrounds.code.tex 2023-01-15 v3.1.10 (3.1.10)
\pgf@layerbox@background=\box93
\pgf@layerboxsaved@background=\box94
)
(/usr/local/texlive/2025/texmf-dist/tex/generic/pgf/frontendlayer/tikz/librarie
s/tikzlibrarymatrix.code.tex
File: tikzlibrarymatrix.code.tex 2023-01-15 v3.1.10 (3.1.10)
)
(/usr/local/texlive/2025/texmf-dist/tex/generic/pgf/frontendlayer/tikz/librarie
s/tikzlibrarydecorations.pathmorphing.code.tex
(/usr/local/texlive/2025/texmf-dist/tex/generic/pgf/frontendlayer/tikz/librarie
s/tikzlibrarydecorations.code.tex
(/usr/local/texlive/2025/texmf-dist/tex/generic/pgf/modules/pgfmoduledecoration
s.code.tex
\pgfdecoratedcompleteddistance=\dimen321
\pgfdecoratedremainingdistance=\dimen322
\pgfdecoratedinputsegmentcompleteddistance=\dimen323
\pgfdecoratedinputsegmentremainingdistance=\dimen324
\pgf@decorate@distancetomove=\dimen325
\pgf@decorate@repeatstate=\count352
\pgfdecorationsegmentamplitude=\dimen326
\pgfdecorationsegmentlength=\dimen327
)
\tikz@lib@dec@box=\box95
)
(/usr/local/texlive/2025/texmf-dist/tex/generic/pgf/libraries/decorations/pgfli
brarydecorations.pathmorphing.code.tex))
(/usr/local/texlive/2025/texmf-dist/tex/latex/pgfplots/pgfplots.sty
(/usr/local/texlive/2025/texmf-dist/tex/generic/pgfplots/pgfplots.revision.tex)
Package: pgfplots 2021/05/15 v1.18.1 Data Visualization (1.18.1)
(/usr/local/texlive/2025/texmf-dist/tex/generic/pgfplots/pgfplots.code.tex
(/usr/local/texlive/2025/texmf-dist/tex/generic/pgfplots/pgfplotscore.code.tex
\t@pgfplots@toka=\toks56
\t@pgfplots@tokb=\toks57
\t@pgfplots@tokc=\toks58
\pgfplots@tmpa=\dimen328
\c@pgfplots@coordindex=\count353
\c@pgfplots@scanlineindex=\count354

(/usr/local/texlive/2025/texmf-dist/tex/generic/pgfplots/sys/pgfplotssysgeneric
.code.tex))
(/usr/local/texlive/2025/texmf-dist/tex/generic/pgfplots/libs/pgfplotslibrary.c
ode.tex)
(/usr/local/texlive/2025/texmf-dist/tex/generic/pgfplots/oldpgfcompatib/pgfplot
soldpgfsupp_loader.code.tex
(/usr/local/texlive/2025/texmf-dist/tex/generic/pgf/libraries/pgflibraryfpu.cod
e.tex)
Package pgfplots: loading complementary utilities for your pgf version...
\t@pgf@toka=\toks59
\t@pgf@tokb=\toks60
\t@pgf@tokc=\toks61

(/usr/local/texlive/2025/texmf-dist/tex/generic/pgfplots/oldpgfcompatib/pgfplot
soldpgfsupp_pgfutil-common-lists.tex))
(/usr/local/texlive/2025/texmf-dist/tex/generic/pgfplots/util/pgfplotsutil.code
.tex
(/usr/local/texlive/2025/texmf-dist/tex/generic/pgfplots/liststructure/pgfplots
liststructure.code.tex)
(/usr/local/texlive/2025/texmf-dist/tex/generic/pgfplots/liststructure/pgfplots
liststructureext.code.tex)
(/usr/local/texlive/2025/texmf-dist/tex/generic/pgfplots/liststructure/pgfplots
array.code.tex
\c@pgfplotsarray@tmp=\count355
)
(/usr/local/texlive/2025/texmf-dist/tex/generic/pgfplots/liststructure/pgfplots
matrix.code.tex)
(/usr/local/texlive/2025/texmf-dist/tex/generic/pgfplots/numtable/pgfplotstable
shared.code.tex
\c@pgfplotstable@counta=\count356
\t@pgfplotstable@a=\toks62
)
(/usr/local/texlive/2025/texmf-dist/tex/generic/pgfplots/liststructure/pgfplots
deque.code.tex)
(/usr/local/texlive/2025/texmf-dist/tex/generic/pgfplots/util/pgfplotsbinary.co
de.tex
(/usr/local/texlive/2025/texmf-dist/tex/generic/pgfplots/util/pgfplotsbinary.da
ta.code.tex))
(/usr/local/texlive/2025/texmf-dist/tex/generic/pgfplots/util/pgfplotsutil.verb
.code.tex)
(/usr/local/texlive/2025/texmf-dist/tex/generic/pgfplots/libs/pgflibrarypgfplot
s.surfshading.code.tex
\c@pgfplotslibrarysurf@no=\count357

(/usr/local/texlive/2025/texmf-dist/tex/generic/pgfplots/sys/pgflibrarypgfplots
.surfshading.pgfsys-pdftex.def)))
(/usr/local/texlive/2025/texmf-dist/tex/generic/pgfplots/util/pgfplotscolormap.
code.tex
(/usr/local/texlive/2025/texmf-dist/tex/generic/pgfplots/util/pgfplotscolor.cod
e.tex))
(/usr/local/texlive/2025/texmf-dist/tex/generic/pgfplots/pgfplotsstackedplots.c
ode.tex)
(/usr/local/texlive/2025/texmf-dist/tex/generic/pgfplots/pgfplotsplothandlers.c
ode.tex
(/usr/local/texlive/2025/texmf-dist/tex/generic/pgfplots/pgfplotsmeshplothandle
r.code.tex
(/usr/local/texlive/2025/texmf-dist/tex/generic/pgfplots/pgfplotsmeshplotimage.
code.tex)))
(/usr/local/texlive/2025/texmf-dist/tex/generic/pgfplots/pgfplots.scaling.code.
tex)
(/usr/local/texlive/2025/texmf-dist/tex/generic/pgfplots/pgfplotscoordprocessin
g.code.tex)
(/usr/local/texlive/2025/texmf-dist/tex/generic/pgfplots/pgfplots.errorbars.cod
e.tex)
(/usr/local/texlive/2025/texmf-dist/tex/generic/pgfplots/pgfplots.markers.code.
tex)
(/usr/local/texlive/2025/texmf-dist/tex/generic/pgfplots/pgfplotsticks.code.tex
)
(/usr/local/texlive/2025/texmf-dist/tex/generic/pgfplots/pgfplots.paths.code.te
x)
(/usr/local/texlive/2025/texmf-dist/tex/generic/pgf/frontendlayer/tikz/librarie
s/tikzlibrarydecorations.pathreplacing.code.tex
(/usr/local/texlive/2025/texmf-dist/tex/generic/pgf/libraries/decorations/pgfli
brarydecorations.pathreplacing.code.tex))
(/usr/local/texlive/2025/texmf-dist/tex/generic/pgfplots/libs/tikzlibrarypgfplo
ts.contourlua.code.tex)
\pgfplots@numplots=\count358
\pgfplots@xmin@reg=\dimen329
\pgfplots@xmax@reg=\dimen330
\pgfplots@ymin@reg=\dimen331
\pgfplots@ymax@reg=\dimen332
\pgfplots@zmin@reg=\dimen333
\pgfplots@zmax@reg=\dimen334
)
(/usr/local/texlive/2025/texmf-dist/tex/generic/pgf/frontendlayer/tikz/librarie
s/tikzlibraryplotmarks.code.tex
File: tikzlibraryplotmarks.code.tex 2023-01-15 v3.1.10 (3.1.10)

(/usr/local/texlive/2025/texmf-dist/tex/generic/pgf/libraries/pgflibraryplotmar
ks.code.tex
File: pgflibraryplotmarks.code.tex 2023-01-15 v3.1.10 (3.1.10)
)))
(/usr/local/texlive/2025/texmf-dist/tex/latex/tools/longtable.sty
Package: longtable 2024-10-27 v4.22 Multi-page Table package (DPC)
\LTleft=\skip66
\LTright=\skip67
\LTpre=\skip68
\LTpost=\skip69
\LTchunksize=\count359
\LTcapwidth=\dimen335
\LT@head=\box96
\LT@firsthead=\box97
\LT@foot=\box98
\LT@lastfoot=\box99
\LT@gbox=\box100
\LT@cols=\count360
\LT@rows=\count361
\c@LT@tables=\count362
\c@LT@chunks=\count363
\LT@p@ftn=\toks63
)
(/usr/local/texlive/2025/texmf-dist/tex/latex/multirow/multirow.sty
Package: multirow 2024/11/12 v2.9 Span multiple rows of a table
\multirow@colwidth=\skip70
\multirow@cntb=\count364
\multirow@dima=\skip71
\bigstrutjot=\dimen336
)
(/usr/local/texlive/2025/texmf-dist/tex/latex/makecell/makecell.sty
Package: makecell 2009/08/03 V0.1e Managing of Tab Column Heads and Cells
\rotheadsize=\dimen337
\c@nlinenum=\count365
\TeXr@lab=\toks64
)
(/usr/local/texlive/2025/texmf-dist/tex/latex/tools/bm.sty
Package: bm 2023/12/19 v1.2f Bold Symbol Support (DPC/FMi)
\symboldoperators=\mathgroup7
\symboldletters=\mathgroup8
\symboldsymbols=\mathgroup9
Package bm Info: No bold for \OMX/zplm/m/n, using \pmb.
\symboldupright=\mathgroup10
Package bm Info: No bold for \U/msa/m/n, using \pmb.
Package bm Info: No bold for \U/msb/m/n, using \pmb.
LaTeX Font Info:    Redeclaring math alphabet \mathbf on input line 149.
)
(/usr/local/texlive/2025/texmf-dist/tex/latex/csquotes/csquotes.sty
Package: csquotes 2024-04-04 v5.2o context-sensitive quotations (JAW)
\csq@reset=\count366
\csq@gtype=\count367
\csq@glevel=\count368
\csq@qlevel=\count369
\csq@maxlvl=\count370
\csq@tshold=\count371
\csq@ltx@everypar=\toks65

(/usr/local/texlive/2025/texmf-dist/tex/latex/csquotes/csquotes.def
File: csquotes.def 2024-04-04 v5.2o csquotes generic definitions (JAW)
)
Package csquotes Info: Trying to load configuration file 'csquotes.cfg'...
Package csquotes Info: ... configuration file loaded successfully.

(/usr/local/texlive/2025/texmf-dist/tex/latex/csquotes/csquotes.cfg
File: csquotes.cfg 
))
(/usr/local/texlive/2025/texmf-dist/tex/latex/fancyhdr/fancyhdr.sty
Package: fancyhdr 2025/02/07 v5.2 Extensive control of page headers and footers

\f@nch@headwidth=\skip72
\f@nch@offset@elh=\skip73
\f@nch@offset@erh=\skip74
\f@nch@offset@olh=\skip75
\f@nch@offset@orh=\skip76
\f@nch@offset@elf=\skip77
\f@nch@offset@erf=\skip78
\f@nch@offset@olf=\skip79
\f@nch@offset@orf=\skip80
\f@nch@height=\skip81
\f@nch@footalignment=\skip82
\f@nch@widthL=\skip83
\f@nch@widthC=\skip84
\f@nch@widthR=\skip85
\@temptokenb=\toks66
)
(/usr/local/texlive/2025/texmf-dist/tex/latex/titlesec/titlesec.sty
Package: titlesec 2025/01/04 v2.17 Sectioning titles
\ttl@box=\box101
\beforetitleunit=\skip86
\aftertitleunit=\skip87
\ttl@plus=\dimen338
\ttl@minus=\dimen339
\ttl@toksa=\toks67
\titlewidth=\dimen340
\titlewidthlast=\dimen341
\titlewidthfirst=\dimen342
)
Package hyperref Info: Option `colorlinks' set `true' on input line 45.

Package siunitx Info: Option "detect-all" has been deprecated in this release.
(siunitx)             
(siunitx)             Use "mode = match, propagate-math-font = true,
(siunitx)             reset-math-version = false, reset-text-family = false,
(siunitx)             reset-text-series = false, reset-text-shape = false,
(siunitx)             text-family-to-math = true, text-series-to-math = true"
(siunitx)             as a replacement.

\c@theorem=\count372
)
(/usr/local/texlive/2025/texmf-dist/tex/latex/listings/listings.sty
\lst@mode=\count373
\lst@gtempboxa=\box102
\lst@token=\toks68
\lst@length=\count374
\lst@currlwidth=\dimen343
\lst@column=\count375
\lst@pos=\count376
\lst@lostspace=\dimen344
\lst@width=\dimen345
\lst@newlines=\count377
\lst@lineno=\count378
\lst@maxwidth=\dimen346

(/usr/local/texlive/2025/texmf-dist/tex/latex/listings/lstpatch.sty
File: lstpatch.sty 2024/09/23 1.10c (Carsten Heinz)
)
(/usr/local/texlive/2025/texmf-dist/tex/latex/listings/lstmisc.sty
File: lstmisc.sty 2024/09/23 1.10c (Carsten Heinz)
\c@lstnumber=\count379
\lst@skipnumbers=\count380
\lst@framebox=\box103
)
(/usr/local/texlive/2025/texmf-dist/tex/latex/listings/listings.cfg
File: listings.cfg 2024/09/23 1.10c listings configuration
))
Package: listings 2024/09/23 1.10c (Carsten Heinz)
Package translations Info: No language package found. I am going to use `englis
h' as default language. on input line 61.
Package csquotes Info: Checking for multilingual support...
Package csquotes Info: ... none found.
LaTeX Font Info:    Trying to load font information for T1+pplx on input line 6
1.

(/usr/local/texlive/2025/texmf-dist/tex/latex/psnfss/t1pplx.fd
File: t1pplx.fd 2004/09/06 font definitions for T1/pplx.
)
(/usr/local/texlive/2025/texmf-dist/tex/latex/l3backend/l3backend-pdftex.def
File: l3backend-pdftex.def 2024-05-08 L3 backend support: PDF output (pdfTeX)
\l__color_backend_stack_int=\count381
\l__pdf_internal_box=\box104
)
(./note_carrier_rigidity_lean4.aux)
\openout1 = `note_carrier_rigidity_lean4.aux'.

LaTeX Font Info:    Checking defaults for OML/cmm/m/it on input line 61.
LaTeX Font Info:    ... okay on input line 61.
LaTeX Font Info:    Checking defaults for OMS/cmsy/m/n on input line 61.
LaTeX Font Info:    ... okay on input line 61.
LaTeX Font Info:    Checking defaults for OT1/cmr/m/n on input line 61.
LaTeX Font Info:    ... okay on input line 61.
LaTeX Font Info:    Checking defaults for T1/cmr/m/n on input line 61.
LaTeX Font Info:    ... okay on input line 61.
LaTeX Font Info:    Checking defaults for TS1/cmr/m/n on input line 61.
LaTeX Font Info:    ... okay on input line 61.
LaTeX Font Info:    Checking defaults for OMX/cmex/m/n on input line 61.
LaTeX Font Info:    ... okay on input line 61.
LaTeX Font Info:    Checking defaults for U/cmr/m/n on input line 61.
LaTeX Font Info:    ... okay on input line 61.
LaTeX Font Info:    Checking defaults for PD1/pdf/m/n on input line 61.
LaTeX Font Info:    ... okay on input line 61.
LaTeX Font Info:    Checking defaults for PU/pdf/m/n on input line 61.
LaTeX Font Info:    ... okay on input line 61.

*geometry* driver: auto-detecting
*geometry* detected driver: pdftex
*geometry* verbose mode - [ preamble ] result:
* driver: pdftex
* paper: a4paper
* layout: <same size as paper>
* layoutoffset:(h,v)=(0.0pt,0.0pt)
* modes: 
* h-part:(L,W,R)=(72.26999pt, 452.9679pt, 72.26999pt)
* v-part:(T,H,B)=(72.26999pt, 700.50687pt, 72.26999pt)
* \paperwidth=597.50787pt
* \paperheight=845.04684pt
* \textwidth=452.9679pt
* \textheight=700.50687pt
* \oddsidemargin=0.0pt
* \evensidemargin=0.0pt
* \topmargin=-37.0pt
* \headheight=22.0pt
* \headsep=25.0pt
* \topskip=11.0pt
* \footskip=30.0pt
* \marginparwidth=50.0pt
* \marginparsep=10.0pt
* \columnsep=10.0pt
* \skip\footins=10.0pt plus 4.0pt minus 2.0pt
* \hoffset=0.0pt
* \voffset=0.0pt
* \mag=1000
* \@twocolumnfalse
* \@twosidefalse
* \@mparswitchfalse
* \@reversemarginfalse
* (1in=72.27pt=25.4mm, 1cm=28.453pt)

Package hyperref Info: Link coloring ON on input line 61.
(./note_carrier_rigidity_lean4.out) (./note_carrier_rigidity_lean4.out)
\@outlinefile=\write4
\openout4 = `note_carrier_rigidity_lean4.out'.

LaTeX Info: Redefining \microtypecontext on input line 61.
Package microtype Info: Applying patch `item' on input line 61.
Package microtype Info: Applying patch `toc' on input line 61.
Package microtype Info: Applying patch `eqnum' on input line 61.
Package microtype Info: Applying patch `footnote' on input line 61.
Package microtype Info: Applying patch `verbatim' on input line 61.
LaTeX Info: Redefining \microtypesetup on input line 61.
Package microtype Info: Generating PDF output.
Package microtype Info: Character protrusion enabled (level 2).
Package microtype Info: Using default protrusion set `alltext'.
Package microtype Info: Automatic font expansion enabled (level 2),
(microtype)             stretch: 20, shrink: 20, step: 1, non-selected.
Package microtype Info: Using default expansion set `alltext-nott'.
LaTeX Info: Redefining \showhyphens on input line 61.
Package microtype Info: No adjustment of tracking.
Package microtype Info: No adjustment of interword spacing.
Package microtype Info: No adjustment of character kerning.

(/usr/local/texlive/2025/texmf-dist/tex/latex/microtype/mt-ppl.cfg
File: mt-ppl.cfg 2005/11/16 v1.6 microtype config. file: Palatino (RS)
)
(/usr/local/texlive/2025/texmf-dist/tex/latex/translations/translations-basic-d
ictionary-english.trsl
File: translations-basic-dictionary-english.trsl (english translation file `tra
nslations-basic-dictionary')
)
Package translations Info: loading dictionary `translations-basic-dictionary' f
or `english'. on input line 61.

(/usr/local/texlive/2025/texmf-dist/tex/context/base/mkii/supp-pdf.mkii
[Loading MPS to PDF converter (version 2006.09.02).]
\scratchcounter=\count382
\scratchdimen=\dimen347
\scratchbox=\box105
\nofMPsegments=\count383
\nofMParguments=\count384
\everyMPshowfont=\toks69
\MPscratchCnt=\count385
\MPscratchDim=\dimen348
\MPnumerator=\count386
\makeMPintoPDFobject=\count387
\everyMPtoPDFconversion=\toks70
) (/usr/local/texlive/2025/texmf-dist/tex/latex/epstopdf-pkg/epstopdf-base.sty
Package: epstopdf-base 2020-01-24 v2.11 Base part for package epstopdf
Package epstopdf-base Info: Redefining graphics rule for `.eps' on input line 4
85.

(/usr/local/texlive/2025/texmf-dist/tex/latex/latexconfig/epstopdf-sys.cfg
File: epstopdf-sys.cfg 2010/07/13 v1.3 Configuration of (r)epstopdf for TeX Liv
e
))
Package caption Info: Begin \AtBeginDocument code.
Package caption Info: listings package is loaded.
Package caption Info: longtable package is loaded.

(/usr/local/texlive/2025/texmf-dist/tex/latex/caption/ltcaption.sty
Package: ltcaption 2021/01/08 v1.4c longtable captions (AR)
)
Package caption Info: End \AtBeginDocument code.

Package pgfplots notification 'compat/show suggested version=true': document ha
s been generated with the most recent feature set (\pgfplotsset{compat=1.18}).

\c@lstlisting=\count388
LaTeX Font Info:    Trying to load font information for OT1+pplx on input line 
63.
(/usr/local/texlive/2025/texmf-dist/tex/latex/psnfss/ot1pplx.fd
File: ot1pplx.fd 2004/09/06 font definitions for OT1/pplx.
)
LaTeX Font Info:    Trying to load font information for OML+zplm on input line 
63.

(/usr/local/texlive/2025/texmf-dist/tex/latex/psnfss/omlzplm.fd
File: omlzplm.fd 2002/09/08 Fontinst v1.914 font definitions for OML/zplm.
)
LaTeX Font Info:    Trying to load font information for OMS+zplm on input line 
63.

(/usr/local/texlive/2025/texmf-dist/tex/latex/psnfss/omszplm.fd
File: omszplm.fd 2002/09/08 Fontinst v1.914 font definitions for OMS/zplm.
)
LaTeX Font Info:    Trying to load font information for OMX+zplm on input line 
63.

(/usr/local/texlive/2025/texmf-dist/tex/latex/psnfss/omxzplm.fd
File: omxzplm.fd 2002/09/08 Fontinst v1.914 font definitions for OMX/zplm.
)
LaTeX Font Info:    Trying to load font information for OT1+zplm on input line 
63.

(/usr/local/texlive/2025/texmf-dist/tex/latex/psnfss/ot1zplm.fd
File: ot1zplm.fd 2002/09/08 Fontinst v1.914 font definitions for OT1/zplm.
)
Package microtype Info: Loading generic protrusion settings for font family
(microtype)             `zplm' (encoding: OT1).
(microtype)             For optimal results, create family-specific settings.
(microtype)             See the microtype manual for details.
LaTeX Font Info:    Font shape `U/msa/m/n' will be
(Font)              scaled to size 15.0049pt on input line 63.

(/usr/local/texlive/2025/texmf-dist/tex/latex/microtype/mt-msa.cfg
File: mt-msa.cfg 2006/02/04 v1.1 microtype config. file: AMS symbols (a) (RS)
)
LaTeX Font Info:    Font shape `U/msa/m/n' will be
(Font)              scaled to size 10.42007pt on input line 63.
LaTeX Font Info:    Font shape `U/msa/m/n' will be
(Font)              scaled to size 8.33606pt on input line 63.
LaTeX Font Info:    Font shape `U/msb/m/n' will be
(Font)              scaled to size 15.0049pt on input line 63.

(/usr/local/texlive/2025/texmf-dist/tex/latex/microtype/mt-msb.cfg
File: mt-msb.cfg 2005/06/01 v1.0 microtype config. file: AMS symbols (b) (RS)
)
LaTeX Font Info:    Font shape `U/msb/m/n' will be
(Font)              scaled to size 10.42007pt on input line 63.
LaTeX Font Info:    Font shape `U/msb/m/n' will be
(Font)              scaled to size 8.33606pt on input line 63.
LaTeX Font Info:    Font shape `U/msa/m/n' will be
(Font)              scaled to size 18.00587pt on input line 63.
LaTeX Font Info:    Font shape `U/msa/m/n' will be
(Font)              scaled to size 12.50409pt on input line 63.
LaTeX Font Info:    Font shape `U/msb/m/n' will be
(Font)              scaled to size 18.00587pt on input line 63.
LaTeX Font Info:    Font shape `U/msb/m/n' will be
(Font)              scaled to size 12.50409pt on input line 63.
LaTeX Font Info:    Font shape `U/msa/m/n' will be
(Font)              scaled to size 9.37807pt on input line 63.
LaTeX Font Info:    Font shape `U/msa/m/n' will be
(Font)              scaled to size 7.29405pt on input line 63.
LaTeX Font Info:    Font shape `U/msb/m/n' will be
(Font)              scaled to size 9.37807pt on input line 63.
LaTeX Font Info:    Font shape `U/msb/m/n' will be
(Font)              scaled to size 7.29405pt on input line 63.
LaTeX Font Info:    Trying to load font information for T1+phv on input line 63
.

(/usr/local/texlive/2025/texmf-dist/tex/latex/psnfss/t1phv.fd
File: t1phv.fd 2020/03/25 scalable font definitions for T1/phv.
)
LaTeX Font Info:    Font shape `T1/phv/m/n' will be
(Font)              scaled to size 9.41699pt on input line 63.
Package microtype Info: Loading generic protrusion settings for font family
(microtype)             `phv' (encoding: T1).
(microtype)             For optimal results, create family-specific settings.
(microtype)             See the microtype manual for details.
LaTeX Font Info:    Font shape `U/msa/m/n' will be
(Font)              scaled to size 7.91925pt on input line 69.
LaTeX Font Info:    Font shape `U/msa/m/n' will be
(Font)              scaled to size 6.25204pt on input line 69.
LaTeX Font Info:    Font shape `U/msb/m/n' will be
(Font)              scaled to size 7.91925pt on input line 69.
LaTeX Font Info:    Font shape `U/msb/m/n' will be
(Font)              scaled to size 6.25204pt on input line 69.
Package microtype Info: Loading generic protrusion settings for font family
(microtype)             `cmtt' (encoding: T1).
(microtype)             For optimal results, create family-specific settings.
(microtype)             See the microtype manual for details.
LaTeX Font Info:    Trying to load font information for U+fplmbb on input line 
83.

(/usr/local/texlive/2025/texmf-dist/tex/latex/psnfss/ufplmbb.fd
File: ufplmbb.fd 2003/10/30 Fontinst v1.914 font definitions for U/fplmbb.
)
LaTeX Font Info:    Font shape `T1/phv/b/n' will be
(Font)              scaled to size 9.41699pt on input line 107.
LaTeX Font Info:    Font shape `T1/phv/b/n' will be
(Font)              scaled to size 8.6pt on input line 107.
LaTeX Font Info:    Font shape `U/msa/m/n' will be
(Font)              scaled to size 11.40997pt on input line 111.
LaTeX Font Info:    Font shape `U/msb/m/n' will be
(Font)              scaled to size 11.40997pt on input line 111.
LaTeX Font Info:    Trying to load font information for TS1+pplx on input line 
120.

(/usr/local/texlive/2025/texmf-dist/tex/latex/psnfss/ts1pplx.fd
File: ts1pplx.fd 2004/09/06 font definitions for TS1/pplx.
)

[1

{/usr/local/texlive/2025/texmf-var/fonts/map/pdftex/updmap/pdftex.map}{/usr/loc
al/texlive/2025/texmf-dist/fonts/enc/dvips/base/8r.enc}{/usr/local/texlive/2025
/texmf-dist/fonts/enc/dvips/cm-super/cm-super-t1.enc}]
Underfull \hbox (badness 1057) in paragraph at lines 251--255
[]\T1/pplx/m/n/10 (+20) Higgs rank wit-ness $\OMS/zplm/m/n/10  $ \T1/cmtt/m/n/1
0 HiggsTopForm \T1/pplx/m/n/10 (+20) (Stage B) $\OMS/zplm/m/n/10  $ \T1/cmtt/m/
n/10 HiggsSchemeCohomologyShadow \T1/pplx/m/n/10 (+20) ($\OMS/zplm/m/n/10 '
 []


Underfull \hbox (badness 1005) in paragraph at lines 307--317
[]\T1/pplx/b/n/10 (+20) Proof sta-tus. \T1/pplx/m/it/10 (+20) For-mally ver-i-f
ied \T1/pplx/m/n/10 (+20) in Lean 4 + Math-lib v4.29.1; no \T1/cmtt/m/n/10 sorr
y\T1/pplx/m/n/10 (+20) ; no \T1/cmtt/m/n/10 admit\T1/pplx/m/n/10 (+20) ; no
 []



[2] (./note_carrier_rigidity_lean4.toc

[3])
\tf@toc=\write5
\openout5 = `note_carrier_rigidity_lean4.toc'.


Overfull \hbox (100.55298pt too wide) detected at line 353
[] \OML/zplm/m/it/10.95 K E[]   \OT1/zplm/m/n/10.95 :=   [] \OML/zplm/m/it/10.9
5 ! \OT1/zplm/m/n/10.95 : ^^C[]\OML/zplm/m/it/10.95 E[] \OMS/zplm/m/n/10.95 ![]
 \OML/zplm/m/it/10.95 K []\OT1/pplx/m/n/10.95 ,  [] \OML/zplm/m/it/10.95 !\OT1/
pplx/m/n/10.95 ,   [] \OML/zplm/m/it/10.95 !\OT1/pplx/m/n/10.95 .
 []


Overfull \hbox (123.03662pt too wide) in paragraph at lines 355--364
[]\T1/pplx/m/n/10.95 (-20) The con-trac-tion map $\OML/zplm/m/it/10.95 C[] \OT1
/zplm/m/n/10.95 : \OML/zplm/m/it/10.95 E[] \OMS/zplm/m/n/10.95 ! \OT1/zplm/m/n/
10.95 (^^C[]\OML/zplm/m/it/10.95 E[]\OT1/zplm/m/n/10.95 )[]$ \T1/pplx/m/n/10.95
 (-20) is now \T1/pplx/m/it/10.95 (-20) con-structed \T1/pplx/m/n/10.95 (-20) f
rom $\OML/zplm/m/it/10.95 !$ \T1/pplx/m/n/10.95 (-20) via \T1/cmtt/m/n/10.95 ex
teriorPower.alternatingMapLinearEquiv
 []


Overfull \hbox (12.54005pt too wide) detected at line 373
[]
 []



[4]
Overfull \hbox (59.72499pt too wide) in paragraph at lines 396--413
[]\T1/pplx/m/n/10.95 (-20) v6 made the Pa-per 1 in-put ex-plicit. A new \T1/cmt
t/m/n/10.95 CalderonInterface.lean \T1/pplx/m/n/10.95 (-20) in-tro-duces a \T1/
cmtt/m/n/10.95 CalderonCertificate
 []


Overfull \hbox (94.77623pt too wide) in paragraph at lines 432--445
\T1/pplx/m/n/10.95 (-20) ba-sis $\OML/zplm/m/it/10.95 b \OT1/zplm/m/n/10.95 : [
] ([] \OT1/pplx/m/n/10.95 (-20) 3\OT1/zplm/m/n/10.95 ) \OML/zplm/m/it/10.95 K E
$\T1/pplx/m/n/10.95 (-20) , the de-ter-mi-nant form $\OML/zplm/m/it/10.95 b\OT1
/pplx/m/n/10.95 (-20) .[]$ \T1/pplx/m/n/10.95 (-20) trans-ports via \T1/cmtt/m/
n/10.95 exteriorPower.alternatingMapLinearEquiv
 []


Overfull \hbox (70.87006pt too wide) in paragraph at lines 465--471
[]\T1/pplx/m/n/10.95 (-20) The Yukawa Stage-A cer-tifi-cate is named \T1/cmtt/m
/n/10.95 YukawaRankCertificate\T1/pplx/m/n/10.95 (-20) , not \T1/cmtt/m/n/10.95
 PrimitiveYukawaTypeCertificate\T1/pplx/m/n/10.95 (-20) .
 []



[5]
Overfull \hbox (0.71341pt too wide) in paragraph at lines 515--515
[]|\T1/cmtt/m/n/9 LatticeRigidityGeneral.lean| 
 []


Overfull \hbox (19.6088pt too wide) in paragraph at lines 515--515
[]|\T1/cmtt/m/n/9 OrientedDeterminantCarrier.lean| 
 []


Overfull \hbox (24.33264pt too wide) in paragraph at lines 515--515
[]|\T1/cmtt/m/n/9 HiggsSchemeCohomologyShadow.lean| 
 []


Overfull \hbox (33.78033pt too wide) in paragraph at lines 515--515
[]|\T1/cmtt/m/n/9 BoundaryYukawaKernelInterface.lean| 
 []


Overfull \hbox (27.90948pt too wide) in paragraph at lines 520--524
[]\T1/cmtt/m/n/10.95 scripts/audit.sh \T1/pplx/m/n/10.95 (-20) --- seven-check 
hard CI gate (build / \T1/cmtt/m/n/10.95 sorry \T1/pplx/m/n/10.95 (-20) / \T1/c
mtt/m/n/10.95 axiom \T1/pplx/m/n/10.95 (-20) / \T1/cmtt/m/n/10.95 unsafe-opaque
-partial
 []



[6]
LaTeX Font Info:    Font shape `T1/phv/m/n' will be
(Font)              scaled to size 7.74pt on input line 548.
LaTeX Font Info:    Font shape `T1/cmtt/bx/n' in size <10.95> not available
(Font)              Font shape `T1/cmtt/m/n' tried instead on input line 591.

Overfull \hbox (5.19618pt too wide) in paragraph at lines 602--605
\T1/pplx/m/n/10.95 (-20) charge dif-fer-ent ranks via in-de-pen-dent math-e-mat
-i-cal ar-gu-ments. Both feed into \T1/cmtt/m/n/10.95 CarrierData
 []



[7]

[8]
Overfull \hbox (49.9093pt too wide) in paragraph at lines 693--695
\T1/pplx/m/n/10.95 (-20) We list the head-line the-o-rems by graph layer. Ev-er
y name is elab-o-rated by \T1/cmtt/m/n/10.95 TfptCarrier/AuditCheck.lean\T1/ppl
x/m/n/10.95 (-20) . 
 []

Package hyperref Info: bookmark level for unknown theorem defaults to 0 on inpu
t line 698.
Package hyperref Info: bookmark level for unknown corollary defaults to 0 on in
put line 743.
Package hyperref Info: bookmark level for unknown remark defaults to 0 on input
 line 791.


[9]
LaTeX Info: Symbol \textrightarrow not provided by
            font family pplx in TS1 encoding.
            Default family used instead on input line 813.
 (/usr/local/texlive/2025/texmf-dist/tex/latex/microtype/mt-cmr.cfg
File: mt-cmr.cfg 2013/05/19 v2.2 microtype config. file: Computer Modern Roman 
(RS)
)
Overfull \hbox (92.28645pt too wide) in paragraph at lines 821--824
[]\T1/pplx/b/n/10.95 (-20) Theorem 4.13 \T1/pplx/m/n/10.95 (-20) (\T1/cmtt/m/n/
10.95 HiggsIndexShadow.HiggsIndexCertificate.finrank_Eplus_eq_two\T1/pplx/m/n/1
0.95 (-20) )\T1/pplx/b/n/10.95 (-20) . []\T1/pplx/m/it/10.95 (-20) A \T1/cmtt/m
/it/10.95 HiggsIndexCertificate\T1/pplx/m/it/10.95 (-20) ,
 []


Overfull \hbox (73.99734pt too wide) in paragraph at lines 827--829
[]\T1/pplx/b/n/10.95 (-20) Theorem 4.14 \T1/pplx/m/n/10.95 (-20) (\T1/cmtt/m/n/
10.95 YukawaRank.YukawaRankCertificate.finrank_Eminus_eq_three\T1/pplx/m/n/10.9
5 (-20) )\T1/pplx/b/n/10.95 (-20) . []\T1/pplx/m/it/10.95 (-20) A \T1/cmtt/m/it
/10.95 YukawaRankCertificate
 []


Overfull \hbox (164.53128pt too wide) in paragraph at lines 876--879
[]\T1/pplx/b/n/10.95 (-20) Theorem 4.20 \T1/pplx/m/n/10.95 (-20) (\T1/cmtt/m/n/
10.95 PrimitiveIndecomposableYukawaCoupling.finrank_E_eq_three\T1/pplx/m/n/10.9
5 (-20) )\T1/pplx/b/n/10.95 (-20) . []\T1/pplx/m/it/10.95 (-20) A \T1/cmtt/m/it
/10.95 PrimitiveIndecomposableYukawaCoupling
 []



[10{/usr/local/texlive/2025/texmf-dist/fonts/enc/dvips/cm-super/cm-super-ts1.en
c}]
Overfull \hbox (7.30766pt too wide) in paragraph at lines 902--904
[]\T1/pplx/b/n/10.95 (-20) Theorem 4.22 \T1/pplx/m/n/10.95 (-20) (\T1/cmtt/m/n/
10.95 PrimitiveIndecomposableYukawaCoupling.toYukawaRankCertificate\T1/pplx/m/n
/10.95 (-20) )\T1/pplx/b/n/10.95 (-20) . []\T1/pplx/m/it/10.95 (-20) A Stage
 []


Overfull \hbox (2.92868pt too wide) in paragraph at lines 907--912
[]\T1/pplx/b/n/10.95 (-20) Theorem 4.23 \T1/pplx/m/n/10.95 (-20) (\T1/cmtt/m/n/
10.95 PrimitiveIndecomposableYukawaCoupling.ofFinrankEqThree\T1/pplx/m/n/10.95 
(-20) )\T1/pplx/b/n/10.95 (-20) . []\T1/pplx/m/it/10.95 (-20) Con-versely, any
 []


Overfull \hbox (1.4399pt too wide) in paragraph at lines 915--917
[]\T1/pplx/b/n/10.95 (-20) Theorem 4.24 \T1/pplx/m/n/10.95 (-20) (\T1/cmtt/m/n/
10.95 PrimitiveIndecomposableYukawaCoupling.nonempty_iff_finrank_eq_three\T1/pp
lx/m/n/10.95 (-20) )\T1/pplx/b/n/10.95 (-20) .
 []


Overfull \hbox (33.10838pt too wide) in paragraph at lines 915--917
[]\T1/pplx/m/it/10.95 (-20) For a finite-dimensional $\OML/zplm/m/it/10.95 K$\T
1/pplx/m/it/10.95 (-20) -vector space, $[] \OT1/zplm/m/n/10.95 ([] \OML/zplm/m/
it/10.95 K E\OT1/zplm/m/n/10.95 )  \OMS/zplm/m/n/10.95 ([])
 []


Overfull \hbox (30.33139pt too wide) in paragraph at lines 928--934
\T1/pplx/m/it/10.95 (-20) is con-structible as a \T1/cmtt/m/it/10.95 LinearMap\
T1/pplx/m/it/10.95 (-20) . The Lean con-struc-tion uses \T1/cmtt/m/it/10.95 ext
eriorPower.alternatingMapLinearEquiv
 []


Overfull \hbox (42.23424pt too wide) in paragraph at lines 928--934
\T1/pplx/m/it/10.95 (-20) (to con-vert be-tween $\OT1/zplm/m/n/10.95 (^^C[]\OML
/zplm/m/it/10.95 E\OT1/zplm/m/n/10.95 )[]$ \T1/pplx/m/it/10.95 (-20) and the sp
ace of $\OML/zplm/m/it/10.95 K$\T1/pplx/m/it/10.95 (-20) -valued al-ter-nat-ing
 maps on $\OML/zplm/m/it/10.95 E[]$\T1/pplx/m/it/10.95 (-20) ) and \T1/cmtt/m/i
t/10.95 AlternatingMap.curryLeft
 []


Overfull \hbox (17.09816pt too wide) detected at line 942
[] \OML/zplm/m/it/10.95 !  \OT1/zplm/m/n/10.95 :=  [] \OML/zplm/m/it/10.95 C[]\
OT1/pplx/m/n/10.95 ,  [] \OML/zplm/m/it/10.95 !  \OT1/zplm/m/n/10.95 :=  [] \OM
L/zplm/m/it/10.95 C[]\OT1/pplx/m/n/10.95 .
 []


Overfull \hbox (35.46736pt too wide) in paragraph at lines 942--948
\T1/pplx/m/it/10.95 (-20) two op-er-a-tional pred-i-cates re-spec-tively. The c
om-bined pred-i-cate \T1/cmtt/m/it/10.95 PrimitiveIndecomposableYukawaCondition

 []


Overfull \hbox (5.95561pt too wide) in paragraph at lines 977--980
[]\T1/pplx/b/n/10.95 (-20) Theorem 4.29 \T1/pplx/m/n/10.95 (-20) (\T1/cmtt/m/n/
10.95 YukawaTrilinearForm.finrank_E_eq_zero_or_three \T1/pplx/m/n/10.95 (-20) (
v9))\T1/pplx/b/n/10.95 (-20) . []\T1/pplx/m/n/10.95 (-20) Un-con-di-tional tran
s-
 []



[11]
Overfull \hbox (8.79544pt too wide) in paragraph at lines 1005--1019
\T1/pplx/m/n/10.95 (-20) three qual-i-fiers trans-late to two ex-plicit op-er-a
-tional \T1/cmtt/m/n/10.95 Prop \T1/pplx/m/n/10.95 (-20) pred-i-cates on $\OML/
zplm/m/it/10.95 !$\T1/pplx/m/n/10.95 (-20) : \T1/cmtt/m/n/10.95 ContractionInje
ctive
 []


Overfull \hbox (107.94757pt too wide) in paragraph at lines 1035--1039
[]\T1/pplx/b/n/10.95 (-20) Theorem 4.30 \T1/pplx/m/n/10.95 (-20) (\T1/cmtt/m/n/
10.95 MathlibBridge.Polarization.toCompleteOrthogonalIdempotents\T1/pplx/m/n/10
.95 (-20) )\T1/pplx/b/n/10.95 (-20) . []\T1/pplx/m/it/10.95 (-20) A \T1/cmtt/m/
it/10.95 TFPT.Carrier.Polarization
 []


Overfull \hbox (12.27896pt too wide) in paragraph at lines 1048--1050
[]\T1/pplx/b/n/10.95 (-20) Theorem 4.31 \T1/pplx/m/n/10.95 (-20) (\T1/cmtt/m/n/
10.95 CarrierPremises.primitive_pair_eq_sm\T1/pplx/m/n/10.95 (-20) )\T1/pplx/b/
n/10.95 (-20) . []\T1/pplx/m/it/10.95 (-20) Un-der the prim-i-tive ori-ented de
terminant-
 []



[12]
Overfull \hbox (7.75635pt too wide) detected at line 1093
[]  []  \OML/zplm/m/it/10.95 "[] \OT1/zplm/m/n/10.95 = \OT1/pplx/b/n/10.95 1  [
]  \OML/zplm/m/it/10.95 P[]\OT1/pplx/m/n/10.95 , \OML/zplm/m/it/10.95 P[][]
 []


Overfull \hbox (74.71855pt too wide) detected at line 1101
[] \OML/zplm/m/it/10.95 E[] \OT1/zplm/m/n/10.95 = \OT1/pplx/m/n/10.95 2 \OT1/zp
lm/m/n/10.95 ([])\OT1/pplx/m/n/10.95 ,  \OML/zplm/m/it/10.95 ! \OT1/zplm/m/n/10
.95 : ^^C[]\OML/zplm/m/it/10.95 E[] \OMS/zplm/m/n/10.95 ! \OML/zplm/m/it/10.95 
K [] \OT1/zplm/m/n/10.95 ([])  \OMS/zplm/m/n/10.95 )  [] \OML/zplm/m/it/10.95 E
[] \OT1/zplm/m/n/10.95 = \OT1/pplx/m/n/10.95 3
 []


Overfull \hbox (3.76234pt too wide) in paragraph at lines 1101--1105
\T1/pplx/m/n/10.95 (-20) and the determinant-normalised co-ef-fi-cient choice $
\OML/zplm/m/it/10.95 Y \OT1/zplm/m/n/10.95 := \OMS/zplm/m/n/10.95 ^^@[]\OML/zpl
m/m/it/10.95 P[] \OT1/zplm/m/n/10.95 + []\OML/zplm/m/it/10.95 P[]$ \T1/pplx/m/n
/10.95 (-20) give, via \T1/cmtt/m/n/10.95 TraceProjection\T1/pplx/m/n/10.95 (-2
0) , 
 []


Underfull \hbox (badness 10000) in paragraph at lines 1247--1247
[]|\T1/pplx/m/n/9 (+20) Two struc-tural lay-ers:
 []


Underfull \hbox (badness 2401) in paragraph at lines 1247--1247
[]|\T1/pplx/m/n/9 (+20) Stages A, B, and B+ all for-
 []


Underfull \hbox (badness 10000) in paragraph at lines 1247--1247
\T1/cmtt/m/n/9 HiggsTopForm\T1/pplx/m/n/9 (+20) ,
 []


Underfull \hbox (badness 10000) in paragraph at lines 1247--1247
\T1/cmtt/m/n/9 HiggsSchemeCohomologyShadow\T1/pplx/m/n/9 (+20) );
 []


Underfull \hbox (badness 10000) in paragraph at lines 1247--1247
\T1/cmtt/m/n/9 DegreeOneTwoVarForm$\OML/zplm/m/it/9 K$ $\OMS/zplm/m/n/9 '[]$
 []


Overfull \hbox (19.9952pt too wide) in paragraph at lines 1247--1247
\T1/cmtt/m/n/9 MvPolynomial.homogeneousSubmodule
 []


Underfull \hbox (badness 10000) in paragraph at lines 1247--1247
\T1/pplx/m/n/9 (+20) algebraic-geometry "Proj-side"
 []


Underfull \hbox (badness 10000) in paragraph at lines 1247--1247
\T1/pplx/m/n/9 (+20) ward (\T1/cmtt/m/n/9 YukawaStageDExistence\T1/pplx/m/n/9 (
+20) ,
 []


Underfull \hbox (badness 2384) in paragraph at lines 1247--1247
\T1/pplx/m/n/9 (+20) v10): $[] \OML/zplm/m/it/9 E[] \OT1/zplm/m/n/9 = \OT1/pplx
/m/n/9 (+20) 3 \OMS/zplm/m/n/9 ) 9 \OML/zplm/m/it/9 !$
 []


Underfull \hbox (badness 10000) in paragraph at lines 1247--1247
\T1/pplx/m/n/9 (+20) with \T1/cmtt/m/n/9 ContractionInjective
 []


Underfull \hbox (badness 10000) in paragraph at lines 1247--1247
\T1/pplx/m/n/9 (+20) and \T1/cmtt/m/n/9 ContractionSurjective\T1/pplx/m/n/9 (+2
0) ,
 []


Underfull \hbox (badness 10000) in paragraph at lines 1247--1247
\T1/pplx/m/n/9 (+20) via $\OML/zplm/m/it/9 b\OT1/pplx/m/n/9 (+20) .[]$ \T1/pplx
/m/n/9 (+20) and di-rect $\OT1/pplx/m/n/9 (+20) 3[]3$
 []


Underfull \hbox (badness 10000) in paragraph at lines 1247--1247
\T1/pplx/m/n/9 (+20) ma-trix com-pu-ta-tion. The
 []


Underfull \hbox (badness 10000) in paragraph at lines 1247--1247
\T1/pplx/m/n/9 (+20) Stage D char-ac-ter-i-sa-tion
 []


Underfull \hbox (badness 10000) in paragraph at lines 1247--1247
[]|\T1/pplx/m/n/9 (+20) Theorem from de-ter-mi-nant
 []


Underfull \hbox (badness 10000) in paragraph at lines 1247--1247
\T1/pplx/m/n/9 (+20) char-ac-ter of car-rier torus
 []


Underfull \hbox (badness 10000) in paragraph at lines 1247--1247
[]|\T1/pplx/m/n/9 (+20) Theorem from gen-eral
 []


Underfull \hbox (badness 10000) in paragraph at lines 1247--1247
\OT1/zplm/m/n/9 (\OML/zplm/m/it/9 m\OT1/pplx/m/n/9 (+20) , \OML/zplm/m/it/9 n\O
T1/zplm/m/n/9 )$ \T1/pplx/m/n/9 (+20) lat-tice rigid-ity
 []


Underfull \hbox (badness 2951) in paragraph at lines 1247--1247
\T1/pplx/m/n/9 (+20) (\T1/cmtt/m/n/9 LatticeRigidityGeneral\T1/pplx/m/n/9 (+20)
 ) with
 []


Overfull \hbox (29.2067pt too wide) in paragraph at lines 1247--1247
\T1/cmtt/m/n/9 PrimitiveOrientedDeterminantCarrier
 []


Underfull \hbox (badness 10000) in paragraph at lines 1247--1247
[]|\T1/pplx/m/n/9 (+20) Bundled the-o-rem
 []


Overfull \hbox (67.18694pt too wide) in paragraph at lines 1247--1247
\T1/pplx/m/n/9 (-20) (\T1/cmtt/m/n/9 CarrierPremises.hypercharge_carrier_packet
\T1/pplx/m/n/9 (-20) )
 []


Underfull \hbox (badness 10000) in paragraph at lines 1247--1247
\T1/pplx/m/n/9 (+20) plus con-crete $\OT1/pplx/m/n/9 (+20) 5 \OMS/zplm/m/n/9 ^^
B \OT1/pplx/m/n/9 (+20) 5$ \T1/pplx/m/n/9 (+20) model
 []


Underfull \hbox (badness 10000) in paragraph at lines 1247--1247
[]|\T1/pplx/m/n/9 (+20) Bundled the-o-rem
 []


Overfull \hbox (16.12462pt too wide) in paragraph at lines 1247--1247
\T1/pplx/m/n/9 (-20) (\T1/cmtt/m/n/9 CarrierPremises.trace_Y_eq_zero\T1/pplx/m/
n/9 (-20) )| 
 []


Underfull \hbox (badness 10000) in paragraph at lines 1247--1247
[]|\T1/pplx/m/n/9 (+20) Bundled the-o-rem
 []


Overfull \hbox (38.84386pt too wide) in paragraph at lines 1247--1247
\T1/pplx/m/n/9 (-20) (\T1/cmtt/m/n/9 CarrierPremises.carrier_polynomial_Y\T1/pp
lx/m/n/9 (-20) )
 []


Underfull \hbox (badness 7326) in paragraph at lines 1247--1247
[]|$\OML/zplm/m/it/9 G[] \OT1/zplm/m/n/9 = (\OML/zplm/m/it/9 SU\OT1/zplm/m/n/9 
(\OT1/pplx/m/n/9 (+20) 3\OT1/zplm/m/n/9 ) \OMS/zplm/m/n/9 ^^B \OML/zplm/m/it/9 
SU\OT1/zplm/m/n/9 (\OT1/pplx/m/n/9 (+20) 2\OT1/zplm/m/n/9 ) \OMS/zplm/m/n/9 ^^B

 []



[13]

[14]
Overfull \hbox (108.94742pt too wide) detected at line 1276
[]   []  []  [] \OML/zplm/m/it/10.95 E[] \OT1/zplm/m/n/10.95 = \OT1/pplx/m/n/10
.95 3.
 []


Overfull \hbox (126.07939pt too wide) detected at line 1307
[] [] \OML/zplm/m/it/10.95 Y \OT1/zplm/m/n/10.95 : [] \OML/zplm/m/it/10.95 K E 
[] Y\OT1/pplx/m/n/10.95 .[] \OMS/zplm/m/n/10.95 ^ \OML/zplm/m/it/10.95 Y\OT1/pp
lx/m/n/10.95 .[] []   \OMS/zplm/m/n/10.95 ([])   [] \OML/zplm/m/it/10.95 E \OT1
/zplm/m/n/10.95 = \OT1/pplx/m/n/10.95 3.
 []


Overfull \hbox (351.19589pt too wide) in paragraph at lines 1307--1315
\T1/pplx/m/n/10.95 (-20) The for-ward di-rec-tion is \T1/cmtt/m/n/10.95 finrank
_E_eq_three_of_condition\T1/pplx/m/n/10.95 (-20) ; the back-ward di-rec-tion is
 \T1/cmtt/m/n/10.95 YukawaStageDExistence.exists_yukawaTrilinearForm_of_finrank
_eq_three\T1/pplx/m/n/10.95 (-20) ,
 []


Overfull \hbox (11.80069pt too wide) in paragraph at lines 1307--1315
\T1/pplx/m/n/10.95 (-20) proved via \T1/cmtt/m/n/10.95 Module.Basis.det \T1/ppl
x/m/n/10.95 (-20) trans-ported through \T1/cmtt/m/n/10.95 exteriorPower.alterna
tingMapLinearEquiv
 []


Overfull \hbox (102.57504pt too wide) in paragraph at lines 1307--1315
\T1/pplx/m/n/10.95 (-20) and di-rect $\OT1/pplx/m/n/10.95 (-20) 3 \OMS/zplm/m/n
/10.95 ^^B \OT1/pplx/m/n/10.95 (-20) 3$ \T1/pplx/m/n/10.95 (-20) matrix-determi
nant com-pu-ta-tion. The com-bined char-ac-ter-i-sa-tion is \T1/cmtt/m/n/10.95 
stage_D_iff_finrank_eq_three\T1/pplx/m/n/10.95 (-20) . 
 []



[15]
Overfull \hbox (23.83751pt too wide) in paragraph at lines 1355--1366
\T1/cmtt/m/n/10.95 (Fin 2) K 1\T1/pplx/m/n/10.95 (-20) . What re-mains is the g
en-eral algebraic-geometry the-o-rem $\OML/zplm/m/it/10.95 H[]\OT1/zplm/m/n/10.
95 ([] \OML/zplm/m/it/10.95 K\OT1/zplm/m/n/10.95 [\OML/zplm/m/it/10.95 X\OT1/pp
lx/m/n/10.95 (-20) , \OML/zplm/m/it/10.95 Y\OT1/zplm/m/n/10.95 ]\OT1/pplx/m/n/1
0.95 (-20) , \OMS/zplm/m/n/10.95 O\OT1/zplm/m/n/10.95 (\OT1/pplx/m/n/10.95 (-20
) 1\OT1/zplm/m/n/10.95 )) \OMS/zplm/m/n/10.95 '
 []


Overfull \hbox (36.15746pt too wide) in paragraph at lines 1366--1380
\T1/pplx/m/n/10.95 (-20) back-ward di-rec-tion: $[] \OML/zplm/m/it/10.95 E[] \O
T1/zplm/m/n/10.95 = \OT1/pplx/m/n/10.95 (-20) 3 \OMS/zplm/m/n/10.95 ) 9 \OML/zp
lm/m/it/10.95 !$ \T1/pplx/m/n/10.95 (-20) with \T1/cmtt/m/n/10.95 ContractionIn
jective \T1/pplx/m/n/10.95 (-20) and \T1/cmtt/m/n/10.95 ContractionSurjective\T
1/pplx/m/n/10.95 (-20) ,
 []


Overfull \hbox (71.35777pt too wide) in paragraph at lines 1414--1417
[]\T1/cmtt/m/n/10.95 #print axioms \T1/pplx/m/n/10.95 (-20) on ev-ery head-line
 the-o-rem re-turns a sub-set of $\OMS/zplm/m/n/10.95 f[]\OT1/pplx/m/n/10.95 (-
20) ,  [],  []\OMS/zplm/m/n/10.95 g$\T1/pplx/m/n/10.95 (-20) . 
 []



[16]
LaTeX Font Info:    Font shape `T1/cmtt/bx/n' in size <9> not available
(Font)              Font shape `T1/cmtt/m/n' tried instead on input line 1452.

Overfull \hbox (192.16977pt too wide) in paragraph at lines 1502--1514
[]\T1/pplx/b/n/10.95 (-20) New mod-ule \T1/cmtt/m/n/10.95 BoundaryPolarization.
ofCarrierInvolution\T1/pplx/b/n/10.95 (-20) . \T1/pplx/m/n/10.95 (-20) The con-
verse of v10's \T1/cmtt/m/n/10.95 BoundaryPolarization.toCarrierInvolution\T1/p
plx/m/n/10.95 (-20) :
 []



[17]
Overfull \hbox (13.91127pt too wide) in paragraph at lines 1524--1542
[]\T1/pplx/b/n/10.95 (-20) New mod-ule \T1/cmtt/m/n/10.95 BoundaryYukawaKernelI
nterface.lean\T1/pplx/b/n/10.95 (-20) . \T1/pplx/m/n/10.95 (-20) In-tro-duces \
T1/cmtt/m/n/10.95 BoundaryYukawaKernel$\OML/zplm/m/it/10.95 K E$\T1/pplx/m/n/10
.95 (-20) ,
 []


Overfull \hbox (13.27232pt too wide) in paragraph at lines 1543--1549
\T1/pplx/m/n/10.95 (-20) across the three new mod-ules; all de-pend only on $\O
MS/zplm/m/n/10.95 f[]\OT1/pplx/m/n/10.95 (-20) ,  [],  []\OMS/zplm/m/n/10.95 g$
\T1/pplx/m/n/10.95 (-20) .
 []


Overfull \hbox (5.66916pt too wide) in paragraph at lines 1575--1588
[]\T1/pplx/b/n/10.95 (-20) New mod-ule \T1/cmtt/m/n/10.95 BoundaryPolarization.
lean\T1/pplx/b/n/10.95 (-20) . \T1/pplx/m/n/10.95 (-20) In-tro-duces the struc-
ture \T1/cmtt/m/n/10.95 BoundaryPolarization
 []


Overfull \hbox (10.62143pt too wide) in paragraph at lines 1575--1588
\T1/pplx/m/n/10.95 (-20) ing the stan-dard \T1/cmtt/m/n/10.95 Invertible (2 : E
nd K M) \T1/pplx/m/n/10.95 (-20) in-stance from Math-lib's \T1/cmtt/m/n/10.95 Q
uadraticForm.Basic\T1/pplx/m/n/10.95 (-20) . 
 []


Overfull \hbox (8.36064pt too wide) in paragraph at lines 1589--1601
\T1/pplx/m/n/10.95 (-20) poly-no-mial ring. The lat-ter is the algebraic-geomet
ry "Proj-side" pre-sen-ta-tion of $\OML/zplm/m/it/10.95 H[]\OT1/zplm/m/n/10.95 
(\U/fplmbb/m/n/10.95 P[]\OT1/pplx/m/n/10.95 (-20) , \OMS/zplm/m/n/10.95 O\OT1/z
plm/m/n/10.95 (\OT1/pplx/m/n/10.95 (-20) 1\OT1/zplm/m/n/10.95 ))$\T1/pplx/m/n/1
0.95 (-20) .
 []


Overfull \hbox (145.65482pt too wide) in paragraph at lines 1589--1601
\T1/pplx/m/n/10.95 (-20) The proof uses \T1/cmtt/m/n/10.95 MvPolynomial.homogen
eousSubmodule_one_eq_span_X \T1/pplx/m/n/10.95 (-20) and \T1/cmtt/m/n/10.95 Sub
module.mem_span_range_iff_exists_fun
 []


Overfull \hbox (10.14957pt too wide) in paragraph at lines 1602--1619
[]\T1/pplx/b/n/10.95 (-20) New mod-ule \T1/cmtt/m/n/10.95 YukawaStageDExistence
.lean\T1/pplx/b/n/10.95 (-20) . \T1/pplx/m/n/10.95 (-20) Closes the Stage D bac
k-ward di-rec-tion: $[] \OML/zplm/m/it/10.95 E \OT1/zplm/m/n/10.95 =
 []


Overfull \hbox (96.60365pt too wide) in paragraph at lines 1602--1619
\T1/pplx/m/n/10.95 (-20) from $[] \OML/zplm/m/it/10.95 E \OT1/zplm/m/n/10.95 = 
[](^^C[]\OML/zplm/m/it/10.95 E\OT1/zplm/m/n/10.95 )[] = \OT1/pplx/m/n/10.95 (-2
0) 3$ \T1/pplx/m/n/10.95 (-20) and Math-lib's \T1/cmtt/m/n/10.95 LinearMap.inje
ctive_iff_surjective_of_finrank_eq_finrank\T1/pplx/m/n/10.95 (-20) .
 []


Overfull \hbox (11.58548pt too wide) in paragraph at lines 1602--1619
\T1/pplx/m/n/10.95 (-20) The Stage D char-ac-ter-i-sa-tion $\OMS/zplm/m/n/10.95
 9 \OML/zplm/m/it/10.95 ! \OT1/zplm/m/n/10.95 ([]  \OMS/zplm/m/n/10.95 ^  []\OT
1/zplm/m/n/10.95 )  \OMS/zplm/m/n/10.95 ([])  [] \OML/zplm/m/it/10.95 E \OT1/zp
lm/m/n/10.95 = \OT1/pplx/m/n/10.95 (-20) 3$ \T1/pplx/m/n/10.95 (-20) now holds 
(un-der \T1/cmtt/m/n/10.95 Nontrivial$\OML/zplm/m/it/10.95 E$\T1/pplx/m/n/10.95
 (-20) ). 
 []



[18]
Overfull \hbox (41.10178pt too wide) in paragraph at lines 1647--1650
[]\T1/pplx/m/n/10.95 (-20) with ev-ery step a Lean the-o-rem, no \T1/cmtt/m/n/1
0.95 sorry\T1/pplx/m/n/10.95 (-20) , all ax-ioms $\OMS/zplm/m/n/10.95 ^^R f[]\O
T1/pplx/m/n/10.95 (-20) ,  [],  []\OMS/zplm/m/n/10.95 g$\T1/pplx/m/n/10.95 (-20
) . 
 []


Overfull \hbox (23.8696pt too wide) in paragraph at lines 1660--1669
[]\T1/pplx/b/n/10.95 (-20) New the-o-rem \T1/cmtt/m/n/10.95 YukawaTrilinearForm
.finrank_E_eq_zero_or_three\T1/pplx/b/n/10.95 (-20) . \T1/pplx/m/n/10.95 (-20) 
For any finite-dimensional
 []


Overfull \hbox (44.18396pt too wide) in paragraph at lines 1677--1682
[]\T1/pplx/b/n/10.95 (-20) Predicate nam-ing uni-fied through-out the note. \T1
/pplx/m/n/10.95 (-20) All op-er-a-tional men-tions use \T1/cmtt/m/n/10.95 Contr
actionInjective
 []



[19]
Overfull \hbox (87.07707pt too wide) in paragraph at lines 1745--1752
\T1/pplx/m/n/10.95 (-20) tended with five new head-line the-o-rems. All five de
-pend only on $\OMS/zplm/m/n/10.95 f[]\OT1/pplx/m/n/10.95 (-20) ,  [],  []\OMS/
zplm/m/n/10.95 g$\T1/pplx/m/n/10.95 (-20) .
 []


Overfull \hbox (10.76038pt too wide) in paragraph at lines 1807--1819
[]\T1/pplx/b/n/10.95 (-20) Stage D pred-i-cate re-name. \T1/cmtt/m/n/10.95 Yuka
waTrilinearForm.Nondegenerate $\OMS/zplm/m/n/10.95 !$ \T1/cmtt/m/n/10.95 Contra
ctionInjective
 []


Overfull \hbox (119.82516pt too wide) in paragraph at lines 1807--1819
\T1/pplx/m/n/10.95 (-20) ("non-degenerate", "prim-i-tive") to the doc-strings. 
A com-bined pred-i-cate \T1/cmtt/m/n/10.95 PrimitiveIndecomposableYukawaConditi
on
 []



[20]
Overfull \hbox (5.11903pt too wide) in paragraph at lines 1837--1842
[]\T1/pplx/b/n/10.95 (-20) Claim Con-tract re-fine-ment. \T1/pplx/m/n/10.95 (-2
0) The con-tract now dis-tin-guishes \T1/pplx/m/it/10.95 (-20) di-rect \T1/pplx
/m/n/10.95 (-20) in-puts to \T1/cmtt/m/n/10.95 CarrierPremises
 []


Overfull \hbox (19.23376pt too wide) in paragraph at lines 1863--1869
\T1/pplx/m/n/10.95 (-20) us-ing \T1/cmtt/m/n/10.95 exteriorPower.alternatingMap
LinearEquiv \T1/pplx/m/n/10.95 (-20) to-gether with \T1/cmtt/m/n/10.95 Alternat
ingMap.curryLeft\T1/pplx/m/n/10.95 (-20) .
 []



[21]
Overfull \hbox (50.47107pt too wide) in paragraph at lines 1917--1920
[]\T1/pplx/m/n/10.95 (-20) Added mod-ule \T1/cmtt/m/n/10.95 YukawaPrimitive.lea
n \T1/pplx/m/n/10.95 (-20) with the struc-ture \T1/cmtt/m/n/10.95 PrimitiveInde
composableYukawaCoupling
 []


Overfull \hbox (16.55832pt too wide) in paragraph at lines 1920--1927
[]\T1/pplx/m/n/10.95 (-20) Proved \T1/cmtt/m/n/10.95 finrank_E_eq_three \T1/ppl
x/m/n/10.95 (-20) via the di-men-sion chain $[] \OML/zplm/m/it/10.95 E [] []\OT
1/zplm/m/n/10.95 (^^C[]\OML/zplm/m/it/10.95 E\OT1/zplm/m/n/10.95 )[] [] [] ^^C[
]\OML/zplm/m/it/10.95 E []
 []


Overfull \hbox (35.23169pt too wide) in paragraph at lines 1927--1929
[]\T1/pplx/m/n/10.95 (-20) Proved the con-verse \T1/cmtt/m/n/10.95 ofFinrankEqT
hree \T1/pplx/m/n/10.95 (-20) and the char-ac-ter-i-sa-tion \T1/cmtt/m/n/10.95 
nonempty_iff_finrank_eq_three\T1/pplx/m/n/10.95 (-20) . 
 []


Overfull \hbox (73.97244pt too wide) in paragraph at lines 1929--1931
[]\T1/pplx/m/n/10.95 (-20) Bridged Stage C to Stage B via \T1/cmtt/m/n/10.95 to
YukawaTopForm\T1/pplx/m/n/10.95 (-20) , and tran-si-tively to Stage A via \T1/c
mtt/m/n/10.95 toYukawaRankCertificate\T1/pplx/m/n/10.95 (-20) . 
 []


Overfull \hbox (21.8963pt too wide) in paragraph at lines 1964--1967
[]\T1/pplx/m/n/10.95 (-20) Added mod-ule \T1/cmtt/m/n/10.95 YukawaTopForm.lean 
\T1/pplx/m/n/10.95 (-20) with the struc-ture \T1/cmtt/m/n/10.95 YukawaTopForm K
 E := {topFormEquiv
 []


Overfull \hbox (35.23169pt too wide) in paragraph at lines 1970--1972
[]\T1/pplx/m/n/10.95 (-20) Proved the con-verse \T1/cmtt/m/n/10.95 ofFinrankEqT
hree \T1/pplx/m/n/10.95 (-20) and the char-ac-ter-i-sa-tion \T1/cmtt/m/n/10.95 
nonempty_iff_finrank_eq_three\T1/pplx/m/n/10.95 (-20) . 
 []



[22]
Overfull \hbox (2.16267pt too wide) in paragraph at lines 2019--2027
\T1/cmtt/m/n/10.95 CarrierPremises.carrier_polynomial_Y\T1/pplx/m/n/10.95 (-20)
 , and the top-level \T1/cmtt/m/n/10.95 hypercharge_carrier_packet
 []


Overfull \hbox (6.62572pt too wide) in paragraph at lines 2078--2081
[]\T1/pplx/b/n/10.95 (-20) Higgs cer-tifi-cate from $\U/fplmbb/m/n/10.95 P[]$ \
T1/pplx/b/n/10.95 (-20) co-ho-mol-ogy. \T1/pplx/m/n/10.95 (-20) Build a Lean co
n-struc-tion of \T1/cmtt/m/n/10.95 HiggsIndexCertificate
 []



[23]
Overfull \hbox (52.70232pt too wide) in paragraph at lines 2112--2119
[]\T1/pplx/b/n/10.95 (-20) Derived SM rep-re-sen-ta-tions. \T1/pplx/m/n/10.95 (
-20) Im-ple-ment \T1/cmtt/m/n/10.95 LinearMap.dualHypercharge\T1/pplx/m/n/10.95
 (-20) , \T1/cmtt/m/n/10.95 ExteriorPower.hypercharge\T1/pplx/m/n/10.95 (-20) ,

 []


Overfull \hbox (12.19966pt too wide) in paragraph at lines 2125--2129
[]\T1/pplx/b/n/10.95 (-20) Mathlib up-stream. \T1/pplx/m/n/10.95 (-20) Af-ter (
2) and (4), \T1/cmtt/m/n/10.95 Polarization\T1/pplx/m/n/10.95 (-20) , \T1/cmtt/
m/n/10.95 InvolutionProjectors.toPolarization\T1/pplx/m/n/10.95 (-20) ,
 []


Overfull \hbox (51.80902pt too wide) in paragraph at lines 2140--2142
[]\T1/pplx/m/n/10.95 (-20) Boundary in-vo-lu-tion $\OMS/zplm/m/n/10.95 )$ \T1/p
plx/m/n/10.95 (-20) pro-jec-tors: \T1/cmtt/m/n/10.95 InvolutionProjectors.Carri
erInvolution.toPolarization\T1/pplx/m/n/10.95 (-20) . 
 []


Overfull \hbox (17.46213pt too wide) in paragraph at lines 2144--2146
[]\T1/pplx/m/n/10.95 (-20) General in-te-ger rigid-ity: \T1/cmtt/m/n/10.95 Latt
iceRigidityGeneral.primitive_trace_free_pair_general\T1/pplx/m/n/10.95 (-20) . 

 []


Overfull \hbox (12.87692pt too wide) in paragraph at lines 2146--2148
[]\T1/pplx/m/n/10.95 (-20) Structural trace iden-tity: \T1/cmtt/m/n/10.95 Trace
Projection.trace_linear_combination_of_idempotents\T1/pplx/m/n/10.95 (-20) . 
 []


Overfull \hbox (97.89893pt too wide) in paragraph at lines 2148--2150
[]\T1/pplx/m/n/10.95 (-20) Determinant char-ac-ter, universal-$\OML/zplm/m/it/1
0.95 ^^U$ \T1/pplx/m/n/10.95 (-20) head-line: \T1/cmtt/m/n/10.95 DeterminantCha
racter.trace_zero_of_det_one_forall_rat\T1/pplx/m/n/10.95 (-20) . 
 []


Overfull \hbox (39.92816pt too wide) in paragraph at lines 2150--2152
[]\T1/pplx/m/n/10.95 (-20) Higgs Stage-A dis-charge: \T1/cmtt/m/n/10.95 HiggsIn
dexShadow.HiggsIndexCertificate.finrank_Eplus_eq_two\T1/pplx/m/n/10.95 (-20) . 

 []


Overfull \hbox (101.46225pt too wide) in paragraph at lines 2152--2154
[]\T1/pplx/m/n/10.95 (-20) Yukawa Stage-A dis-charge (rank wit-ness): \T1/cmtt/
m/n/10.95 YukawaRank.YukawaRankCertificate.finrank_Eminus_eq_three\T1/pplx/m/n/
10.95 (-20) . 
 []


Underfull \hbox (badness 10000) in paragraph at lines 2154--2156
[]\T1/pplx/m/n/10.95 (+20) Yukawa Stage-B dis-charge (al-ge-braic top form):
 []


Overfull \hbox (65.03612pt too wide) in paragraph at lines 2156--2158
[]\T1/pplx/m/n/10.95 (-20) Yukawa Stage-B char-ac-ter-i-sa-tion: \T1/cmtt/m/n/1
0.95 YukawaTopForm.YukawaTopForm.nonempty_iff_finrank_eq_three\T1/pplx/m/n/10.9
5 (-20) . 
 []


Overfull \hbox (1.10472pt too wide) in paragraph at lines 2158--2160
[]\T1/pplx/m/n/10.95 (-20) Stage-B $\OMS/zplm/m/n/10.95 !$ \T1/pplx/m/n/10.95 (
-20) Stage-A bridge: \T1/cmtt/m/n/10.95 YukawaTopForm.YukawaTopForm.toYukawaRan
kCertificate\T1/pplx/m/n/10.95 (-20) . 
 []


Overfull \hbox (200.3771pt too wide) in paragraph at lines 2160--2162
[]\T1/pplx/m/n/10.95 (-20) Yukawa Stage-C dis-charge (con-trac-tion iso): \T1/c
mtt/m/n/10.95 YukawaPrimitive.PrimitiveIndecomposableYukawaCoupling.finrank_E_e
q_three\T1/pplx/m/n/10.95 (-20) . 
 []


Overfull \hbox (213.20538pt too wide) in paragraph at lines 2162--2164
[]\T1/pplx/m/n/10.95 (-20) Yukawa Stage-C char-ac-ter-i-sa-tion: \T1/cmtt/m/n/1
0.95 YukawaPrimitive.PrimitiveIndecomposableYukawaCoupling.nonempty_iff_finrank
_eq_three\T1/pplx/m/n/10.95 (-20) . 
 []


Overfull \hbox (102.21495pt too wide) in paragraph at lines 2164--2166
[]\T1/pplx/m/n/10.95 (-20) Stage-C $\OMS/zplm/m/n/10.95 !$ \T1/pplx/m/n/10.95 (
-20) Stage-B bridge: \T1/cmtt/m/n/10.95 YukawaPrimitive.PrimitiveIndecomposable
YukawaCoupling.toYukawaTopForm\T1/pplx/m/n/10.95 (-20) . 
 []


Underfull \hbox (badness 10000) in paragraph at lines 2166--2168
[]\T1/pplx/m/n/10.95 (+20) Yukawa Stage-D pri-mary da-tum and con-structed con-
trac-tion:
 []


Overfull \hbox (73.46254pt too wide) in paragraph at lines 2168--2170
[]\T1/pplx/m/n/10.95 (-20) Stage-D op-er-a-tional pred-i-cates: \T1/cmtt/m/n/10
.95 YukawaTrilinearForm.YukawaTrilinearForm.ContractionInjective
 []


Overfull \hbox (61.63333pt too wide) in paragraph at lines 2170--2175
\T1/pplx/m/n/10.95 (-20) dis-charge un-der \T1/cmtt/m/n/10.95 Nontrivial$\OML/z
plm/m/it/10.95 E$\T1/pplx/m/n/10.95 (-20) : \T1/cmtt/m/n/10.95 YukawaTrilinearF
orm.YukawaTrilinearForm.finrank_E_eq_three
 []


Underfull \hbox (badness 10000) in paragraph at lines 2175--2177
[]\T1/pplx/m/n/10.95 (+20) Stage-D trans-parency form (no \T1/cmtt/m/n/10.95 No
ntrivial\T1/pplx/m/n/10.95 (+20) , $[] \OMS/zplm/m/n/10.95 2 f\OT1/pplx/m/n/10.
95 (+20) 0, 3\OMS/zplm/m/n/10.95 g$\T1/pplx/m/n/10.95 (+20) ):
 []


Overfull \hbox (160.5478pt too wide) in paragraph at lines 2177--2179
[]\T1/pplx/m/n/10.95 (-20) Stage-D $\OMS/zplm/m/n/10.95 !$ \T1/pplx/m/n/10.95 (
-20) Stage-C bridge: \T1/cmtt/m/n/10.95 YukawaTrilinearForm.YukawaTrilinearForm
.toPrimitiveIndecomposableYukawaCoupling\T1/pplx/m/n/10.95 (-20) . 
 []


Overfull \hbox (47.88573pt too wide) in paragraph at lines 2179--2181
[]\T1/pplx/m/n/10.95 (-20) Calderón cer-tifi-cate in-ter-face: \T1/cmtt/m/n/10.
95 CalderonInterface.CalderonCertificate.toCarrierInvolution\T1/pplx/m/n/10.95 
(-20) . 
 []


Underfull \hbox (badness 10000) in paragraph at lines 2181--2183
[]\T1/pplx/m/n/10.95 (+20) Calderón struc-tural deriva-tion (idem-po-tent $\OMS
/zplm/m/n/10.95 )$ \T1/pplx/m/n/10.95 (+20) in-vo-lu-tion):
 []


Underfull \hbox (badness 10000) in paragraph at lines 2183--2187
[]\T1/pplx/m/n/10.95 (+20) Calderón up-stream (v10): bound-ary po-lar-i-sa-tion
 $\OMS/zplm/m/n/10.95 )$ \T1/pplx/m/n/10.95 (+20) idem-po-tent:
 []


Underfull \hbox (badness 10000) in paragraph at lines 2183--2187
\T1/cmtt/m/n/10.95 BoundaryPolarization.BoundaryPolarization.projector_isIdempo
tent \T1/pplx/m/n/10.95 (+20) and
 []


Underfull \hbox (badness 10000) in paragraph at lines 2187--2190
[]\T1/pplx/m/n/10.95 (+20) Higgs Stage B dis-charge (poly-no-mial space $\OMS/z
plm/m/n/10.95 )$ $[] \OML/zplm/m/it/10.95 E[] \OT1/zplm/m/n/10.95 = \OT1/pplx/m
/n/10.95 (+20) 2$\T1/pplx/m/n/10.95 (+20) ):
 []


Overfull \hbox (60.69179pt too wide) in paragraph at lines 2190--2194
[]\T1/pplx/m/n/10.95 (-20) Higgs scheme-cohomology shadow (v10): \T1/cmtt/m/n/1
0.95 HiggsSchemeCohomologyShadow.toDegreeOneTwoVarForm
 []


Underfull \hbox (badness 10000) in paragraph at lines 2190--2194
\T1/pplx/m/n/10.95 (+20) (\T1/cmtt/m/n/10.95 LinearEquiv \T1/pplx/m/n/10.95 (+2
0) be-tween the al-ge-braic shadow and
 []


Overfull \hbox (124.7205pt too wide) in paragraph at lines 2194--2199
[]\T1/pplx/m/n/10.95 (-20) Yukawa Stage D back-ward (v10): \T1/cmtt/m/n/10.95 Y
ukawaStageDExistence.exists_yukawaTrilinearForm_of_finrank_eq_three
 []


Overfull \hbox (146.5773pt too wide) in paragraph at lines 2206--2210
[]\T1/pplx/m/n/10.95 (-20) Seam-winding in-ter-face (v11): \T1/cmtt/m/n/10.95 S
eamWindingInterface.SeamWindingData.toPrimitiveOrientedDeterminantCarrier
 []


Overfull \hbox (170.05977pt too wide) in paragraph at lines 2210--2217
[]\T1/pplx/m/n/10.95 (-20) Boundary Yukawa ker-nel in-ter-face (v11): \T1/cmtt/
m/n/10.95 BoundaryYukawaKernelInterface.BoundaryYukawaKernel.finrank_E_eq_three
\T1/pplx/m/n/10.95 (-20) ,
 []


Underfull \hbox (badness 10000) in paragraph at lines 2217--2222
[]\T1/pplx/m/n/10.95 (+20) Bundled main the-o-rems: \T1/cmtt/m/n/10.95 CarrierP
remises.primitive_pair_eq_sm\T1/pplx/m/n/10.95 (+20) ,
 []


Underfull \hbox (badness 10000) in paragraph at lines 2217--2222
\T1/cmtt/m/n/10.95 CarrierPremises.trace_Y_eq_zero\T1/pplx/m/n/10.95 (+20) , \T
1/cmtt/m/n/10.95 CarrierPremises.carrier_polynomial_Y\T1/pplx/m/n/10.95 (+20) ,

 []



[24]

[25] (/usr/local/texlive/2025/texmf-dist/tex/latex/listings/lstlang1.sty
File: lstlang1.sty 2024/09/23 1.10c listings language file
)
(/usr/local/texlive/2025/texmf-dist/tex/latex/listings/lstlang1.sty
File: lstlang1.sty 2024/09/23 1.10c listings language file
)

[26] (./note_carrier_rigidity_lean4.aux)
 ***********
LaTeX2e <2024-11-01> patch level 2
L3 programming layer <2025-01-18>
 ***********
Package rerunfilecheck Info: File `note_carrier_rigidity_lean4.out' has not cha
nged.
(rerunfilecheck)             Checksum: C4F150C7EBE11CD2BC45928F36C07F0C;1679.
 ) 
Here is how much of TeX's memory you used:
 51381 strings out of 473190
 1175957 string characters out of 5715801
 2004300 words of memory out of 5000000
 72712 multiletter control sequences out of 15000+600000
 728158 words of font info for 908 fonts, out of 8000000 for 9000
 1141 hyphenation exceptions out of 8191
 121i,15n,124p,1024b,2705s stack positions out of 10000i,1000n,20000p,200000b,200000s
</usr/local/texlive/2025/texmf-dist/fonts/type1/public/amsfonts/cm/cmbx10.pfb
></usr/local/texlive/2025/texmf-dist/fonts/type1/public/amsfonts/cm/cmex10.pfb>
</usr/local/texlive/2025/texmf-dist/fonts/type1/public/amsfonts/cm/cmmi10.pfb><
/usr/local/texlive/2025/texmf-dist/fonts/type1/public/amsfonts/cm/cmr10.pfb></u
sr/local/texlive/2025/texmf-dist/fonts/type1/public/amsfonts/cm/cmsy10.pfb></us
r/local/texlive/2025/texmf-dist/fonts/type1/public/mathpazo/fplmbb.pfb></usr/lo
cal/texlive/2025/texmf-dist/fonts/type1/public/mathpazo/fplmr.pfb></usr/local/t
exlive/2025/texmf-dist/fonts/type1/public/mathpazo/fplmri.pfb></usr/local/texli
ve/2025/texmf-dist/fonts/type1/public/cm-super/sfit0800.pfb></usr/local/texlive
/2025/texmf-dist/fonts/type1/public/cm-super/sfit0900.pfb></usr/local/texlive/2
025/texmf-dist/fonts/type1/public/cm-super/sfit1000.pfb></usr/local/texlive/202
5/texmf-dist/fonts/type1/public/cm-super/sfit1095.pfb></usr/local/texlive/2025/
texmf-dist/fonts/type1/public/cm-super/sfti1095.pfb></usr/local/texlive/2025/te
xmf-dist/fonts/type1/public/cm-super/sftt0800.pfb></usr/local/texlive/2025/texm
f-dist/fonts/type1/public/cm-super/sftt0900.pfb></usr/local/texlive/2025/texmf-
dist/fonts/type1/public/cm-super/sftt1000.pfb></usr/local/texlive/2025/texmf-di
st/fonts/type1/public/cm-super/sftt1095.pfb></usr/local/texlive/2025/texmf-dist
/fonts/type1/urw/helvetic/uhvb8a.pfb></usr/local/texlive/2025/texmf-dist/fonts/
type1/urw/helvetic/uhvr8a.pfb></usr/local/texlive/2025/texmf-dist/fonts/type1/u
rw/palatino/uplb8a.pfb></usr/local/texlive/2025/texmf-dist/fonts/type1/urw/pala
tino/uplbi8a.pfb></usr/local/texlive/2025/texmf-dist/fonts/type1/urw/palatino/u
plr8a.pfb></usr/local/texlive/2025/texmf-dist/fonts/type1/urw/palatino/uplri8a.
pfb>
Output written on note_carrier_rigidity_lean4.pdf (26 pages, 505395 bytes).
PDF statistics:
 491 PDF objects out of 1000 (max. 8388607)
 412 compressed objects within 5 object streams
 185 named destinations out of 1000 (max. 500000)
 215149 words of extra memory for PDF output out of 221844 (max. 10000000)

